#
# There is insufficient memory for the Java Runtime Environment to continue.
# Native memory allocation (malloc) failed to allocate 119376 bytes for Chunk::new
# Possible reasons:
#   The system is out of physical RAM or swap space
#   The process is running with CompressedOops enabled, and the Java Heap may be blocking the growth of the native heap
# Possible solutions:
#   Reduce memory load on the system
#   Increase physical memory or swap space
#   Check if swap backing store is full
#   Decrease Java heap size (-Xmx/-Xms)
#   Decrease number of Java threads
#   Decrease Java thread stack sizes (-Xss)
#   Set larger code cache with -XX:ReservedCodeCacheSize=
#   JVM is running with Zero Based Compressed Oops mode in which the Java heap is
#     placed in the first 32GB address space. The Java Heap base address is the
#     maximum limit for the native heap growth. Please use -XX:HeapBaseMinAddress
#     to set the Java Heap base and to place the Java Heap above 32GB virtual address.
# This output file may be truncated or incomplete.
#
#  Out of Memory Error (arena.cpp:184), pid=36188, tid=31988
#
# JRE version: Java(TM) SE Runtime Environment (20.0.2+9) (build 20.0.2+9-78)
# Java VM: Java HotSpot(TM) 64-Bit Server VM (20.0.2+9-78, mixed mode, sharing, tiered, compressed oops, compressed class ptrs, g1 gc, windows-amd64)
# No core dump will be written. Minidumps are not enabled by default on client versions of Windows
#

---------------  S U M M A R Y ------------

Command Line: -ea -Didea.test.cyclic.buffer.size=1048576 -javaagent:C:\Program Files\JetBrains\IntelliJ IDEA 2023.3.6\lib\idea_rt.jar=55988:C:\Program Files\JetBrains\IntelliJ IDEA 2023.3.6\bin -Dfile.encoding=UTF-8 -Dsun.stdout.encoding=UTF-8 -Dsun.stderr.encoding=UTF-8 com.intellij.rt.junit.JUnitStarter -ideVersion5 -junit4 UserServiceTest

Host: Intel(R) Core(TM) i5-10300H CPU @ 2.50GHz, 8 cores, 11G,  Windows 11 , 64 bit Build 22621 (10.0.22621.3085)
Time: Sun Apr 14 02:52:33 2024 RTZ 2 (s 11 , 64 bit Build 22621 (10.0.22621.3085) elapsed time: 0.200767 seconds (0d 0h 0m 0s)

---------------  T H R E A D  ---------------

Current thread (0x000001f17f512d60):  JavaThread "C2 CompilerThread0" daemon [_thread_in_native, id=31988, stack(0x000000b337a00000,0x000000b337b00000)]


Current CompileTask:
C2:    200  590   !   4       java.util.zip.ZipFile$Source::checkAndAddEntry (295 bytes)

Stack: [0x000000b337a00000,0x000000b337b00000]
Native frames: (J=compiled Java code, j=interpreted, Vv=VM code, C=native code)
V  [jvm.dll+0x6bc25a]
V  [jvm.dll+0x84971a]
V  [jvm.dll+0x84b315]
V  [jvm.dll+0x84ba13]
V  [jvm.dll+0x280e4f]
V  [jvm.dll+0xc2ab1]
V  [jvm.dll+0xc2dd5]
V  [jvm.dll+0x2f611f]
V  [jvm.dll+0x5e3b0b]
V  [jvm.dll+0x254684]
V  [jvm.dll+0x24cfa4]
V  [jvm.dll+0x24a819]
V  [jvm.dll+0x1ce761]
V  [jvm.dll+0x25a0eb]
V  [jvm.dll+0x2587c0]
V  [jvm.dll+0x3f2dd5]
V  [jvm.dll+0x7f5c76]
V  [jvm.dll+0x6baecb]
C  [ucrtbase.dll+0x29363]
C  [KERNEL32.DLL+0x1257d]
C  [ntdll.dll+0x5aa58]


---------------  P R O C E S S  ---------------

Threads class SMR info:
_java_thread_list=0x000001f15c81ddc0, length=13, elements={
0x000001f1785d97f0, 0x000001f17f5053c0, 0x000001f17f5061c0, 0x000001f17f507a40,
0x000001f17f5096f0, 0x000001f17f50e050, 0x000001f17f50ebf0, 0x000001f17f512d60,
0x000001f17f51d960, 0x000001f17f4d3830, 0x000001f15c6681d0, 0x000001f15c668720,
0x000001f15c81d4e0
}

Java Threads: ( => current thread )
  0x000001f1785d97f0 JavaThread "main" [_thread_in_vm, id=37084, stack(0x000000b336d00000,0x000000b336e00000)]
  0x000001f17f5053c0 JavaThread "Reference Handler" daemon [_thread_blocked, id=28752, stack(0x000000b337400000,0x000000b337500000)]
  0x000001f17f5061c0 JavaThread "Finalizer" daemon [_thread_blocked, id=29120, stack(0x000000b337500000,0x000000b337600000)]
  0x000001f17f507a40 JavaThread "Signal Dispatcher" daemon [_thread_blocked, id=37388, stack(0x000000b337600000,0x000000b337700000)]
  0x000001f17f5096f0 JavaThread "Attach Listener" daemon [_thread_blocked, id=37352, stack(0x000000b337700000,0x000000b337800000)]
  0x000001f17f50e050 JavaThread "Service Thread" daemon [_thread_blocked, id=37692, stack(0x000000b337800000,0x000000b337900000)]
  0x000001f17f50ebf0 JavaThread "Monitor Deflation Thread" daemon [_thread_blocked, id=37676, stack(0x000000b337900000,0x000000b337a00000)]
=>0x000001f17f512d60 JavaThread "C2 CompilerThread0" daemon [_thread_in_native, id=31988, stack(0x000000b337a00000,0x000000b337b00000)]
  0x000001f17f51d960 JavaThread "C1 CompilerThread0" daemon [_thread_blocked, id=37612, stack(0x000000b337b00000,0x000000b337c00000)]
  0x000001f17f4d3830 JavaThread "Common-Cleaner" daemon [_thread_blocked, id=33016, stack(0x000000b337c00000,0x000000b337d00000)]
  0x000001f15c6681d0 JavaThread "Monitor Ctrl-Break" daemon [_thread_in_native, id=9896, stack(0x000000b337d00000,0x000000b337e00000)]
  0x000001f15c668720 JavaThread "Notification Thread" daemon [_thread_blocked, id=37608, stack(0x000000b337e00000,0x000000b337f00000)]
  0x000001f15c81d4e0 JavaThread "C2 CompilerThread1" daemon [_thread_blocked, id=37280, stack(0x000000b338000000,0x000000b338100000)]

Other Threads:
  0x000001f17f4e1c50 VMThread "VM Thread" [stack: 0x000000b337300000,0x000000b337400000] [id=27928]
  0x000001f15c5a7f00 WatcherThread "VM Periodic Task Thread" [stack: 0x000000b337f00000,0x000000b338000000] [id=36992]
  0x000001f1786360a0 WorkerThread "GC Thread#0" [stack: 0x000000b336e00000,0x000000b336f00000] [id=37336]
  0x000001f178643eb0 ConcurrentGCThread "G1 Main Marker" [stack: 0x000000b336f00000,0x000000b337000000] [id=37272]
  0x000001f178645080 WorkerThread "G1 Conc#0" [stack: 0x000000b337000000,0x000000b337100000] [id=37524]
  0x000001f17f3a2420 ConcurrentGCThread "G1 Refine#0" [stack: 0x000000b337100000,0x000000b337200000] [id=37448]
  0x000001f17f3a2cd0 ConcurrentGCThread "G1 Service" [stack: 0x000000b337200000,0x000000b337300000] [id=37548]

Threads with active compile tasks:
C2 CompilerThread0      216  590   !   4       java.util.zip.ZipFile$Source::checkAndAddEntry (295 bytes)

VM state: not at safepoint (normal execution)

VM Mutex/Monitor currently owned by a thread:  ([mutex/lock_event])
[0x000001f1785c86a0] Metaspace_lock - owner thread: 0x000001f1785d97f0

OutOfMemory and StackOverflow Exception counts:
OutOfMemoryError java_heap_errors=1
LinkageErrors=10

Heap address: 0x0000000742a00000, size: 3030 MB, Compressed Oops mode: Zero based, Oop shift amount: 3

CDS archive(s) mapped at: [0x000001f117400000-0x000001f118060000-0x000001f118060000), size 12976128, SharedBaseAddress: 0x000001f117400000, ArchiveRelocationMode: 1.
Compressed class space mapped at: 0x000001f118400000-0x000001f158400000, reserved size: 1073741824
Narrow klass base: 0x000001f117400000, Narrow klass shift: 0, Narrow klass range: 0x100000000

GC Precious Log:
 CardTable entry size: 512
 Card Set container configuration: InlinePtr #cards 4 size 8 Array Of Cards #cards 16 size 48 Howl #buckets 8 coarsen threshold 3686 Howl Bitmap #cards 512 size 80 coarsen threshold 460 Card regions per heap region 1 cards per card region 4096
 CPUs: 8 total, 8 available
 Memory: 12119M
 Large Page Support: Disabled
 NUMA Support: Disabled
 Compressed Oops: Enabled (Zero based)
 Heap Region Size: 2M
 Heap Min Capacity: 8M
 Heap Initial Capacity: 190M
 Heap Max Capacity: 3030M
 Pre-touch: Disabled
 Parallel Workers: 8
 Concurrent Workers: 2
 Concurrent Refinement Workers: 8
 Periodic GC: Disabled

Heap:
 garbage-first heap   total 194560K, used 6144K [0x0000000742a00000, 0x0000000800000000)
  region size 2048K, 4 young (8192K), 0 survivors (0K)
 Metaspace       used 2274K, committed 2432K, reserved 1114112K
  class space    used 240K, committed 320K, reserved 1048576K

Heap Regions: E=young(eden), S=young(survivor), O=old, HS=humongous(starts), HC=humongous(continues), CS=collection set, F=free, OA=open archive, CA=closed archive, TAMS=top-at-mark-start, PB=parsable bottom
|   0|0x0000000742a00000, 0x0000000742a00000, 0x0000000742c00000|  0%| F|  |TAMS 0x0000000742a00000| PB 0x0000000742a00000| Untracked 
|   1|0x0000000742c00000, 0x0000000742c00000, 0x0000000742e00000|  0%| F|  |TAMS 0x0000000742c00000| PB 0x0000000742c00000| Untracked 
|   2|0x0000000742e00000, 0x0000000742e00000, 0x0000000743000000|  0%| F|  |TAMS 0x0000000742e00000| PB 0x0000000742e00000| Untracked 
|   3|0x0000000743000000, 0x0000000743000000, 0x0000000743200000|  0%| F|  |TAMS 0x0000000743000000| PB 0x0000000743000000| Untracked 
|   4|0x0000000743200000, 0x0000000743200000, 0x0000000743400000|  0%| F|  |TAMS 0x0000000743200000| PB 0x0000000743200000| Untracked 
|   5|0x0000000743400000, 0x0000000743400000, 0x0000000743600000|  0%| F|  |TAMS 0x0000000743400000| PB 0x0000000743400000| Untracked 
|   6|0x0000000743600000, 0x0000000743600000, 0x0000000743800000|  0%| F|  |TAMS 0x0000000743600000| PB 0x0000000743600000| Untracked 
|   7|0x0000000743800000, 0x0000000743800000, 0x0000000743a00000|  0%| F|  |TAMS 0x0000000743800000| PB 0x0000000743800000| Untracked 
|   8|0x0000000743a00000, 0x0000000743a00000, 0x0000000743c00000|  0%| F|  |TAMS 0x0000000743a00000| PB 0x0000000743a00000| Untracked 
|   9|0x0000000743c00000, 0x0000000743c00000, 0x0000000743e00000|  0%| F|  |TAMS 0x0000000743c00000| PB 0x0000000743c00000| Untracked 
|  10|0x0000000743e00000, 0x0000000743e00000, 0x0000000744000000|  0%| F|  |TAMS 0x0000000743e00000| PB 0x0000000743e00000| Untracked 
|  11|0x0000000744000000, 0x0000000744000000, 0x0000000744200000|  0%| F|  |TAMS 0x0000000744000000| PB 0x0000000744000000| Untracked 
|  12|0x0000000744200000, 0x0000000744200000, 0x0000000744400000|  0%| F|  |TAMS 0x0000000744200000| PB 0x0000000744200000| Untracked 
|  13|0x0000000744400000, 0x0000000744400000, 0x0000000744600000|  0%| F|  |TAMS 0x0000000744400000| PB 0x0000000744400000| Untracked 
|  14|0x0000000744600000, 0x0000000744600000, 0x0000000744800000|  0%| F|  |TAMS 0x0000000744600000| PB 0x0000000744600000| Untracked 
|  15|0x0000000744800000, 0x0000000744800000, 0x0000000744a00000|  0%| F|  |TAMS 0x0000000744800000| PB 0x0000000744800000| Untracked 
|  16|0x0000000744a00000, 0x0000000744a00000, 0x0000000744c00000|  0%| F|  |TAMS 0x0000000744a00000| PB 0x0000000744a00000| Untracked 
|  17|0x0000000744c00000, 0x0000000744c00000, 0x0000000744e00000|  0%| F|  |TAMS 0x0000000744c00000| PB 0x0000000744c00000| Untracked 
|  18|0x0000000744e00000, 0x0000000744e00000, 0x0000000745000000|  0%| F|  |TAMS 0x0000000744e00000| PB 0x0000000744e00000| Untracked 
|  19|0x0000000745000000, 0x0000000745000000, 0x0000000745200000|  0%| F|  |TAMS 0x0000000745000000| PB 0x0000000745000000| Untracked 
|  20|0x0000000745200000, 0x0000000745200000, 0x0000000745400000|  0%| F|  |TAMS 0x0000000745200000| PB 0x0000000745200000| Untracked 
|  21|0x0000000745400000, 0x0000000745400000, 0x0000000745600000|  0%| F|  |TAMS 0x0000000745400000| PB 0x0000000745400000| Untracked 
|  22|0x0000000745600000, 0x0000000745600000, 0x0000000745800000|  0%| F|  |TAMS 0x0000000745600000| PB 0x0000000745600000| Untracked 
|  23|0x0000000745800000, 0x0000000745800000, 0x0000000745a00000|  0%| F|  |TAMS 0x0000000745800000| PB 0x0000000745800000| Untracked 
|  24|0x0000000745a00000, 0x0000000745a00000, 0x0000000745c00000|  0%| F|  |TAMS 0x0000000745a00000| PB 0x0000000745a00000| Untracked 
|  25|0x0000000745c00000, 0x0000000745c00000, 0x0000000745e00000|  0%| F|  |TAMS 0x0000000745c00000| PB 0x0000000745c00000| Untracked 
|  26|0x0000000745e00000, 0x0000000745e00000, 0x0000000746000000|  0%| F|  |TAMS 0x0000000745e00000| PB 0x0000000745e00000| Untracked 
|  27|0x0000000746000000, 0x0000000746000000, 0x0000000746200000|  0%| F|  |TAMS 0x0000000746000000| PB 0x0000000746000000| Untracked 
|  28|0x0000000746200000, 0x0000000746200000, 0x0000000746400000|  0%| F|  |TAMS 0x0000000746200000| PB 0x0000000746200000| Untracked 
|  29|0x0000000746400000, 0x0000000746400000, 0x0000000746600000|  0%| F|  |TAMS 0x0000000746400000| PB 0x0000000746400000| Untracked 
|  30|0x0000000746600000, 0x0000000746600000, 0x0000000746800000|  0%| F|  |TAMS 0x0000000746600000| PB 0x0000000746600000| Untracked 
|  31|0x0000000746800000, 0x0000000746800000, 0x0000000746a00000|  0%| F|  |TAMS 0x0000000746800000| PB 0x0000000746800000| Untracked 
|  32|0x0000000746a00000, 0x0000000746a00000, 0x0000000746c00000|  0%| F|  |TAMS 0x0000000746a00000| PB 0x0000000746a00000| Untracked 
|  33|0x0000000746c00000, 0x0000000746c00000, 0x0000000746e00000|  0%| F|  |TAMS 0x0000000746c00000| PB 0x0000000746c00000| Untracked 
|  34|0x0000000746e00000, 0x0000000746e00000, 0x0000000747000000|  0%| F|  |TAMS 0x0000000746e00000| PB 0x0000000746e00000| Untracked 
|  35|0x0000000747000000, 0x0000000747000000, 0x0000000747200000|  0%| F|  |TAMS 0x0000000747000000| PB 0x0000000747000000| Untracked 
|  36|0x0000000747200000, 0x0000000747200000, 0x0000000747400000|  0%| F|  |TAMS 0x0000000747200000| PB 0x0000000747200000| Untracked 
|  37|0x0000000747400000, 0x0000000747400000, 0x0000000747600000|  0%| F|  |TAMS 0x0000000747400000| PB 0x0000000747400000| Untracked 
|  38|0x0000000747600000, 0x0000000747600000, 0x0000000747800000|  0%| F|  |TAMS 0x0000000747600000| PB 0x0000000747600000| Untracked 
|  39|0x0000000747800000, 0x0000000747800000, 0x0000000747a00000|  0%| F|  |TAMS 0x0000000747800000| PB 0x0000000747800000| Untracked 
|  40|0x0000000747a00000, 0x0000000747a00000, 0x0000000747c00000|  0%| F|  |TAMS 0x0000000747a00000| PB 0x0000000747a00000| Untracked 
|  41|0x0000000747c00000, 0x0000000747c00000, 0x0000000747e00000|  0%| F|  |TAMS 0x0000000747c00000| PB 0x0000000747c00000| Untracked 
|  42|0x0000000747e00000, 0x0000000747e00000, 0x0000000748000000|  0%| F|  |TAMS 0x0000000747e00000| PB 0x0000000747e00000| Untracked 
|  43|0x0000000748000000, 0x0000000748000000, 0x0000000748200000|  0%| F|  |TAMS 0x0000000748000000| PB 0x0000000748000000| Untracked 
|  44|0x0000000748200000, 0x0000000748200000, 0x0000000748400000|  0%| F|  |TAMS 0x0000000748200000| PB 0x0000000748200000| Untracked 
|  45|0x0000000748400000, 0x0000000748400000, 0x0000000748600000|  0%| F|  |TAMS 0x0000000748400000| PB 0x0000000748400000| Untracked 
|  46|0x0000000748600000, 0x0000000748600000, 0x0000000748800000|  0%| F|  |TAMS 0x0000000748600000| PB 0x0000000748600000| Untracked 
|  47|0x0000000748800000, 0x0000000748800000, 0x0000000748a00000|  0%| F|  |TAMS 0x0000000748800000| PB 0x0000000748800000| Untracked 
|  48|0x0000000748a00000, 0x0000000748a00000, 0x0000000748c00000|  0%| F|  |TAMS 0x0000000748a00000| PB 0x0000000748a00000| Untracked 
|  49|0x0000000748c00000, 0x0000000748c00000, 0x0000000748e00000|  0%| F|  |TAMS 0x0000000748c00000| PB 0x0000000748c00000| Untracked 
|  50|0x0000000748e00000, 0x0000000748e00000, 0x0000000749000000|  0%| F|  |TAMS 0x0000000748e00000| PB 0x0000000748e00000| Untracked 
|  51|0x0000000749000000, 0x0000000749000000, 0x0000000749200000|  0%| F|  |TAMS 0x0000000749000000| PB 0x0000000749000000| Untracked 
|  52|0x0000000749200000, 0x0000000749200000, 0x0000000749400000|  0%| F|  |TAMS 0x0000000749200000| PB 0x0000000749200000| Untracked 
|  53|0x0000000749400000, 0x0000000749400000, 0x0000000749600000|  0%| F|  |TAMS 0x0000000749400000| PB 0x0000000749400000| Untracked 
|  54|0x0000000749600000, 0x0000000749600000, 0x0000000749800000|  0%| F|  |TAMS 0x0000000749600000| PB 0x0000000749600000| Untracked 
|  55|0x0000000749800000, 0x0000000749800000, 0x0000000749a00000|  0%| F|  |TAMS 0x0000000749800000| PB 0x0000000749800000| Untracked 
|  56|0x0000000749a00000, 0x0000000749a00000, 0x0000000749c00000|  0%| F|  |TAMS 0x0000000749a00000| PB 0x0000000749a00000| Untracked 
|  57|0x0000000749c00000, 0x0000000749c00000, 0x0000000749e00000|  0%| F|  |TAMS 0x0000000749c00000| PB 0x0000000749c00000| Untracked 
|  58|0x0000000749e00000, 0x0000000749e00000, 0x000000074a000000|  0%| F|  |TAMS 0x0000000749e00000| PB 0x0000000749e00000| Untracked 
|  59|0x000000074a000000, 0x000000074a000000, 0x000000074a200000|  0%| F|  |TAMS 0x000000074a000000| PB 0x000000074a000000| Untracked 
|  60|0x000000074a200000, 0x000000074a200000, 0x000000074a400000|  0%| F|  |TAMS 0x000000074a200000| PB 0x000000074a200000| Untracked 
|  61|0x000000074a400000, 0x000000074a400000, 0x000000074a600000|  0%| F|  |TAMS 0x000000074a400000| PB 0x000000074a400000| Untracked 
|  62|0x000000074a600000, 0x000000074a600000, 0x000000074a800000|  0%| F|  |TAMS 0x000000074a600000| PB 0x000000074a600000| Untracked 
|  63|0x000000074a800000, 0x000000074a800000, 0x000000074aa00000|  0%| F|  |TAMS 0x000000074a800000| PB 0x000000074a800000| Untracked 
|  64|0x000000074aa00000, 0x000000074aa00000, 0x000000074ac00000|  0%| F|  |TAMS 0x000000074aa00000| PB 0x000000074aa00000| Untracked 
|  65|0x000000074ac00000, 0x000000074ac00000, 0x000000074ae00000|  0%| F|  |TAMS 0x000000074ac00000| PB 0x000000074ac00000| Untracked 
|  66|0x000000074ae00000, 0x000000074ae00000, 0x000000074b000000|  0%| F|  |TAMS 0x000000074ae00000| PB 0x000000074ae00000| Untracked 
|  67|0x000000074b000000, 0x000000074b000000, 0x000000074b200000|  0%| F|  |TAMS 0x000000074b000000| PB 0x000000074b000000| Untracked 
|  68|0x000000074b200000, 0x000000074b200000, 0x000000074b400000|  0%| F|  |TAMS 0x000000074b200000| PB 0x000000074b200000| Untracked 
|  69|0x000000074b400000, 0x000000074b400000, 0x000000074b600000|  0%| F|  |TAMS 0x000000074b400000| PB 0x000000074b400000| Untracked 
|  70|0x000000074b600000, 0x000000074b600000, 0x000000074b800000|  0%| F|  |TAMS 0x000000074b600000| PB 0x000000074b600000| Untracked 
|  71|0x000000074b800000, 0x000000074b800000, 0x000000074ba00000|  0%| F|  |TAMS 0x000000074b800000| PB 0x000000074b800000| Untracked 
|  72|0x000000074ba00000, 0x000000074ba00000, 0x000000074bc00000|  0%| F|  |TAMS 0x000000074ba00000| PB 0x000000074ba00000| Untracked 
|  73|0x000000074bc00000, 0x000000074bc00000, 0x000000074be00000|  0%| F|  |TAMS 0x000000074bc00000| PB 0x000000074bc00000| Untracked 
|  74|0x000000074be00000, 0x000000074be00000, 0x000000074c000000|  0%| F|  |TAMS 0x000000074be00000| PB 0x000000074be00000| Untracked 
|  75|0x000000074c000000, 0x000000074c000000, 0x000000074c200000|  0%| F|  |TAMS 0x000000074c000000| PB 0x000000074c000000| Untracked 
|  76|0x000000074c200000, 0x000000074c200000, 0x000000074c400000|  0%| F|  |TAMS 0x000000074c200000| PB 0x000000074c200000| Untracked 
|  77|0x000000074c400000, 0x000000074c400000, 0x000000074c600000|  0%| F|  |TAMS 0x000000074c400000| PB 0x000000074c400000| Untracked 
|  78|0x000000074c600000, 0x000000074c600000, 0x000000074c800000|  0%| F|  |TAMS 0x000000074c600000| PB 0x000000074c600000| Untracked 
|  79|0x000000074c800000, 0x000000074c800000, 0x000000074ca00000|  0%| F|  |TAMS 0x000000074c800000| PB 0x000000074c800000| Untracked 
|  80|0x000000074ca00000, 0x000000074ca00000, 0x000000074cc00000|  0%| F|  |TAMS 0x000000074ca00000| PB 0x000000074ca00000| Untracked 
|  81|0x000000074cc00000, 0x000000074cc00000, 0x000000074ce00000|  0%| F|  |TAMS 0x000000074cc00000| PB 0x000000074cc00000| Untracked 
|  82|0x000000074ce00000, 0x000000074ce00000, 0x000000074d000000|  0%| F|  |TAMS 0x000000074ce00000| PB 0x000000074ce00000| Untracked 
|  83|0x000000074d000000, 0x000000074d000000, 0x000000074d200000|  0%| F|  |TAMS 0x000000074d000000| PB 0x000000074d000000| Untracked 
|  84|0x000000074d200000, 0x000000074d200000, 0x000000074d400000|  0%| F|  |TAMS 0x000000074d200000| PB 0x000000074d200000| Untracked 
|  85|0x000000074d400000, 0x000000074d400000, 0x000000074d600000|  0%| F|  |TAMS 0x000000074d400000| PB 0x000000074d400000| Untracked 
|  86|0x000000074d600000, 0x000000074d600000, 0x000000074d800000|  0%| F|  |TAMS 0x000000074d600000| PB 0x000000074d600000| Untracked 
|  87|0x000000074d800000, 0x000000074d800000, 0x000000074da00000|  0%| F|  |TAMS 0x000000074d800000| PB 0x000000074d800000| Untracked 
|  88|0x000000074da00000, 0x000000074da00000, 0x000000074dc00000|  0%| F|  |TAMS 0x000000074da00000| PB 0x000000074da00000| Untracked 
|  89|0x000000074dc00000, 0x000000074dc00000, 0x000000074de00000|  0%| F|  |TAMS 0x000000074dc00000| PB 0x000000074dc00000| Untracked 
|  90|0x000000074de00000, 0x000000074de00000, 0x000000074e000000|  0%| F|  |TAMS 0x000000074de00000| PB 0x000000074de00000| Untracked 
|  91|0x000000074e000000, 0x000000074e200000, 0x000000074e200000|100%| E|  |TAMS 0x000000074e000000| PB 0x000000074e000000| Complete 
|  92|0x000000074e200000, 0x000000074e400000, 0x000000074e400000|100%| E|CS|TAMS 0x000000074e200000| PB 0x000000074e200000| Complete 
|  93|0x000000074e400000, 0x000000074e600000, 0x000000074e600000|100%| E|CS|TAMS 0x000000074e400000| PB 0x000000074e400000| Complete 
|  94|0x000000074e600000, 0x000000074e800000, 0x000000074e800000|100%| E|CS|TAMS 0x000000074e600000| PB 0x000000074e600000| Complete 

Card table byte_map: [0x000001f178f90000,0x000001f179580000] _byte_map_base: 0x000001f17557b000

Marking Bits: (CMBitMap*) 0x000001f1786366d0
 Bits: [0x000001f179b70000, 0x000001f17cac8000)

Polling page: 0x000001f1764e0000

Metaspace:

Usage:
  Non-class:      1.99 MB used.
      Class:    240.53 KB used.
       Both:      2.22 MB used.

Virtual space:
  Non-class space:       64.00 MB reserved,       2.06 MB (  3%) committed,  1 nodes.
      Class space:        1.00 GB reserved,     320.00 KB ( <1%) committed,  1 nodes.
             Both:        1.06 GB reserved,       2.38 MB ( <1%) committed. 

Chunk freelists:
   Non-Class:  3.41 MB
       Class:  3.62 MB
        Both:  7.03 MB

MaxMetaspaceSize: unlimited
CompressedClassSpaceSize: 1.00 GB
Initial GC threshold: 21.00 MB
Current GC threshold: 21.00 MB
CDS: on
MetaspaceReclaimPolicy: balanced
 - commit_granule_bytes: 65536.
 - commit_granule_words: 8192.
 - virtual_space_node_default_size: 8388608.
 - enlarge_chunks_in_place: 1.
 - new_chunks_are_fully_committed: 0.
 - uncommit_free_chunks: 1.
 - use_allocation_guard: 0.


Internal statistics:

num_allocs_failed_limit: 0.
num_arena_births: 70.
num_arena_deaths: 0.
num_vsnodes_births: 2.
num_vsnodes_deaths: 0.
num_space_committed: 38.
num_space_uncommitted: 0.
num_chunks_returned_to_freelist: 0.
num_chunks_taken_from_freelist: 117.
num_chunk_merges: 0.
num_chunk_splits: 76.
num_chunks_enlarged: 49.
num_inconsistent_stats: 0.

CodeHeap 'non-profiled nmethods': size=120000Kb used=188Kb max_used=188Kb free=119811Kb
 bounds [0x000001f10fae0000, 0x000001f10fd50000, 0x000001f117010000]
CodeHeap 'profiled nmethods': size=120000Kb used=835Kb max_used=835Kb free=119164Kb
 bounds [0x000001f108010000, 0x000001f108280000, 0x000001f10f540000]
CodeHeap 'non-nmethods': size=5760Kb used=1386Kb max_used=1400Kb free=4373Kb
 bounds [0x000001f10f540000, 0x000001f10f7b0000, 0x000001f10fae0000]
 total_blobs=1030 nmethods=596 adapters=345
 compilation: enabled
              stopped_count=0, restarted_count=0
 full_count=0

Compilation events (20 events):
Event: 0.192 Thread 0x000001f17f51d960 nmethod 579 0x000001f1080dd890 code [0x000001f1080dda20, 0x000001f1080ddb58]
Event: 0.192 Thread 0x000001f17f51d960  580   !   3       java.io.RandomAccessFile::readBytes (32 bytes)
Event: 0.193 Thread 0x000001f17f51d960 nmethod 580 0x000001f1080ddc10 code [0x000001f1080dddc0, 0x000001f1080ddfd0]
Event: 0.193 Thread 0x000001f17f51d960  584   !   3       java.io.RandomAccessFile::seek (42 bytes)
Event: 0.193 Thread 0x000001f17f51d960 nmethod 584 0x000001f1080de110 code [0x000001f1080de2e0, 0x000001f1080de5f8]
Event: 0.194 Thread 0x000001f17f512d60 nmethod 578 0x000001f10fb0c510 code [0x000001f10fb0c6a0, 0x000001f10fb0caf8]
Event: 0.194 Thread 0x000001f17f512d60  582       4       java.util.zip.ZipCoder$UTF8ZipCoder::checkedHash (91 bytes)
Event: 0.194 Thread 0x000001f17f51d960  587       3       java.io.RandomAccessFile::readFully (45 bytes)
Event: 0.194 Thread 0x000001f17f51d960 nmethod 587 0x000001f1080de790 code [0x000001f1080de940, 0x000001f1080decb0]
Event: 0.197 Thread 0x000001f17f512d60 nmethod 582 0x000001f10fb0cc90 code [0x000001f10fb0ce00, 0x000001f10fb0d0a0]
Event: 0.197 Thread 0x000001f17f512d60  586       4       java.lang.StringLatin1::canEncode (13 bytes)
Event: 0.197 Thread 0x000001f17f512d60 nmethod 586 0x000001f10fb0d210 code [0x000001f10fb0d380, 0x000001f10fb0d400]
Event: 0.197 Thread 0x000001f17f512d60  589       4       java.util.zip.ZipFile$Source::zipCoderForPos (39 bytes)
Event: 0.197 Thread 0x000001f17f512d60 nmethod 589 0x000001f10fb0d510 code [0x000001f10fb0d680, 0x000001f10fb0d748]
Event: 0.197 Thread 0x000001f17f512d60  590   !   4       java.util.zip.ZipFile$Source::checkAndAddEntry (295 bytes)
Event: 0.197 Thread 0x000001f15c81d4e0  591       4       java.util.zip.ZipFile$Source::isMetaName (141 bytes)
Event: 0.198 Thread 0x000001f15c81d4e0 nmethod 591 0x000001f10fb0d810 code [0x000001f10fb0d980, 0x000001f10fb0db30]
Event: 0.198 Thread 0x000001f15c81d4e0  593       4       java.lang.Math::max (11 bytes)
Event: 0.199 Thread 0x000001f15c81d4e0 nmethod 593 0x000001f10fb0dc10 code [0x000001f10fb0dd80, 0x000001f10fb0ddf8]
Event: 0.199 Thread 0x000001f15c81d4e0  592       4       java.util.zip.ZipFile$Source::nextEntryPos (22 bytes)

GC Heap History (0 events):
No events

Dll operation events (11 events):
Event: 0.009 Loaded shared library C:\Program Files\Java\jdk-20\bin\java.dll
Event: 0.029 Loaded shared library C:\Program Files\Java\jdk-20\bin\jsvml.dll
Event: 0.080 Loaded shared library C:\Program Files\Java\jdk-20\bin\zip.dll
Event: 0.083 Loaded shared library C:\Program Files\Java\jdk-20\bin\instrument.dll
Event: 0.085 Loaded shared library C:\Program Files\Java\jdk-20\bin\net.dll
Event: 0.087 Loaded shared library C:\Program Files\Java\jdk-20\bin\nio.dll
Event: 0.089 Loaded shared library C:\Program Files\Java\jdk-20\bin\zip.dll
Event: 0.095 Loaded shared library C:\Program Files\JetBrains\IntelliJ IDEA 2023.3.6\bin\breakgen64.dll
Event: 0.100 Loaded shared library C:\Program Files\Java\jdk-20\bin\extnet.dll
Event: 0.101 Loaded shared library C:\Program Files\Java\jdk-20\bin\verify.dll
Event: 0.183 Loaded shared library C:\Program Files\Java\jdk-20\bin\jimage.dll

Deoptimization events (20 events):
Event: 0.168 Thread 0x000001f1785d97f0 Uncommon trap: trap_request=0xffffffbe fr.pc=0x000001f10fafea2c relative=0x000000000000042c
Event: 0.168 Thread 0x000001f1785d97f0 Uncommon trap: reason=profile_predicate action=maybe_recompile pc=0x000001f10fafea2c method=java.lang.StringLatin1.indexOf([BI[BII)I @ 18 c2
Event: 0.168 Thread 0x000001f1785d97f0 DEOPT PACKING pc=0x000001f10fafea2c sp=0x000000b336dfee30
Event: 0.168 Thread 0x000001f1785d97f0 DEOPT UNPACKING pc=0x000001f10f5a9d22 sp=0x000000b336dfed90 mode 2
Event: 0.168 Thread 0x000001f1785d97f0 Uncommon trap: trap_request=0xffffffbe fr.pc=0x000001f10fafea2c relative=0x000000000000042c
Event: 0.168 Thread 0x000001f1785d97f0 Uncommon trap: reason=profile_predicate action=maybe_recompile pc=0x000001f10fafea2c method=java.lang.StringLatin1.indexOf([BI[BII)I @ 18 c2
Event: 0.168 Thread 0x000001f1785d97f0 DEOPT PACKING pc=0x000001f10fafea2c sp=0x000000b336dfeee0
Event: 0.168 Thread 0x000001f1785d97f0 DEOPT UNPACKING pc=0x000001f10f5a9d22 sp=0x000000b336dfee40 mode 2
Event: 0.168 Thread 0x000001f1785d97f0 Uncommon trap: trap_request=0xffffffbe fr.pc=0x000001f10fafea2c relative=0x000000000000042c
Event: 0.168 Thread 0x000001f1785d97f0 Uncommon trap: reason=profile_predicate action=maybe_recompile pc=0x000001f10fafea2c method=java.lang.StringLatin1.indexOf([BI[BII)I @ 18 c2
Event: 0.168 Thread 0x000001f1785d97f0 DEOPT PACKING pc=0x000001f10fafea2c sp=0x000000b336dfee30
Event: 0.168 Thread 0x000001f1785d97f0 DEOPT UNPACKING pc=0x000001f10f5a9d22 sp=0x000000b336dfed90 mode 2
Event: 0.168 Thread 0x000001f1785d97f0 Uncommon trap: trap_request=0xffffffbe fr.pc=0x000001f10fafea2c relative=0x000000000000042c
Event: 0.168 Thread 0x000001f1785d97f0 Uncommon trap: reason=profile_predicate action=maybe_recompile pc=0x000001f10fafea2c method=java.lang.StringLatin1.indexOf([BI[BII)I @ 18 c2
Event: 0.168 Thread 0x000001f1785d97f0 DEOPT PACKING pc=0x000001f10fafea2c sp=0x000000b336dfeee0
Event: 0.168 Thread 0x000001f1785d97f0 DEOPT UNPACKING pc=0x000001f10f5a9d22 sp=0x000000b336dfee40 mode 2
Event: 0.169 Thread 0x000001f1785d97f0 Uncommon trap: trap_request=0xffffffbe fr.pc=0x000001f10faf9b78 relative=0x0000000000000358
Event: 0.169 Thread 0x000001f1785d97f0 Uncommon trap: reason=profile_predicate action=maybe_recompile pc=0x000001f10faf9b78 method=java.lang.StringLatin1.indexOf([BI[BII)I @ 30 c2
Event: 0.169 Thread 0x000001f1785d97f0 DEOPT PACKING pc=0x000001f10faf9b78 sp=0x000000b336dfeec0
Event: 0.169 Thread 0x000001f1785d97f0 DEOPT UNPACKING pc=0x000001f10f5a9d22 sp=0x000000b336dfee50 mode 2

Classes loaded (20 events):
Event: 0.175 Loading class java/io/ObjectOutputStream
Event: 0.175 Loading class java/io/ObjectOutput
Event: 0.175 Loading class java/io/ObjectOutput done
Event: 0.175 Loading class java/io/ObjectStreamConstants
Event: 0.175 Loading class java/io/ObjectStreamConstants done
Event: 0.175 Loading class java/io/ObjectOutputStream done
Event: 0.175 Loading class java/io/ObjectInputStream
Event: 0.175 Loading class java/io/ObjectInput
Event: 0.175 Loading class java/io/ObjectInput done
Event: 0.175 Loading class java/io/ObjectInputStream done
Event: 0.176 Loading class java/io/ClassCache$CacheRef
Event: 0.176 Loading class java/io/ClassCache$CacheRef done
Event: 0.176 Loading class java/io/ObjectStreamClass$FieldReflectorKey
Event: 0.176 Loading class java/io/ObjectStreamClass$FieldReflectorKey done
Event: 0.176 Loading class java/io/ObjectStreamClass$FieldReflector
Event: 0.176 Loading class java/io/ObjectStreamClass$FieldReflector done
Event: 0.182 Loading class jdk/internal/module/ModulePatcher$PatchedModuleReader
Event: 0.182 Loading class jdk/internal/module/ModulePatcher$PatchedModuleReader done
Event: 0.183 Loading class sun/net/www/protocol/jrt/Handler
Event: 0.183 Loading class sun/net/www/protocol/jrt/Handler done

Classes unloaded (0 events):
No events

Classes redefined (0 events):
No events

Internal exceptions (11 events):
Event: 0.090 Thread 0x000001f1785d97f0 Exception <a 'java/lang/NoSuchMethodError'{0x000000074e4cd790}: 'void java.lang.invoke.DirectMethodHandle$Holder.invokeStatic(java.lang.Object, java.lang.Object, java.lang.Object)'> (0x000000074e4cd790) 
thrown [s\open\src\hotspot\share\interpreter\linkResolver.cpp, line 773]
Event: 0.092 Thread 0x000001f1785d97f0 Exception <a 'java/lang/NoSuchMethodError'{0x000000074e4e4f48}: 'java.lang.Object java.lang.invoke.Invokers$Holder.invokeExact_MT(java.lang.Object, java.lang.Object, java.lang.Object, java.lang.Object, java.lang.Object)'> (0x000000074e4e4f48) 
thrown [s\open\src\hotspot\share\interpreter\linkResolver.cpp, line 773]
Event: 0.101 Thread 0x000001f15c6681d0 Exception <a 'java/lang/NoSuchMethodError'{0x000000074e559c18}: 'void java.lang.invoke.DirectMethodHandle$Holder.invokeStatic(java.lang.Object, java.lang.Object)'> (0x000000074e559c18) 
thrown [s\open\src\hotspot\share\interpreter\linkResolver.cpp, line 773]
Event: 0.106 Thread 0x000001f1785d97f0 Exception <a 'java/io/FileNotFoundException'{0x000000074e53cf08}> (0x000000074e53cf08) 
thrown [s\open\src\hotspot\share\prims\jni.cpp, line 519]
Event: 0.145 Thread 0x000001f1785d97f0 Exception <a 'java/lang/NoSuchMethodError'{0x000000074e2d8e90}: 'java.lang.Object java.lang.invoke.DirectMethodHandle$Holder.invokeInterface(java.lang.Object, java.lang.Object)'> (0x000000074e2d8e90) 
thrown [s\open\src\hotspot\share\interpreter\linkResolver.cpp, line 773]
Event: 0.146 Thread 0x000001f1785d97f0 Exception <a 'java/lang/IncompatibleClassChangeError'{0x000000074e2dc3a8}: Found class java.lang.Object, but interface was expected> (0x000000074e2dc3a8) 
thrown [s\open\src\hotspot\share\interpreter\linkResolver.cpp, line 840]
Event: 0.156 Thread 0x000001f1785d97f0 Exception <a 'java/lang/NoSuchMethodError'{0x000000074e330170}: 'java.lang.Object java.lang.invoke.DirectMethodHandle$Holder.newInvokeSpecial(java.lang.Object, java.lang.Object, java.lang.Object, java.lang.Object, java.lang.Object)'> (0x000000074e330170) 
thrown [s\open\src\hotspot\share\interpreter\linkResolver.cpp, line 773]
Event: 0.173 Thread 0x000001f1785d97f0 Exception <a 'java/lang/NoSuchMethodError'{0x000000074e3b2a78}: 'long java.lang.invoke.DirectMethodHandle$Holder.invokeSpecial(java.lang.Object, java.lang.Object)'> (0x000000074e3b2a78) 
thrown [s\open\src\hotspot\share\interpreter\linkResolver.cpp, line 773]
Event: 0.173 Thread 0x000001f1785d97f0 Exception <a 'java/lang/NoSuchMethodError'{0x000000074e3b5fa8}: 'long java.lang.invoke.Invokers$Holder.invokeExact_MT(java.lang.Object, java.lang.Object)'> (0x000000074e3b5fa8) 
thrown [s\open\src\hotspot\share\interpreter\linkResolver.cpp, line 773]
Event: 0.185 Thread 0x000001f1785d97f0 Exception <a 'java/lang/NoSuchMethodError'{0x000000074e3faac0}: 'void java.lang.invoke.DirectMethodHandle$Holder.invokeVirtual(java.lang.Object, java.lang.Object)'> (0x000000074e3faac0) 
thrown [s\open\src\hotspot\share\interpreter\linkResolver.cpp, line 773]
Event: 0.186 Thread 0x000001f1785d97f0 Exception <a 'java/lang/NoSuchMethodError'{0x000000074e3fe210}: 'void java.lang.invoke.DirectMethodHandle$Holder.invokeSpecial(java.lang.Object, java.lang.Object, java.lang.Object)'> (0x000000074e3fe210) 
thrown [s\open\src\hotspot\share\interpreter\linkResolver.cpp, line 773]

VM Operations (6 events):
Event: 0.071 Executing VM operation: HandshakeAllThreads
Event: 0.071 Executing VM operation: HandshakeAllThreads done
Event: 0.097 Executing VM operation: HandshakeAllThreads
Event: 0.097 Executing VM operation: HandshakeAllThreads done
Event: 0.173 Executing VM operation: HandshakeAllThreads
Event: 0.173 Executing VM operation: HandshakeAllThreads done

Events (13 events):
Event: 0.029 Thread 0x000001f1785d97f0 Thread added: 0x000001f1785d97f0
Event: 0.038 Thread 0x000001f17f5053c0 Thread added: 0x000001f17f5053c0
Event: 0.038 Thread 0x000001f17f5061c0 Thread added: 0x000001f17f5061c0
Event: 0.039 Thread 0x000001f17f507a40 Thread added: 0x000001f17f507a40
Event: 0.039 Thread 0x000001f17f5096f0 Thread added: 0x000001f17f5096f0
Event: 0.039 Thread 0x000001f17f50e050 Thread added: 0x000001f17f50e050
Event: 0.039 Thread 0x000001f17f50ebf0 Thread added: 0x000001f17f50ebf0
Event: 0.039 Thread 0x000001f17f512d60 Thread added: 0x000001f17f512d60
Event: 0.039 Thread 0x000001f17f51d960 Thread added: 0x000001f17f51d960
Event: 0.064 Thread 0x000001f17f4d3830 Thread added: 0x000001f17f4d3830
Event: 0.095 Thread 0x000001f15c6681d0 Thread added: 0x000001f15c6681d0
Event: 0.095 Thread 0x000001f15c668720 Thread added: 0x000001f15c668720
Event: 0.197 Thread 0x000001f15c81d4e0 Thread added: 0x000001f15c81d4e0


Dynamic libraries:
0x00007ff61ed60000 - 0x00007ff61ed70000 	C:\Program Files\Java\jdk-20\bin\java.exe
0x00007ff8c7e30000 - 0x00007ff8c8047000 	C:\WINDOWS\SYSTEM32\ntdll.dll
0x00007ff8c6b80000 - 0x00007ff8c6c44000 	C:\WINDOWS\System32\KERNEL32.DLL
0x00007ff8c5570000 - 0x00007ff8c5916000 	C:\WINDOWS\System32\KERNELBASE.dll
0x00007ff8c5170000 - 0x00007ff8c5281000 	C:\WINDOWS\System32\ucrtbase.dll
0x00007ff8beb50000 - 0x00007ff8beb69000 	C:\Program Files\Java\jdk-20\bin\jli.dll
0x00007ff8beb70000 - 0x00007ff8beb8b000 	C:\Program Files\Java\jdk-20\bin\VCRUNTIME140.dll
0x00007ff8c6ed0000 - 0x00007ff8c6f83000 	C:\WINDOWS\System32\ADVAPI32.dll
0x00007ff8c78e0000 - 0x00007ff8c7987000 	C:\WINDOWS\System32\msvcrt.dll
0x00007ff8c7990000 - 0x00007ff8c7a38000 	C:\WINDOWS\System32\sechost.dll
0x00007ff8c5420000 - 0x00007ff8c5448000 	C:\WINDOWS\System32\bcrypt.dll
0x00007ff8c6d30000 - 0x00007ff8c6e47000 	C:\WINDOWS\System32\RPCRT4.dll
0x00007ff8c7730000 - 0x00007ff8c78de000 	C:\WINDOWS\System32\USER32.dll
0x00007ff8c5920000 - 0x00007ff8c5946000 	C:\WINDOWS\System32\win32u.dll
0x00007ff8c6ea0000 - 0x00007ff8c6ec9000 	C:\WINDOWS\System32\GDI32.dll
0x00007ff8c5450000 - 0x00007ff8c5568000 	C:\WINDOWS\System32\gdi32full.dll
0x00007ff8c3cf0000 - 0x00007ff8c3f83000 	C:\WINDOWS\WinSxS\amd64_microsoft.windows.common-controls_6595b64144ccf1df_6.0.22621.2506_none_270c5ae97388e100\COMCTL32.dll
0x00007ff8c5300000 - 0x00007ff8c539a000 	C:\WINDOWS\System32\msvcp_win.dll
0x00007ff8c4bf0000 - 0x00007ff8c4bfa000 	C:\WINDOWS\SYSTEM32\VERSION.dll
0x00007ff8c5b80000 - 0x00007ff8c5bb1000 	C:\WINDOWS\System32\IMM32.DLL
0x000000005b430000 - 0x000000005b43c000 	C:\Program Files (x86)\360\Total Security\safemon\SafeWrapper.dll
0x00007ff8b6970000 - 0x00007ff8b6a02000 	C:\Program Files (x86)\360\Total Security\safemon\libzdtp64.dll
0x00007ff8c5f80000 - 0x00007ff8c67db000 	C:\WINDOWS\System32\SHELL32.dll
0x00007ff8c6c50000 - 0x00007ff8c6cae000 	C:\WINDOWS\System32\SHLWAPI.dll
0x00007ff8bfe10000 - 0x00007ff8bfe1c000 	C:\Program Files\Java\jdk-20\bin\vcruntime140_1.dll
0x00007ff8bd4c0000 - 0x00007ff8bd54e000 	C:\Program Files\Java\jdk-20\bin\msvcp140.dll
0x00007ff885e20000 - 0x00007ff886ab8000 	C:\Program Files\Java\jdk-20\bin\server\jvm.dll
0x00007ff8c1d40000 - 0x00007ff8c1d49000 	C:\WINDOWS\SYSTEM32\WSOCK32.dll
0x00007ff8c3270000 - 0x00007ff8c32a4000 	C:\WINDOWS\SYSTEM32\WINMM.dll
0x00007ff8c6cb0000 - 0x00007ff8c6d21000 	C:\WINDOWS\System32\WS2_32.dll
0x00007ff8c4140000 - 0x00007ff8c4158000 	C:\WINDOWS\SYSTEM32\kernel.appcore.dll
0x00007ff8bf990000 - 0x00007ff8bf99a000 	C:\Program Files\Java\jdk-20\bin\jimage.dll
0x00007ff8c27b0000 - 0x00007ff8c29e3000 	C:\WINDOWS\SYSTEM32\DBGHELP.DLL
0x00007ff8c67f0000 - 0x00007ff8c6b79000 	C:\WINDOWS\System32\combase.dll
0x00007ff8c7a40000 - 0x00007ff8c7b17000 	C:\WINDOWS\System32\OLEAUT32.dll
0x00007ff8b0e40000 - 0x00007ff8b0e72000 	C:\WINDOWS\SYSTEM32\dbgcore.DLL
0x00007ff8c53a0000 - 0x00007ff8c541a000 	C:\WINDOWS\System32\bcryptPrimitives.dll
0x00007ff8beb30000 - 0x00007ff8beb3e000 	C:\Program Files\Java\jdk-20\bin\instrument.dll
0x00007ff8b6900000 - 0x00007ff8b6926000 	C:\Program Files\Java\jdk-20\bin\java.dll
0x00007ff8a4540000 - 0x00007ff8a4617000 	C:\Program Files\Java\jdk-20\bin\jsvml.dll
0x00007ff8c33f0000 - 0x00007ff8c3ce6000 	C:\WINDOWS\SYSTEM32\windows.storage.dll
0x00007ff8c32b0000 - 0x00007ff8c33ee000 	C:\WINDOWS\SYSTEM32\wintypes.dll
0x00007ff8c6f90000 - 0x00007ff8c7083000 	C:\WINDOWS\System32\SHCORE.dll
0x00007ff8c50a0000 - 0x00007ff8c50c6000 	C:\WINDOWS\SYSTEM32\profapi.dll
0x00007ff8b68e0000 - 0x00007ff8b68f8000 	C:\Program Files\Java\jdk-20\bin\zip.dll
0x00007ff8be4f0000 - 0x00007ff8be503000 	C:\Program Files\Java\jdk-20\bin\net.dll
0x00007ff8bd900000 - 0x00007ff8bda37000 	C:\WINDOWS\SYSTEM32\WINHTTP.dll
0x00007ff8c45c0000 - 0x00007ff8c4629000 	C:\WINDOWS\system32\mswsock.dll
0x00007ff8be380000 - 0x00007ff8be396000 	C:\Program Files\Java\jdk-20\bin\nio.dll
0x00007ff8b68c0000 - 0x00007ff8b68da000 	C:\Program Files\JetBrains\IntelliJ IDEA 2023.3.6\bin\breakgen64.dll
0x00007ff8be670000 - 0x00007ff8be677000 	C:\Program Files\Java\jdk-20\bin\extnet.dll
0x00007ff8be370000 - 0x00007ff8be380000 	C:\Program Files\Java\jdk-20\bin\verify.dll

dbghelp: loaded successfully - version: 4.0.5 - missing functions: none
symbol engine: initialized successfully - sym options: 0x614 - pdb path: .;C:\Program Files\Java\jdk-20\bin;C:\WINDOWS\SYSTEM32;C:\WINDOWS\WinSxS\amd64_microsoft.windows.common-controls_6595b64144ccf1df_6.0.22621.2506_none_270c5ae97388e100;C:\Program Files (x86)\360\Total Security\safemon;C:\Program Files\Java\jdk-20\bin\server;C:\Program Files\JetBrains\IntelliJ IDEA 2023.3.6\bin

VM Arguments:
jvm_args: -ea -Didea.test.cyclic.buffer.size=1048576 -javaagent:C:\Program Files\JetBrains\IntelliJ IDEA 2023.3.6\lib\idea_rt.jar=55988:C:\Program Files\JetBrains\IntelliJ IDEA 2023.3.6\bin -Dfile.encoding=UTF-8 -Dsun.stdout.encoding=UTF-8 -Dsun.stderr.encoding=UTF-8 
java_command: com.intellij.rt.junit.JUnitStarter -ideVersion5 -junit4 UserServiceTest
java_class_path (initial): C:\Program Files\JetBrains\IntelliJ IDEA 2023.3.6\lib\idea_rt.jar;C:\Program Files\JetBrains\IntelliJ IDEA 2023.3.6\plugins\junit\lib\junit5-rt.jar;C:\Program Files\JetBrains\IntelliJ IDEA 2023.3.6\plugins\junit\lib\junit-rt.jar;C:\Users\rainb\IdeaProjects\PP_1_1_3-4_JDBC_Hibernate\target\test-classes;C:\Users\rainb\IdeaProjects\PP_1_1_3-4_JDBC_Hibernate\target\classes;C:\Users\rainb\.m2\repository\junit\junit\4.13.2\junit-4.13.2.jar;C:\Users\rainb\.m2\repository\org\hamcrest\hamcrest-core\1.3\hamcrest-core-1.3.jar;C:\Users\rainb\.m2\repository\mysql\mysql-connector-java\8.0.25\mysql-connector-java-8.0.25.jar;C:\Users\rainb\.m2\repository\com\google\protobuf\protobuf-java\3.11.4\protobuf-java-3.11.4.jar;C:\Users\rainb\.m2\repository\org\hibernate\javax\persistence\hibernate-jpa-2.1-api\1.0.2.Final\hibernate-jpa-2.1-api-1.0.2.Final.jar;C:\Users\rainb\.m2\repository\org\hibernate\hibernate-core\5.6.3.Final\hibernate-core-5.6.3.Final.jar;C:\Users\rainb\.m2\repository\org\jboss\logging\jboss-logging\3.4.2.Final\jboss-logging-3.4.2.Final.jar;C:\Users\rainb\.m2\repository\javax\persistence\javax.persistence-api\2.2\javax.persistence-api-2.2.jar;C:\Users\rainb\.m2\repository\net\bytebuddy\byte-buddy\1.11.20\byte-buddy-1.11.20.jar;C:\Users\rainb\.m2\repository\antlr\antlr\2.7.7\antlr-2.7.7.jar;C:\Users\rainb\.m2\repository\org\jboss\spec\javax\transaction\jboss-transaction-api_1.2_spec\1.1.1.Final\jboss-transaction-api_1.2_spec-1.1.1.Final.jar;C:\Users\rainb\.m2\repository\org\jboss\jandex\2.2.3.Final\jandex-2.2.3.Final.jar;C:\Users\rainb\.m2\repository\com\fasterxml\classmate\1.5.1\classmate-1.5.1.jar;C:\Users\rainb\.m2\repository\javax\activation\javax.activation-api\1.2.0\javax.activation-api-1.2.0.jar;C:\Users\rainb\.m2\repository\org\hibernate\common\hibernate-commons-annotations\5.1.2.Final\hibernate-commons-annotations-5.1.2.Final.jar;C:\Users\rainb\.m2\repository\javax\xml\bind\jaxb-api\2.3.1\jaxb-api-2.3.1.jar;C:\Users\rainb\.m2\repository\org\glassfish\jaxb\jaxb-runtime\2.3.1\jaxb-runtime-2.3.1.jar;C:\Users\rainb\.m2\repository\org\glassfish\jaxb\txw2\2.3.1\txw2-2.3.1.jar;C:\Users\rainb\.m2\repository\com\sun\istack\istack-commons-runtime\3.0.7\istack-commons-runtime-3.0.7.jar;C:\Users\rainb\.m2\repository\org\jvnet\staxex\stax-ex\1.8\stax-ex-1.8.jar;C:\Users\rainb\.m2\repository\com\sun\xml\fastinfoset\FastInfoset\1.2.15\FastInfoset-1.2.15.jar
Launcher Type: SUN_STANDARD

[Global flags]
     intx CICompilerCount                          = 4                                         {product} {ergonomic}
     uint ConcGCThreads                            = 2                                         {product} {ergonomic}
     uint G1ConcRefinementThreads                  = 8                                         {product} {ergonomic}
   size_t G1HeapRegionSize                         = 2097152                                   {product} {ergonomic}
    uintx GCDrainStackTargetSize                   = 64                                        {product} {ergonomic}
   size_t InitialHeapSize                          = 199229440                                 {product} {ergonomic}
   size_t MarkStackSize                            = 4194304                                   {product} {ergonomic}
   size_t MaxHeapSize                              = 3177185280                                {product} {ergonomic}
   size_t MaxNewSize                               = 1906311168                                {product} {ergonomic}
   size_t MinHeapDeltaBytes                        = 2097152                                   {product} {ergonomic}
   size_t MinHeapSize                              = 8388608                                   {product} {ergonomic}
    uintx NonNMethodCodeHeapSize                   = 5839372                                {pd product} {ergonomic}
    uintx NonProfiledCodeHeapSize                  = 122909434                              {pd product} {ergonomic}
    uintx ProfiledCodeHeapSize                     = 122909434                              {pd product} {ergonomic}
    uintx ReservedCodeCacheSize                    = 251658240                              {pd product} {ergonomic}
     bool SegmentedCodeCache                       = true                                      {product} {ergonomic}
   size_t SoftMaxHeapSize                          = 3177185280                             {manageable} {ergonomic}
     bool UseCompressedClassPointers               = true                           {product lp64_product} {ergonomic}
     bool UseCompressedOops                        = true                           {product lp64_product} {ergonomic}
     bool UseG1GC                                  = true                                      {product} {ergonomic}
     bool UseLargePagesIndividualAllocation        = false                                  {pd product} {ergonomic}

Logging:
Log output configuration:
 #0: stdout all=warning uptime,level,tags foldmultilines=false
 #1: stderr all=off uptime,level,tags foldmultilines=false

Environment Variables:
JAVA_HOME=C:\Program Files\Java\jdk-20
PATH=C:\Program Files\Common Files\Oracle\Java\javapath;C:\Windows\system32;C:\Windows;C:\Windows\System32\Wbem;C:\Windows\System32\WindowsPowerShell\v1.0\;C:\Windows\System32\OpenSSH\;C:\Program Files (x86)\NVIDIA Corporation\PhysX\Common;C:\Program Files\NVIDIA Corporation\NVIDIA NvDLISR;C:\WINDOWS\system32;C:\WINDOWS;C:\WINDOWS\System32\Wbem;C:\WINDOWS\System32\WindowsPowerShell\v1.0\;C:\WINDOWS\System32\OpenSSH\;C:\Program Files\Go\bin;C:\Program Files\Java\jdk-20\bin;C:\Program Files\Java\jdk-20\bin;C:\Program Files\apache-maven-3.9.6\bin;C:\Program Files\Git\cmd;C:\Program Files\MySQL\MySQL Shell 8.3\bin\;C:\Users\rainb\AppData\Local\Microsoft\WindowsApps;C:\Users\rainb\go\bin;C:\Program Files\JetBrains\IntelliJ IDEA 2023.3.6\bin;;C:\Program Files\JetBrains\IntelliJ IDEA Community Edition 2023.2\bin;;C:\Users\rainb\AppData\Local\GitHubDesktop\bin
USERNAME=rainb
OS=Windows_NT
PROCESSOR_IDENTIFIER=Intel64 Family 6 Model 165 Stepping 2, GenuineIntel
TMP=C:\Users\rainb\AppData\Local\Temp
TEMP=C:\Users\rainb\AppData\Local\Temp




---------------  S Y S T E M  ---------------

OS:
 Windows 11 , 64 bit Build 22621 (10.0.22621.3085)
OS uptime: 0 days 3:46 hours

CPU: total 8 (initial active 8) (4 cores per cpu, 2 threads per core) family 6 model 165 stepping 2 microcode 0xe0, cx8, cmov, fxsr, ht, mmx, 3dnowpref, sse, sse2, sse3, ssse3, sse4.1, sse4.2, popcnt, lzcnt, tsc, tscinvbit, avx, avx2, aes, erms, clmul, bmi1, bmi2, adx, fma, vzeroupper, clflush, clflushopt, rdtscp, f16c, pku

Memory: 4k page, system-wide physical 12119M (1756M free)
TotalPageFile size 14167M (AvailPageFile size 5M)
current process WorkingSet (physical memory assigned to process): 48M, peak: 48M
current process commit charge ("private bytes"): 277M, peak: 277M

vm_info: Java HotSpot(TM) 64-Bit Server VM (20.0.2+9-78) for windows-amd64 JRE (20.0.2+9-78), built on 2023-06-14T10:08:48Z by "mach5one" with MS VC++ 17.1 (VS2022)

END.
