#
# There is insufficient memory for the Java Runtime Environment to continue.
# Native memory allocation (malloc) failed to allocate 32744 bytes for ChunkPool::allocate
# Possible reasons:
#   The system is out of physical RAM or swap space
#   The process is running with CompressedOops enabled, and the Java Heap may be blocking the growth of the native heap
# Possible solutions:
#   Reduce memory load on the system
#   Increase physical memory or swap space
#   Check if swap backing store is full
#   Decrease Java heap size (-Xmx/-Xms)
#   Decrease number of Java threads
#   Decrease Java thread stack sizes (-Xss)
#   Set larger code cache with -XX:ReservedCodeCacheSize=
#   JVM is running with Unscaled Compressed Oops mode in which the Java heap is
#     placed in the first 4GB address space. The Java Heap base address is the
#     maximum limit for the native heap growth. Please use -XX:HeapBaseMinAddress
#     to set the Java Heap base and to place the Java Heap above 4GB virtual address.
# This output file may be truncated or incomplete.
#
#  Out of Memory Error (arena.cpp:79), pid=31724, tid=27700
#
# JRE version: OpenJDK Runtime Environment JBR-17.0.10+8-1207.12-jcef (17.0.10+8) (build 17.0.10+8-b1207.12)
# Java VM: OpenJDK 64-Bit Server VM JBR-17.0.10+8-1207.12-jcef (17.0.10+8-b1207.12, mixed mode, tiered, compressed oops, compressed class ptrs, g1 gc, windows-amd64)
# No core dump will be written. Minidumps are not enabled by default on client versions of Windows
#

---------------  S U M M A R Y ------------

Command Line: -Djava.rmi.server.hostname=127.0.0.1 -Duser.timezone=UTC -Xmx2048m -Xms128m -Djdbc.classpath=C:\Program Files\JetBrains\IntelliJ IDEA 2023.3.6\plugins\DatabaseTools\lib\jdbc-console.jar;C:\Users\rainb\AppData\Roaming\JetBrains\IntelliJIdea2024.1\jdbc-drivers\MySQL ConnectorJ\8.2.0\com\mysql\mysql-connector-j\8.2.0\mysql-connector-j-8.2.0.jar;C:\Users\rainb\AppData\Roaming\JetBrains\IntelliJIdea2024.1\jdbc-drivers\MySQL ConnectorJ\8.2.0\com\google\protobuf\protobuf-java\3.21.9\protobuf-java-3.21.9.jar --add-exports=java.desktop/sun.awt=ALL-UNNAMED --add-exports=java.desktop/java.awt.peer=ALL-UNNAMED --add-opens=java.desktop/java.awt=ALL-UNNAMED --add-opens=jdk.unsupported/sun.misc=ALL-UNNAMED --add-opens=java.base/java.nio=ALL-UNNAMED --add-opens=java.base/java.util=ALL-UNNAMED -Dfile.encoding=UTF-8 com.intellij.database.remote.RemoteJdbcServer com.mysql.cj.jdbc.Driver

Host: Intel(R) Core(TM) i5-10300H CPU @ 2.50GHz, 8 cores, 11G,  Windows 11 , 64 bit Build 22621 (10.0.22621.3085)
Time: Sun Apr 14 01:51:46 2024 RTZ 2 (s 11 , 64 bit Build 22621 (10.0.22621.3085) elapsed time: 0.393312 seconds (0d 0h 0m 0s)

---------------  T H R E A D  ---------------

Current thread (0x000002597fd1bb40):  JavaThread "C2 CompilerThread1" daemon [_thread_in_vm, id=27700, stack(0x00000085eaa00000,0x00000085eab00000)]


Current CompileTask:
C2:    393  899       4       java.lang.Math::min (11 bytes)

Stack: [0x00000085eaa00000,0x00000085eab00000]
Native frames: (J=compiled Java code, j=interpreted, Vv=VM code, C=native code)
V  [jvm.dll+0x687989]
V  [jvm.dll+0x84116a]
V  [jvm.dll+0x842dae]
V  [jvm.dll+0x843413]
V  [jvm.dll+0x249ccf]
V  [jvm.dll+0xac721]
V  [jvm.dll+0xacb6c]
V  [jvm.dll+0x1d6d2b]
V  [jvm.dll+0x1c3fd5]
V  [jvm.dll+0x22aa82]
V  [jvm.dll+0x228db5]
V  [jvm.dll+0x7f5417]
V  [jvm.dll+0x7ef81a]
V  [jvm.dll+0x686805]
C  [ucrtbase.dll+0x29363]
C  [KERNEL32.DLL+0x1257d]
C  [ntdll.dll+0x5aa58]


---------------  P R O C E S S  ---------------

Threads class SMR info:
_java_thread_list=0x000002590a497690, length=24, elements={
0x00000259695e9f20, 0x000002597fa4f090, 0x000002597fa4ff10, 0x000002597fa85ab0,
0x000002597fa86670, 0x000002597faaba70, 0x000002597fa9d6a0, 0x000002597fa9e2a0,
0x000002597faa0cb0, 0x000002597faa5140, 0x000002597fc52790, 0x000002597fc52c70,
0x000002597fd1bb40, 0x000002597fd1c060, 0x000002590a1815d0, 0x000002590a1955f0,
0x000002590a0f95f0, 0x000002590a0f9ad0, 0x000002590a1a5ee0, 0x000002590a15d040,
0x000002590a160db0, 0x000002590a1608a0, 0x000002590a15f970, 0x000002590a1612c0
}

Java Threads: ( => current thread )
  0x00000259695e9f20 JavaThread "main" [_thread_blocked, id=30052, stack(0x00000085e9700000,0x00000085e9800000)]
  0x000002597fa4f090 JavaThread "Reference Handler" daemon [_thread_blocked, id=28360, stack(0x00000085e9e00000,0x00000085e9f00000)]
  0x000002597fa4ff10 JavaThread "Finalizer" daemon [_thread_blocked, id=26212, stack(0x00000085e9f00000,0x00000085ea000000)]
  0x000002597fa85ab0 JavaThread "Signal Dispatcher" daemon [_thread_blocked, id=29688, stack(0x00000085ea000000,0x00000085ea100000)]
  0x000002597fa86670 JavaThread "Attach Listener" daemon [_thread_blocked, id=8788, stack(0x00000085ea100000,0x00000085ea200000)]
  0x000002597faaba70 JavaThread "Service Thread" daemon [_thread_blocked, id=22796, stack(0x00000085ea200000,0x00000085ea300000)]
  0x000002597fa9d6a0 JavaThread "Monitor Deflation Thread" daemon [_thread_blocked, id=27240, stack(0x00000085ea300000,0x00000085ea400000)]
  0x000002597fa9e2a0 JavaThread "C2 CompilerThread0" daemon [_thread_in_native, id=26912, stack(0x00000085ea400000,0x00000085ea500000)]
  0x000002597faa0cb0 JavaThread "C1 CompilerThread0" daemon [_thread_blocked, id=28804, stack(0x00000085ea500000,0x00000085ea600000)]
  0x000002597faa5140 JavaThread "Sweeper thread" daemon [_thread_blocked, id=27656, stack(0x00000085ea600000,0x00000085ea700000)]
  0x000002597fc52790 JavaThread "Common-Cleaner" daemon [_thread_blocked, id=5456, stack(0x00000085ea700000,0x00000085ea800000)]
  0x000002597fc52c70 JavaThread "Notification Thread" daemon [_thread_blocked, id=28444, stack(0x00000085ea800000,0x00000085ea900000)]
=>0x000002597fd1bb40 JavaThread "C2 CompilerThread1" daemon [_thread_in_vm, id=27700, stack(0x00000085eaa00000,0x00000085eab00000)]
  0x000002597fd1c060 JavaThread "mysql-cj-abandoned-connection-cleanup" daemon [_thread_blocked, id=2160, stack(0x00000085eab00000,0x00000085eac00000)]
  0x000002590a1815d0 JavaThread "RMI TCP Accept-44523" daemon [_thread_in_native, id=25872, stack(0x00000085eac00000,0x00000085ead00000)]
  0x000002590a1955f0 JavaThread "RMI TCP Accept-0" daemon [_thread_in_native, id=31628, stack(0x00000085ead00000,0x00000085eae00000)]
  0x000002590a0f95f0 JavaThread "RMI Reaper" [_thread_blocked, id=27708, stack(0x00000085eae00000,0x00000085eaf00000)]
  0x000002590a0f9ad0 JavaThread "RMI GC Daemon" daemon [_thread_blocked, id=31332, stack(0x00000085eaf00000,0x00000085eb000000)]
  0x000002590a1a5ee0 JavaThread "RMI TCP Connection(1)-127.0.0.1" daemon [_thread_in_native, id=12736, stack(0x00000085eb000000,0x00000085eb100000)]
  0x000002590a15d040 JavaThread "RMI TCP Connection(2)-127.0.0.1" daemon [_thread_in_native, id=31592, stack(0x00000085eb100000,0x00000085eb200000)]
  0x000002590a160db0 JavaThread "RMI TCP Connection(3)-127.0.0.1" daemon [_thread_in_native, id=27780, stack(0x00000085eb200000,0x00000085eb300000)]
  0x000002590a1608a0 JavaThread "RMI Scheduler(0)" daemon [_thread_blocked, id=29608, stack(0x00000085eb300000,0x00000085eb400000)]
  0x000002590a15f970 JavaThread "RMI TCP Connection(4)-127.0.0.1" daemon [_thread_in_vm, id=31616, stack(0x00000085eb400000,0x00000085eb500000)]
  0x000002590a1612c0 JavaThread "RMI RenewClean-[127.0.0.1:52356]" daemon [_thread_blocked, id=22736, stack(0x00000085eb500000,0x00000085eb600000)]

Other Threads:
  0x000002597fa45340 VMThread "VM Thread" [stack: 0x00000085e9d00000,0x00000085e9e00000] [id=30452]
  0x000002597fc53150 WatcherThread [stack: 0x00000085ea900000,0x00000085eaa00000] [id=16684]
  0x000002596b03a600 GCTaskThread "GC Thread#0" [stack: 0x00000085e9800000,0x00000085e9900000] [id=25148]
  0x000002596b04c560 ConcurrentGCThread "G1 Main Marker" [stack: 0x00000085e9900000,0x00000085e9a00000] [id=31396]
  0x000002596b04daf0 ConcurrentGCThread "G1 Conc#0" [stack: 0x00000085e9a00000,0x00000085e9b00000] [id=26776]
  0x000002596b06ecd0 ConcurrentGCThread "G1 Refine#0" [stack: 0x00000085e9b00000,0x00000085e9c00000] [id=27892]
  0x000002597f65e5d0 ConcurrentGCThread "G1 Service" [stack: 0x00000085e9c00000,0x00000085e9d00000] [id=8892]

Threads with active compile tasks:
C2 CompilerThread0      407  888       4       jdk.internal.org.objectweb.asm.Frame::execute (2305 bytes)
C2 CompilerThread1      407  899       4       java.lang.Math::min (11 bytes)

VM state: not at safepoint (normal execution)

VM Mutex/Monitor currently owned by a thread: None

Heap address: 0x0000000080000000, size: 2048 MB, Compressed Oops mode: 32-bit

CDS archive(s) not mapped
Compressed class space mapped at: 0x0000000100000000-0x0000000140000000, reserved size: 1073741824
Narrow klass base: 0x0000000000000000, Narrow klass shift: 3, Narrow klass range: 0x140000000

GC Precious Log:
 CPUs: 8 total, 8 available
 Memory: 12119M
 Large Page Support: Disabled
 NUMA Support: Disabled
 Compressed Oops: Enabled (32-bit)
 Heap Region Size: 1M
 Heap Min Capacity: 128M
 Heap Initial Capacity: 128M
 Heap Max Capacity: 2G
 Pre-touch: Disabled
 Parallel Workers: 8
 Concurrent Workers: 2
 Concurrent Refinement Workers: 8
 Periodic GC: Disabled

Heap:
 garbage-first heap   total 131072K, used 15360K [0x0000000080000000, 0x0000000100000000)
  region size 1024K, 14 young (14336K), 0 survivors (0K)
 Metaspace       used 14142K, committed 14464K, reserved 1114112K
  class space    used 1485K, committed 1664K, reserved 1048576K

Heap Regions: E=young(eden), S=young(survivor), O=old, HS=humongous(starts), HC=humongous(continues), CS=collection set, F=free, OA=open archive, CA=closed archive, TAMS=top-at-mark-start (previous, next)
|   0|0x0000000080000000, 0x0000000080100000, 0x0000000080100000|100%|HS|  |TAMS 0x0000000080000000, 0x0000000080000000| Complete 
|   1|0x0000000080100000, 0x0000000080200000, 0x0000000080200000|100%|HC|  |TAMS 0x0000000080100000, 0x0000000080100000| Complete 
|   2|0x0000000080200000, 0x0000000080300000, 0x0000000080300000|100%|HC|  |TAMS 0x0000000080200000, 0x0000000080200000| Complete 
|   3|0x0000000080300000, 0x0000000080300000, 0x0000000080400000|  0%| F|  |TAMS 0x0000000080300000, 0x0000000080300000| Untracked 
|   4|0x0000000080400000, 0x0000000080400000, 0x0000000080500000|  0%| F|  |TAMS 0x0000000080400000, 0x0000000080400000| Untracked 
|   5|0x0000000080500000, 0x0000000080500000, 0x0000000080600000|  0%| F|  |TAMS 0x0000000080500000, 0x0000000080500000| Untracked 
|   6|0x0000000080600000, 0x0000000080600000, 0x0000000080700000|  0%| F|  |TAMS 0x0000000080600000, 0x0000000080600000| Untracked 
|   7|0x0000000080700000, 0x0000000080700000, 0x0000000080800000|  0%| F|  |TAMS 0x0000000080700000, 0x0000000080700000| Untracked 
|   8|0x0000000080800000, 0x0000000080800000, 0x0000000080900000|  0%| F|  |TAMS 0x0000000080800000, 0x0000000080800000| Untracked 
|   9|0x0000000080900000, 0x0000000080900000, 0x0000000080a00000|  0%| F|  |TAMS 0x0000000080900000, 0x0000000080900000| Untracked 
|  10|0x0000000080a00000, 0x0000000080a00000, 0x0000000080b00000|  0%| F|  |TAMS 0x0000000080a00000, 0x0000000080a00000| Untracked 
|  11|0x0000000080b00000, 0x0000000080b00000, 0x0000000080c00000|  0%| F|  |TAMS 0x0000000080b00000, 0x0000000080b00000| Untracked 
|  12|0x0000000080c00000, 0x0000000080c00000, 0x0000000080d00000|  0%| F|  |TAMS 0x0000000080c00000, 0x0000000080c00000| Untracked 
|  13|0x0000000080d00000, 0x0000000080d00000, 0x0000000080e00000|  0%| F|  |TAMS 0x0000000080d00000, 0x0000000080d00000| Untracked 
|  14|0x0000000080e00000, 0x0000000080e00000, 0x0000000080f00000|  0%| F|  |TAMS 0x0000000080e00000, 0x0000000080e00000| Untracked 
|  15|0x0000000080f00000, 0x0000000080f00000, 0x0000000081000000|  0%| F|  |TAMS 0x0000000080f00000, 0x0000000080f00000| Untracked 
|  16|0x0000000081000000, 0x0000000081000000, 0x0000000081100000|  0%| F|  |TAMS 0x0000000081000000, 0x0000000081000000| Untracked 
|  17|0x0000000081100000, 0x0000000081100000, 0x0000000081200000|  0%| F|  |TAMS 0x0000000081100000, 0x0000000081100000| Untracked 
|  18|0x0000000081200000, 0x0000000081200000, 0x0000000081300000|  0%| F|  |TAMS 0x0000000081200000, 0x0000000081200000| Untracked 
|  19|0x0000000081300000, 0x0000000081300000, 0x0000000081400000|  0%| F|  |TAMS 0x0000000081300000, 0x0000000081300000| Untracked 
|  20|0x0000000081400000, 0x0000000081400000, 0x0000000081500000|  0%| F|  |TAMS 0x0000000081400000, 0x0000000081400000| Untracked 
|  21|0x0000000081500000, 0x0000000081500000, 0x0000000081600000|  0%| F|  |TAMS 0x0000000081500000, 0x0000000081500000| Untracked 
|  22|0x0000000081600000, 0x0000000081600000, 0x0000000081700000|  0%| F|  |TAMS 0x0000000081600000, 0x0000000081600000| Untracked 
|  23|0x0000000081700000, 0x0000000081700000, 0x0000000081800000|  0%| F|  |TAMS 0x0000000081700000, 0x0000000081700000| Untracked 
|  24|0x0000000081800000, 0x0000000081800000, 0x0000000081900000|  0%| F|  |TAMS 0x0000000081800000, 0x0000000081800000| Untracked 
|  25|0x0000000081900000, 0x0000000081900000, 0x0000000081a00000|  0%| F|  |TAMS 0x0000000081900000, 0x0000000081900000| Untracked 
|  26|0x0000000081a00000, 0x0000000081a00000, 0x0000000081b00000|  0%| F|  |TAMS 0x0000000081a00000, 0x0000000081a00000| Untracked 
|  27|0x0000000081b00000, 0x0000000081b00000, 0x0000000081c00000|  0%| F|  |TAMS 0x0000000081b00000, 0x0000000081b00000| Untracked 
|  28|0x0000000081c00000, 0x0000000081c00000, 0x0000000081d00000|  0%| F|  |TAMS 0x0000000081c00000, 0x0000000081c00000| Untracked 
|  29|0x0000000081d00000, 0x0000000081d00000, 0x0000000081e00000|  0%| F|  |TAMS 0x0000000081d00000, 0x0000000081d00000| Untracked 
|  30|0x0000000081e00000, 0x0000000081e00000, 0x0000000081f00000|  0%| F|  |TAMS 0x0000000081e00000, 0x0000000081e00000| Untracked 
|  31|0x0000000081f00000, 0x0000000081f00000, 0x0000000082000000|  0%| F|  |TAMS 0x0000000081f00000, 0x0000000081f00000| Untracked 
|  32|0x0000000082000000, 0x0000000082000000, 0x0000000082100000|  0%| F|  |TAMS 0x0000000082000000, 0x0000000082000000| Untracked 
|  33|0x0000000082100000, 0x0000000082100000, 0x0000000082200000|  0%| F|  |TAMS 0x0000000082100000, 0x0000000082100000| Untracked 
|  34|0x0000000082200000, 0x0000000082200000, 0x0000000082300000|  0%| F|  |TAMS 0x0000000082200000, 0x0000000082200000| Untracked 
|  35|0x0000000082300000, 0x0000000082300000, 0x0000000082400000|  0%| F|  |TAMS 0x0000000082300000, 0x0000000082300000| Untracked 
|  36|0x0000000082400000, 0x0000000082400000, 0x0000000082500000|  0%| F|  |TAMS 0x0000000082400000, 0x0000000082400000| Untracked 
|  37|0x0000000082500000, 0x0000000082500000, 0x0000000082600000|  0%| F|  |TAMS 0x0000000082500000, 0x0000000082500000| Untracked 
|  38|0x0000000082600000, 0x0000000082600000, 0x0000000082700000|  0%| F|  |TAMS 0x0000000082600000, 0x0000000082600000| Untracked 
|  39|0x0000000082700000, 0x0000000082700000, 0x0000000082800000|  0%| F|  |TAMS 0x0000000082700000, 0x0000000082700000| Untracked 
|  40|0x0000000082800000, 0x0000000082800000, 0x0000000082900000|  0%| F|  |TAMS 0x0000000082800000, 0x0000000082800000| Untracked 
|  41|0x0000000082900000, 0x0000000082900000, 0x0000000082a00000|  0%| F|  |TAMS 0x0000000082900000, 0x0000000082900000| Untracked 
|  42|0x0000000082a00000, 0x0000000082a00000, 0x0000000082b00000|  0%| F|  |TAMS 0x0000000082a00000, 0x0000000082a00000| Untracked 
|  43|0x0000000082b00000, 0x0000000082b00000, 0x0000000082c00000|  0%| F|  |TAMS 0x0000000082b00000, 0x0000000082b00000| Untracked 
|  44|0x0000000082c00000, 0x0000000082c00000, 0x0000000082d00000|  0%| F|  |TAMS 0x0000000082c00000, 0x0000000082c00000| Untracked 
|  45|0x0000000082d00000, 0x0000000082d00000, 0x0000000082e00000|  0%| F|  |TAMS 0x0000000082d00000, 0x0000000082d00000| Untracked 
|  46|0x0000000082e00000, 0x0000000082e00000, 0x0000000082f00000|  0%| F|  |TAMS 0x0000000082e00000, 0x0000000082e00000| Untracked 
|  47|0x0000000082f00000, 0x0000000082f00000, 0x0000000083000000|  0%| F|  |TAMS 0x0000000082f00000, 0x0000000082f00000| Untracked 
|  48|0x0000000083000000, 0x0000000083000000, 0x0000000083100000|  0%| F|  |TAMS 0x0000000083000000, 0x0000000083000000| Untracked 
|  49|0x0000000083100000, 0x0000000083100000, 0x0000000083200000|  0%| F|  |TAMS 0x0000000083100000, 0x0000000083100000| Untracked 
|  50|0x0000000083200000, 0x0000000083200000, 0x0000000083300000|  0%| F|  |TAMS 0x0000000083200000, 0x0000000083200000| Untracked 
|  51|0x0000000083300000, 0x0000000083300000, 0x0000000083400000|  0%| F|  |TAMS 0x0000000083300000, 0x0000000083300000| Untracked 
|  52|0x0000000083400000, 0x0000000083400000, 0x0000000083500000|  0%| F|  |TAMS 0x0000000083400000, 0x0000000083400000| Untracked 
|  53|0x0000000083500000, 0x0000000083500000, 0x0000000083600000|  0%| F|  |TAMS 0x0000000083500000, 0x0000000083500000| Untracked 
|  54|0x0000000083600000, 0x0000000083600000, 0x0000000083700000|  0%| F|  |TAMS 0x0000000083600000, 0x0000000083600000| Untracked 
|  55|0x0000000083700000, 0x0000000083700000, 0x0000000083800000|  0%| F|  |TAMS 0x0000000083700000, 0x0000000083700000| Untracked 
|  56|0x0000000083800000, 0x0000000083800000, 0x0000000083900000|  0%| F|  |TAMS 0x0000000083800000, 0x0000000083800000| Untracked 
|  57|0x0000000083900000, 0x0000000083900000, 0x0000000083a00000|  0%| F|  |TAMS 0x0000000083900000, 0x0000000083900000| Untracked 
|  58|0x0000000083a00000, 0x0000000083a00000, 0x0000000083b00000|  0%| F|  |TAMS 0x0000000083a00000, 0x0000000083a00000| Untracked 
|  59|0x0000000083b00000, 0x0000000083b00000, 0x0000000083c00000|  0%| F|  |TAMS 0x0000000083b00000, 0x0000000083b00000| Untracked 
|  60|0x0000000083c00000, 0x0000000083c00000, 0x0000000083d00000|  0%| F|  |TAMS 0x0000000083c00000, 0x0000000083c00000| Untracked 
|  61|0x0000000083d00000, 0x0000000083d00000, 0x0000000083e00000|  0%| F|  |TAMS 0x0000000083d00000, 0x0000000083d00000| Untracked 
|  62|0x0000000083e00000, 0x0000000083e00000, 0x0000000083f00000|  0%| F|  |TAMS 0x0000000083e00000, 0x0000000083e00000| Untracked 
|  63|0x0000000083f00000, 0x0000000083f00000, 0x0000000084000000|  0%| F|  |TAMS 0x0000000083f00000, 0x0000000083f00000| Untracked 
|  64|0x0000000084000000, 0x0000000084000000, 0x0000000084100000|  0%| F|  |TAMS 0x0000000084000000, 0x0000000084000000| Untracked 
|  65|0x0000000084100000, 0x0000000084100000, 0x0000000084200000|  0%| F|  |TAMS 0x0000000084100000, 0x0000000084100000| Untracked 
|  66|0x0000000084200000, 0x0000000084200000, 0x0000000084300000|  0%| F|  |TAMS 0x0000000084200000, 0x0000000084200000| Untracked 
|  67|0x0000000084300000, 0x0000000084300000, 0x0000000084400000|  0%| F|  |TAMS 0x0000000084300000, 0x0000000084300000| Untracked 
|  68|0x0000000084400000, 0x0000000084400000, 0x0000000084500000|  0%| F|  |TAMS 0x0000000084400000, 0x0000000084400000| Untracked 
|  69|0x0000000084500000, 0x0000000084500000, 0x0000000084600000|  0%| F|  |TAMS 0x0000000084500000, 0x0000000084500000| Untracked 
|  70|0x0000000084600000, 0x0000000084600000, 0x0000000084700000|  0%| F|  |TAMS 0x0000000084600000, 0x0000000084600000| Untracked 
|  71|0x0000000084700000, 0x0000000084700000, 0x0000000084800000|  0%| F|  |TAMS 0x0000000084700000, 0x0000000084700000| Untracked 
|  72|0x0000000084800000, 0x0000000084800000, 0x0000000084900000|  0%| F|  |TAMS 0x0000000084800000, 0x0000000084800000| Untracked 
|  73|0x0000000084900000, 0x0000000084900000, 0x0000000084a00000|  0%| F|  |TAMS 0x0000000084900000, 0x0000000084900000| Untracked 
|  74|0x0000000084a00000, 0x0000000084a00000, 0x0000000084b00000|  0%| F|  |TAMS 0x0000000084a00000, 0x0000000084a00000| Untracked 
|  75|0x0000000084b00000, 0x0000000084b00000, 0x0000000084c00000|  0%| F|  |TAMS 0x0000000084b00000, 0x0000000084b00000| Untracked 
|  76|0x0000000084c00000, 0x0000000084c00000, 0x0000000084d00000|  0%| F|  |TAMS 0x0000000084c00000, 0x0000000084c00000| Untracked 
|  77|0x0000000084d00000, 0x0000000084d00000, 0x0000000084e00000|  0%| F|  |TAMS 0x0000000084d00000, 0x0000000084d00000| Untracked 
|  78|0x0000000084e00000, 0x0000000084e00000, 0x0000000084f00000|  0%| F|  |TAMS 0x0000000084e00000, 0x0000000084e00000| Untracked 
|  79|0x0000000084f00000, 0x0000000084f00000, 0x0000000085000000|  0%| F|  |TAMS 0x0000000084f00000, 0x0000000084f00000| Untracked 
|  80|0x0000000085000000, 0x0000000085000000, 0x0000000085100000|  0%| F|  |TAMS 0x0000000085000000, 0x0000000085000000| Untracked 
|  81|0x0000000085100000, 0x0000000085100000, 0x0000000085200000|  0%| F|  |TAMS 0x0000000085100000, 0x0000000085100000| Untracked 
|  82|0x0000000085200000, 0x0000000085200000, 0x0000000085300000|  0%| F|  |TAMS 0x0000000085200000, 0x0000000085200000| Untracked 
|  83|0x0000000085300000, 0x0000000085300000, 0x0000000085400000|  0%| F|  |TAMS 0x0000000085300000, 0x0000000085300000| Untracked 
|  84|0x0000000085400000, 0x0000000085400000, 0x0000000085500000|  0%| F|  |TAMS 0x0000000085400000, 0x0000000085400000| Untracked 
|  85|0x0000000085500000, 0x0000000085500000, 0x0000000085600000|  0%| F|  |TAMS 0x0000000085500000, 0x0000000085500000| Untracked 
|  86|0x0000000085600000, 0x0000000085600000, 0x0000000085700000|  0%| F|  |TAMS 0x0000000085600000, 0x0000000085600000| Untracked 
|  87|0x0000000085700000, 0x0000000085700000, 0x0000000085800000|  0%| F|  |TAMS 0x0000000085700000, 0x0000000085700000| Untracked 
|  88|0x0000000085800000, 0x0000000085800000, 0x0000000085900000|  0%| F|  |TAMS 0x0000000085800000, 0x0000000085800000| Untracked 
|  89|0x0000000085900000, 0x0000000085900000, 0x0000000085a00000|  0%| F|  |TAMS 0x0000000085900000, 0x0000000085900000| Untracked 
|  90|0x0000000085a00000, 0x0000000085a00000, 0x0000000085b00000|  0%| F|  |TAMS 0x0000000085a00000, 0x0000000085a00000| Untracked 
|  91|0x0000000085b00000, 0x0000000085b00000, 0x0000000085c00000|  0%| F|  |TAMS 0x0000000085b00000, 0x0000000085b00000| Untracked 
|  92|0x0000000085c00000, 0x0000000085c00000, 0x0000000085d00000|  0%| F|  |TAMS 0x0000000085c00000, 0x0000000085c00000| Untracked 
|  93|0x0000000085d00000, 0x0000000085d00000, 0x0000000085e00000|  0%| F|  |TAMS 0x0000000085d00000, 0x0000000085d00000| Untracked 
|  94|0x0000000085e00000, 0x0000000085e00000, 0x0000000085f00000|  0%| F|  |TAMS 0x0000000085e00000, 0x0000000085e00000| Untracked 
|  95|0x0000000085f00000, 0x0000000085f00000, 0x0000000086000000|  0%| F|  |TAMS 0x0000000085f00000, 0x0000000085f00000| Untracked 
|  96|0x0000000086000000, 0x0000000086000000, 0x0000000086100000|  0%| F|  |TAMS 0x0000000086000000, 0x0000000086000000| Untracked 
|  97|0x0000000086100000, 0x0000000086100000, 0x0000000086200000|  0%| F|  |TAMS 0x0000000086100000, 0x0000000086100000| Untracked 
|  98|0x0000000086200000, 0x0000000086200000, 0x0000000086300000|  0%| F|  |TAMS 0x0000000086200000, 0x0000000086200000| Untracked 
|  99|0x0000000086300000, 0x0000000086300000, 0x0000000086400000|  0%| F|  |TAMS 0x0000000086300000, 0x0000000086300000| Untracked 
| 100|0x0000000086400000, 0x0000000086400000, 0x0000000086500000|  0%| F|  |TAMS 0x0000000086400000, 0x0000000086400000| Untracked 
| 101|0x0000000086500000, 0x0000000086500000, 0x0000000086600000|  0%| F|  |TAMS 0x0000000086500000, 0x0000000086500000| Untracked 
| 102|0x0000000086600000, 0x0000000086600000, 0x0000000086700000|  0%| F|  |TAMS 0x0000000086600000, 0x0000000086600000| Untracked 
| 103|0x0000000086700000, 0x0000000086700000, 0x0000000086800000|  0%| F|  |TAMS 0x0000000086700000, 0x0000000086700000| Untracked 
| 104|0x0000000086800000, 0x0000000086800000, 0x0000000086900000|  0%| F|  |TAMS 0x0000000086800000, 0x0000000086800000| Untracked 
| 105|0x0000000086900000, 0x0000000086900000, 0x0000000086a00000|  0%| F|  |TAMS 0x0000000086900000, 0x0000000086900000| Untracked 
| 106|0x0000000086a00000, 0x0000000086a00000, 0x0000000086b00000|  0%| F|  |TAMS 0x0000000086a00000, 0x0000000086a00000| Untracked 
| 107|0x0000000086b00000, 0x0000000086b00000, 0x0000000086c00000|  0%| F|  |TAMS 0x0000000086b00000, 0x0000000086b00000| Untracked 
| 108|0x0000000086c00000, 0x0000000086c00000, 0x0000000086d00000|  0%| F|  |TAMS 0x0000000086c00000, 0x0000000086c00000| Untracked 
| 109|0x0000000086d00000, 0x0000000086d00000, 0x0000000086e00000|  0%| F|  |TAMS 0x0000000086d00000, 0x0000000086d00000| Untracked 
| 110|0x0000000086e00000, 0x0000000086e00000, 0x0000000086f00000|  0%| F|  |TAMS 0x0000000086e00000, 0x0000000086e00000| Untracked 
| 111|0x0000000086f00000, 0x0000000086f00000, 0x0000000087000000|  0%| F|  |TAMS 0x0000000086f00000, 0x0000000086f00000| Untracked 
| 112|0x0000000087000000, 0x0000000087000000, 0x0000000087100000|  0%| F|  |TAMS 0x0000000087000000, 0x0000000087000000| Untracked 
| 113|0x0000000087100000, 0x0000000087100000, 0x0000000087200000|  0%| F|  |TAMS 0x0000000087100000, 0x0000000087100000| Untracked 
| 114|0x0000000087200000, 0x000000008727ebd0, 0x0000000087300000| 49%| E|  |TAMS 0x0000000087200000, 0x0000000087200000| Complete 
| 115|0x0000000087300000, 0x0000000087400000, 0x0000000087400000|100%| E|CS|TAMS 0x0000000087300000, 0x0000000087300000| Complete 
| 116|0x0000000087400000, 0x0000000087500000, 0x0000000087500000|100%| E|CS|TAMS 0x0000000087400000, 0x0000000087400000| Complete 
| 117|0x0000000087500000, 0x0000000087600000, 0x0000000087600000|100%| E|CS|TAMS 0x0000000087500000, 0x0000000087500000| Complete 
| 118|0x0000000087600000, 0x0000000087700000, 0x0000000087700000|100%| E|CS|TAMS 0x0000000087600000, 0x0000000087600000| Complete 
| 119|0x0000000087700000, 0x0000000087800000, 0x0000000087800000|100%| E|CS|TAMS 0x0000000087700000, 0x0000000087700000| Complete 
| 120|0x0000000087800000, 0x0000000087900000, 0x0000000087900000|100%| E|CS|TAMS 0x0000000087800000, 0x0000000087800000| Complete 
| 121|0x0000000087900000, 0x0000000087a00000, 0x0000000087a00000|100%| E|CS|TAMS 0x0000000087900000, 0x0000000087900000| Complete 
| 122|0x0000000087a00000, 0x0000000087b00000, 0x0000000087b00000|100%| E|CS|TAMS 0x0000000087a00000, 0x0000000087a00000| Complete 
| 123|0x0000000087b00000, 0x0000000087c00000, 0x0000000087c00000|100%| E|CS|TAMS 0x0000000087b00000, 0x0000000087b00000| Complete 
| 124|0x0000000087c00000, 0x0000000087d00000, 0x0000000087d00000|100%| E|CS|TAMS 0x0000000087c00000, 0x0000000087c00000| Complete 
| 125|0x0000000087d00000, 0x0000000087e00000, 0x0000000087e00000|100%| E|CS|TAMS 0x0000000087d00000, 0x0000000087d00000| Complete 
| 126|0x0000000087e00000, 0x0000000087f00000, 0x0000000087f00000|100%| E|  |TAMS 0x0000000087e00000, 0x0000000087e00000| Complete 
| 127|0x0000000087f00000, 0x0000000088000000, 0x0000000088000000|100%| E|CS|TAMS 0x0000000087f00000, 0x0000000087f00000| Complete 

Card table byte_map: [0x000002597e5e0000,0x000002597e9e0000] _byte_map_base: 0x000002597e1e0000

Marking Bits (Prev, Next): (CMBitMap*) 0x000002596b03ac20, (CMBitMap*) 0x000002596b03ac60
 Prev Bits: [0x0000025900000000, 0x0000025902000000)
 Next Bits: [0x0000025902000000, 0x0000025904000000)

Polling page: 0x000002596b070000

Metaspace:

Usage:
  Non-class:     12.36 MB used.
      Class:      1.45 MB used.
       Both:     13.81 MB used.

Virtual space:
  Non-class space:       64.00 MB reserved,      12.50 MB ( 20%) committed,  1 nodes.
      Class space:        1.00 GB reserved,       1.62 MB ( <1%) committed,  1 nodes.
             Both:        1.06 GB reserved,      14.12 MB (  1%) committed. 

Chunk freelists:
   Non-Class:  3.31 MB
       Class:  14.23 MB
        Both:  17.54 MB

MaxMetaspaceSize: unlimited
CompressedClassSpaceSize: 1.00 GB
Initial GC threshold: 21.00 MB
Current GC threshold: 21.00 MB
CDS: off
MetaspaceReclaimPolicy: balanced
 - commit_granule_bytes: 65536.
 - commit_granule_words: 8192.
 - virtual_space_node_default_size: 8388608.
 - enlarge_chunks_in_place: 1.
 - new_chunks_are_fully_committed: 0.
 - uncommit_free_chunks: 1.
 - use_allocation_guard: 0.
 - handle_deallocations: 1.


Internal statistics:

num_allocs_failed_limit: 0.
num_arena_births: 260.
num_arena_deaths: 0.
num_vsnodes_births: 2.
num_vsnodes_deaths: 0.
num_space_committed: 226.
num_space_uncommitted: 0.
num_chunks_returned_to_freelist: 0.
num_chunks_taken_from_freelist: 448.
num_chunk_merges: 0.
num_chunk_splits: 258.
num_chunks_enlarged: 106.
num_inconsistent_stats: 0.

CodeHeap 'non-profiled nmethods': size=120000Kb used=286Kb max_used=286Kb free=119713Kb
 bounds [0x0000025976250000, 0x00000259764c0000, 0x000002597d780000]
CodeHeap 'profiled nmethods': size=120000Kb used=1388Kb max_used=1388Kb free=118611Kb
 bounds [0x000002596e780000, 0x000002596e9f0000, 0x0000025975cb0000]
CodeHeap 'non-nmethods': size=5760Kb used=1158Kb max_used=1171Kb free=4601Kb
 bounds [0x0000025975cb0000, 0x0000025975f20000, 0x0000025976250000]
 total_blobs=1348 nmethods=896 adapters=365
 compilation: enabled
              stopped_count=0, restarted_count=0
 full_count=0

Compilation events (20 events):
Event: 0.383 Thread 0x000002597faa0cb0  885       3       java.lang.invoke.AbstractValidatingLambdaMetafactory::isAdaptableTo (126 bytes)
Event: 0.383 Thread 0x000002597faa0cb0 nmethod 885 0x000002596e8d6690 code [0x000002596e8d6920, 0x000002596e8d7368]
Event: 0.383 Thread 0x000002597faa0cb0  886       3       jdk.internal.access.SharedSecrets::getJavaLangAccess (4 bytes)
Event: 0.383 Thread 0x000002597faa0cb0 nmethod 886 0x000002596e8d7710 code [0x000002596e8d78a0, 0x000002596e8d7998]
Event: 0.383 Thread 0x000002597fa9e2a0  888       4       jdk.internal.org.objectweb.asm.Frame::execute (2305 bytes)
Event: 0.384 Thread 0x000002597faa0cb0  890       3       java.lang.invoke.TypeConvertingMethodAdapter::cast (42 bytes)
Event: 0.384 Thread 0x000002597faa0cb0 nmethod 890 0x000002596e8d7a10 code [0x000002596e8d7c00, 0x000002596e8d8068]
Event: 0.384 Thread 0x000002597faa0cb0  891       3       jdk.internal.org.objectweb.asm.MethodWriter::visitCode (1 bytes)
Event: 0.384 Thread 0x000002597faa0cb0 nmethod 891 0x000002596e8d8210 code [0x000002596e8d83a0, 0x000002596e8d84b8]
Event: 0.386 Thread 0x000002597faa0cb0  892       3       java.lang.String::concat (15 bytes)
Event: 0.386 Thread 0x000002597faa0cb0 nmethod 892 0x000002596e8d8590 code [0x000002596e8d88e0, 0x000002596e8d9e28]
Event: 0.389 Thread 0x000002597faa0cb0  895       3       java.util.regex.Pattern::next (33 bytes)
Event: 0.389 Thread 0x000002597faa0cb0 nmethod 895 0x000002596e8da590 code [0x000002596e8da740, 0x000002596e8da9a8]
Event: 0.390 Thread 0x000002597faa0cb0  896       1       java.util.jar.Manifest::getEntries (5 bytes)
Event: 0.390 Thread 0x000002597faa0cb0 nmethod 896 0x0000025976297390 code [0x0000025976297520, 0x00000259762975f8]
Event: 0.390 Thread 0x000002597faa0cb0  897       1       java.util.jar.Manifest::getMainAttributes (5 bytes)
Event: 0.390 Thread 0x000002597faa0cb0 nmethod 897 0x0000025976297690 code [0x0000025976297820, 0x00000259762978f8]
Event: 0.390 Thread 0x000002597faa0cb0  898       3       java.util.jar.Attributes::getValue (9 bytes)
Event: 0.390 Thread 0x000002597faa0cb0 nmethod 898 0x000002596e8dab10 code [0x000002596e8dacc0, 0x000002596e8dafc8]
Event: 0.392 Thread 0x000002597fd1bb40  899       4       java.lang.Math::min (11 bytes)

GC Heap History (0 events):
No events

Dll operation events (1 events):
Event: 0.010 Loaded shared library C:\Program Files\JetBrains\IntelliJ IDEA 2023.3.6\jbr\bin\java.dll

Deoptimization events (20 events):
Event: 0.130 Thread 0x00000259695e9f20 Uncommon trap: trap_request=0xffffff45 fr.pc=0x0000025976257e88 relative=0x0000000000000168
Event: 0.130 Thread 0x00000259695e9f20 Uncommon trap: reason=unstable_if action=reinterpret pc=0x0000025976257e88 method=java.util.zip.ZipFile$Source.isMetaName([BII)Z @ 15 c2
Event: 0.130 Thread 0x00000259695e9f20 DEOPT PACKING pc=0x0000025976257e88 sp=0x00000085e97fdd30
Event: 0.130 Thread 0x00000259695e9f20 DEOPT UNPACKING pc=0x0000025975d069a3 sp=0x00000085e97fdcd8 mode 2
Event: 0.144 Thread 0x000002597fd1c060 DEOPT PACKING pc=0x000002596e7b90fc sp=0x00000085eabfe2f0
Event: 0.144 Thread 0x000002597fd1c060 DEOPT UNPACKING pc=0x0000025975d07143 sp=0x00000085eabfd780 mode 0
Event: 0.144 Thread 0x000002597fd1c060 DEOPT PACKING pc=0x000002596e7b90fc sp=0x00000085eabfe2f0
Event: 0.144 Thread 0x000002597fd1c060 DEOPT UNPACKING pc=0x0000025975d07143 sp=0x00000085eabfd780 mode 0
Event: 0.147 Thread 0x00000259695e9f20 DEOPT PACKING pc=0x000002596e7b90fc sp=0x00000085e97fa560
Event: 0.147 Thread 0x00000259695e9f20 DEOPT UNPACKING pc=0x0000025975d07143 sp=0x00000085e97f99f0 mode 0
Event: 0.147 Thread 0x00000259695e9f20 DEOPT PACKING pc=0x000002596e7b90fc sp=0x00000085e97fa560
Event: 0.147 Thread 0x00000259695e9f20 DEOPT UNPACKING pc=0x0000025975d07143 sp=0x00000085e97f99f0 mode 0
Event: 0.147 Thread 0x00000259695e9f20 DEOPT PACKING pc=0x000002596e7b90fc sp=0x00000085e97fa560
Event: 0.147 Thread 0x00000259695e9f20 DEOPT UNPACKING pc=0x0000025975d07143 sp=0x00000085e97f99f0 mode 0
Event: 0.147 Thread 0x00000259695e9f20 DEOPT PACKING pc=0x000002596e7b90fc sp=0x00000085e97fa560
Event: 0.147 Thread 0x00000259695e9f20 DEOPT UNPACKING pc=0x0000025975d07143 sp=0x00000085e97f99f0 mode 0
Event: 0.264 Thread 0x00000259695e9f20 DEOPT PACKING pc=0x000002596e796ee7 sp=0x00000085e97fe780
Event: 0.264 Thread 0x00000259695e9f20 DEOPT UNPACKING pc=0x0000025975d07143 sp=0x00000085e97fdba0 mode 0
Event: 0.271 Thread 0x00000259695e9f20 DEOPT PACKING pc=0x000002596e7940d1 sp=0x00000085e97fd850
Event: 0.271 Thread 0x00000259695e9f20 DEOPT UNPACKING pc=0x0000025975d07143 sp=0x00000085e97fccc8 mode 0

Classes unloaded (0 events):
No events

Classes redefined (0 events):
No events

Internal exceptions (20 events):
Event: 0.169 Thread 0x00000259695e9f20 Exception <a 'java/lang/NoSuchMethodError'{0x0000000087b47928}: 'void java.lang.invoke.DirectMethodHandle$Holder.invokeInterface(java.lang.Object, java.lang.Object, java.lang.Object)'> (0x0000000087b47928) 
thrown [s\src\hotspot\share\interpreter\linkResolver.cpp, line 771]
Event: 0.169 Thread 0x00000259695e9f20 Exception <a 'java/lang/IncompatibleClassChangeError'{0x0000000087b4ad88}: Found class java.lang.Object, but interface was expected> (0x0000000087b4ad88) 
thrown [s\src\hotspot\share\interpreter\linkResolver.cpp, line 838]
Event: 0.169 Thread 0x00000259695e9f20 Exception <a 'java/lang/IncompatibleClassChangeError'{0x0000000087b4c2e0}: Found class java.lang.Object, but interface was expected> (0x0000000087b4c2e0) 
thrown [s\src\hotspot\share\interpreter\linkResolver.cpp, line 838]
Event: 0.170 Thread 0x00000259695e9f20 Exception <a 'java/lang/IncompatibleClassChangeError'{0x0000000087b4d3d8}: Found class java.lang.Object, but interface was expected> (0x0000000087b4d3d8) 
thrown [s\src\hotspot\share\interpreter\linkResolver.cpp, line 838]
Event: 0.170 Thread 0x00000259695e9f20 Exception <a 'java/lang/IncompatibleClassChangeError'{0x0000000087b4e8b8}: Found class java.lang.Object, but interface was expected> (0x0000000087b4e8b8) 
thrown [s\src\hotspot\share\interpreter\linkResolver.cpp, line 838]
Event: 0.170 Thread 0x00000259695e9f20 Exception <a 'java/lang/IncompatibleClassChangeError'{0x0000000087b4f870}: Found class java.lang.Object, but interface was expected> (0x0000000087b4f870) 
thrown [s\src\hotspot\share\interpreter\linkResolver.cpp, line 838]
Event: 0.170 Thread 0x00000259695e9f20 Exception <a 'java/lang/NoSuchMethodError'{0x0000000087b52540}: 'void java.lang.invoke.DirectMethodHandle$Holder.invokeStatic(java.lang.Object, java.lang.Object)'> (0x0000000087b52540) 
thrown [s\src\hotspot\share\interpreter\linkResolver.cpp, line 771]
Event: 0.170 Thread 0x00000259695e9f20 Exception <a 'java/lang/NoSuchMethodError'{0x0000000087b55bb0}: 'void java.lang.invoke.DirectMethodHandle$Holder.invokeStaticInit(java.lang.Object, java.lang.Object)'> (0x0000000087b55bb0) 
thrown [s\src\hotspot\share\interpreter\linkResolver.cpp, line 771]
Event: 0.182 Thread 0x00000259695e9f20 Exception <a 'java/lang/NoSuchMethodError'{0x0000000087b68880}: 'java.lang.Object java.lang.invoke.DirectMethodHandle$Holder.invokeStaticInit(java.lang.Object)'> (0x0000000087b68880) 
thrown [s\src\hotspot\share\interpreter\linkResolver.cpp, line 771]
Event: 0.208 Thread 0x00000259695e9f20 Exception <a 'java/lang/NoSuchMethodError'{0x0000000087be51c0}: 'java.lang.Object java.lang.invoke.DirectMethodHandle$Holder.invokeStaticInit(java.lang.Object, int, int, int, int)'> (0x0000000087be51c0) 
thrown [s\src\hotspot\share\interpreter\linkResolver.cpp, line 771]
Event: 0.239 Thread 0x00000259695e9f20 Exception <a 'java/lang/NoSuchMethodError'{0x0000000087a20ac0}: 'java.lang.Object java.lang.invoke.DirectMethodHandle$Holder.invokeStaticInit(java.lang.Object, java.lang.Object, int, int, int, int)'> (0x0000000087a20ac0) 
thrown [s\src\hotspot\share\interpreter\linkResolver.cpp, line 771]
Event: 0.286 Thread 0x00000259695e9f20 Exception <a 'java/lang/NoSuchMethodError'{0x0000000087837d20}: 'java.lang.Object java.lang.invoke.Invokers$Holder.linkToTargetMethod(java.lang.Object, long, java.lang.Object)'> (0x0000000087837d20) 
thrown [s\src\hotspot\share\interpreter\linkResolver.cpp, line 771]
Event: 0.326 Thread 0x000002590a160db0 Exception <a 'java/lang/NoSuchMethodError'{0x00000000876fd650}: static [B.<clinit>()V> (0x00000000876fd650) 
thrown [s\src\hotspot\share\prims\jni.cpp, line 1122]
Event: 0.326 Thread 0x000002590a15f970 Exception <a 'java/lang/NoSuchMethodError'{0x0000000087625078}: static [B.<clinit>()V> (0x0000000087625078) 
thrown [s\src\hotspot\share\prims\jni.cpp, line 1122]
Event: 0.333 Thread 0x000002590a15f970 Exception <a 'java/lang/NoSuchMethodError'{0x00000000876528f8}: static [Ljava/rmi/server/ObjID;.<clinit>()V> (0x00000000876528f8) 
thrown [s\src\hotspot\share\prims\jni.cpp, line 1122]
Event: 0.334 Thread 0x000002590a1612c0 Exception <a 'java/lang/InterruptedException'{0x0000000087500000}> (0x0000000087500000) 
thrown [s\src\hotspot\share\runtime\objectMonitor.cpp, line 1658]
Event: 0.335 Thread 0x000002590a15f970 Exception <a 'java/lang/NoSuchMethodError'{0x000000008765a2e0}: 'void java.lang.invoke.DirectMethodHandle$Holder.invokeSpecial(java.lang.Object, java.lang.Object, java.lang.Object)'> (0x000000008765a2e0) 
thrown [s\src\hotspot\share\interpreter\linkResolver.cpp, line 771]
Event: 0.335 Thread 0x000002590a15f970 Exception <a 'java/lang/NoSuchMethodError'{0x000000008765d848}: 'void java.lang.invoke.Invokers$Holder.invoke_MT(java.lang.Object, java.lang.Object, java.lang.Object)'> (0x000000008765d848) 
thrown [s\src\hotspot\share\interpreter\linkResolver.cpp, line 771]
Event: 0.335 Thread 0x000002590a1612c0 Exception <a 'java/lang/NoSuchMethodError'{0x0000000087508b38}: 'java.lang.Object java.lang.invoke.DirectMethodHandle$Holder.newInvokeSpecial(java.lang.Object, java.lang.Object, int, java.lang.Object, long)'> (0x0000000087508b38) 
thrown [s\src\hotspot\share\interpreter\linkResolver.cpp, line 771]
Event: 0.383 Thread 0x000002590a15f970 Exception <a 'java/lang/NoSuchMethodError'{0x00000000873c5c30}: 'java.lang.Object java.lang.invoke.DirectMethodHandle$Holder.invokeInterface(java.lang.Object, java.lang.Object)'> (0x00000000873c5c30) 
thrown [s\src\hotspot\share\interpreter\linkResolver.cpp, line 771]

VM Operations (6 events):
Event: 0.111 Executing VM operation: HandshakeAllThreads
Event: 0.111 Executing VM operation: HandshakeAllThreads done
Event: 0.141 Executing VM operation: HandshakeAllThreads
Event: 0.141 Executing VM operation: HandshakeAllThreads done
Event: 0.174 Executing VM operation: HandshakeAllThreads
Event: 0.174 Executing VM operation: HandshakeAllThreads done

Events (20 events):
Event: 0.387 loading class java/util/concurrent/locks/ReentrantReadWriteLock$Sync done
Event: 0.387 loading class java/util/concurrent/locks/ReentrantReadWriteLock$NonfairSync done
Event: 0.387 loading class java/util/concurrent/locks/ReentrantReadWriteLock$Sync$ThreadLocalHoldCounter
Event: 0.387 loading class java/util/concurrent/locks/ReentrantReadWriteLock$Sync$ThreadLocalHoldCounter done
Event: 0.387 loading class java/util/concurrent/locks/ReentrantReadWriteLock$ReadLock
Event: 0.387 loading class java/util/concurrent/locks/ReentrantReadWriteLock$ReadLock done
Event: 0.387 loading class java/util/concurrent/locks/ReentrantReadWriteLock$WriteLock
Event: 0.387 loading class java/util/concurrent/locks/ReentrantReadWriteLock$WriteLock done
Event: 0.389 loading class java/util/regex/Pattern$Neg
Event: 0.389 loading class java/util/regex/Pattern$Neg done
Event: 0.389 loading class java/util/regex/Pattern$StartS
Event: 0.389 loading class java/util/regex/Pattern$StartS done
Event: 0.389 loading class java/util/regex/Pattern$Dollar
Event: 0.389 loading class java/util/regex/Pattern$Dollar done
Event: 0.389 loading class java/net/URLDecoder
Event: 0.389 loading class java/net/URLDecoder done
Event: 0.389 loading class java/net/URLEncoder
Event: 0.389 loading class java/net/URLEncoder done
Event: 0.389 loading class java/util/BitSet
Event: 0.390 loading class java/util/BitSet done


Dynamic libraries:
0x00007ff6464d0000 - 0x00007ff6464da000 	C:\Program Files\JetBrains\IntelliJ IDEA 2023.3.6\jbr\bin\java.exe
0x00007ff8c7e30000 - 0x00007ff8c8047000 	C:\WINDOWS\SYSTEM32\ntdll.dll
0x00007ff8c6b80000 - 0x00007ff8c6c44000 	C:\WINDOWS\System32\KERNEL32.DLL
0x00007ff8c5570000 - 0x00007ff8c5916000 	C:\WINDOWS\System32\KERNELBASE.dll
0x00007ff8c5170000 - 0x00007ff8c5281000 	C:\WINDOWS\System32\ucrtbase.dll
0x00007ff8bd210000 - 0x00007ff8bd227000 	C:\Program Files\JetBrains\IntelliJ IDEA 2023.3.6\jbr\bin\jli.dll
0x00007ff84aba0000 - 0x00007ff84abbb000 	C:\Program Files\JetBrains\IntelliJ IDEA 2023.3.6\jbr\bin\VCRUNTIME140.dll
0x00007ff8c7730000 - 0x00007ff8c78de000 	C:\WINDOWS\System32\USER32.dll
0x00007ff8c5920000 - 0x00007ff8c5946000 	C:\WINDOWS\System32\win32u.dll
0x00007ff8c6ea0000 - 0x00007ff8c6ec9000 	C:\WINDOWS\System32\GDI32.dll
0x00007ff8c3cf0000 - 0x00007ff8c3f83000 	C:\WINDOWS\WinSxS\amd64_microsoft.windows.common-controls_6595b64144ccf1df_6.0.22621.2506_none_270c5ae97388e100\COMCTL32.dll
0x00007ff8c5450000 - 0x00007ff8c5568000 	C:\WINDOWS\System32\gdi32full.dll
0x00007ff8c78e0000 - 0x00007ff8c7987000 	C:\WINDOWS\System32\msvcrt.dll
0x00007ff8c5300000 - 0x00007ff8c539a000 	C:\WINDOWS\System32\msvcp_win.dll
0x00007ff8c5b80000 - 0x00007ff8c5bb1000 	C:\WINDOWS\System32\IMM32.DLL
0x000000005b430000 - 0x000000005b43c000 	C:\Program Files (x86)\360\Total Security\safemon\SafeWrapper.dll
0x00007ff8c6ed0000 - 0x00007ff8c6f83000 	C:\WINDOWS\System32\ADVAPI32.dll
0x00007ff8c7990000 - 0x00007ff8c7a38000 	C:\WINDOWS\System32\sechost.dll
0x00007ff8c5420000 - 0x00007ff8c5448000 	C:\WINDOWS\System32\bcrypt.dll
0x00007ff8c6d30000 - 0x00007ff8c6e47000 	C:\WINDOWS\System32\RPCRT4.dll
0x00007ff8bd4b0000 - 0x00007ff8bd542000 	C:\Program Files (x86)\360\Total Security\safemon\libzdtp64.dll
0x00007ff8c5f80000 - 0x00007ff8c67db000 	C:\WINDOWS\System32\SHELL32.dll
0x00007ff8c6c50000 - 0x00007ff8c6cae000 	C:\WINDOWS\System32\SHLWAPI.dll
0x00007ff8c4bf0000 - 0x00007ff8c4bfa000 	C:\WINDOWS\SYSTEM32\VERSION.dll
0x00007ff8b6960000 - 0x00007ff8b696c000 	C:\Program Files\JetBrains\IntelliJ IDEA 2023.3.6\jbr\bin\vcruntime140_1.dll
0x00007ff843470000 - 0x00007ff8434fd000 	C:\Program Files\JetBrains\IntelliJ IDEA 2023.3.6\jbr\bin\msvcp140.dll
0x00007ff887ba0000 - 0x00007ff888822000 	C:\Program Files\JetBrains\IntelliJ IDEA 2023.3.6\jbr\bin\server\jvm.dll
0x00007ff8c4aa0000 - 0x00007ff8c4aed000 	C:\WINDOWS\SYSTEM32\POWRPROF.dll
0x00007ff8c3270000 - 0x00007ff8c32a4000 	C:\WINDOWS\SYSTEM32\WINMM.dll
0x00007ff8c1d40000 - 0x00007ff8c1d49000 	C:\WINDOWS\SYSTEM32\WSOCK32.dll
0x00007ff8c6cb0000 - 0x00007ff8c6d21000 	C:\WINDOWS\System32\WS2_32.dll
0x00007ff8c4a80000 - 0x00007ff8c4a93000 	C:\WINDOWS\SYSTEM32\UMPDC.dll
0x00007ff8c4140000 - 0x00007ff8c4158000 	C:\WINDOWS\SYSTEM32\kernel.appcore.dll
0x00007ff8bfee0000 - 0x00007ff8bfeea000 	C:\Program Files\JetBrains\IntelliJ IDEA 2023.3.6\jbr\bin\jimage.dll
0x00007ff8c27b0000 - 0x00007ff8c29e3000 	C:\WINDOWS\SYSTEM32\DBGHELP.DLL
0x00007ff8c67f0000 - 0x00007ff8c6b79000 	C:\WINDOWS\System32\combase.dll
0x00007ff8c7a40000 - 0x00007ff8c7b17000 	C:\WINDOWS\System32\OLEAUT32.dll
0x00007ff8b0e40000 - 0x00007ff8b0e72000 	C:\WINDOWS\SYSTEM32\dbgcore.DLL
0x00007ff8c53a0000 - 0x00007ff8c541a000 	C:\WINDOWS\System32\bcryptPrimitives.dll
0x00007ff8bd170000 - 0x00007ff8bd195000 	C:\Program Files\JetBrains\IntelliJ IDEA 2023.3.6\jbr\bin\java.dll
0x00007ff8b3220000 - 0x00007ff8b3238000 	C:\Program Files\JetBrains\IntelliJ IDEA 2023.3.6\jbr\bin\zip.dll
0x00007ff8c33f0000 - 0x00007ff8c3ce6000 	C:\WINDOWS\SYSTEM32\windows.storage.dll
0x00007ff8c32b0000 - 0x00007ff8c33ee000 	C:\WINDOWS\SYSTEM32\wintypes.dll
0x00007ff8c6f90000 - 0x00007ff8c7083000 	C:\WINDOWS\System32\SHCORE.dll
0x00007ff8c50a0000 - 0x00007ff8c50c6000 	C:\WINDOWS\SYSTEM32\profapi.dll
0x00007ff8b3200000 - 0x00007ff8b3219000 	C:\Program Files\JetBrains\IntelliJ IDEA 2023.3.6\jbr\bin\net.dll
0x00007ff8bd900000 - 0x00007ff8bda37000 	C:\WINDOWS\SYSTEM32\WINHTTP.dll
0x00007ff8c45c0000 - 0x00007ff8c4629000 	C:\WINDOWS\system32\mswsock.dll
0x00007ff8b31e0000 - 0x00007ff8b31f6000 	C:\Program Files\JetBrains\IntelliJ IDEA 2023.3.6\jbr\bin\nio.dll
0x00007ff8c2ea0000 - 0x00007ff8c2ecd000 	C:\WINDOWS\SYSTEM32\IPHLPAPI.DLL
0x00007ff8c5bc0000 - 0x00007ff8c5bc9000 	C:\WINDOWS\System32\NSI.dll
0x00007ff8be8f0000 - 0x00007ff8be909000 	C:\WINDOWS\SYSTEM32\dhcpcsvc6.DLL
0x00007ff8bd710000 - 0x00007ff8bd72f000 	C:\WINDOWS\SYSTEM32\dhcpcsvc.DLL
0x00007ff8c2f10000 - 0x00007ff8c3009000 	C:\WINDOWS\SYSTEM32\DNSAPI.dll
0x00007ff8c4810000 - 0x00007ff8c482b000 	C:\WINDOWS\SYSTEM32\CRYPTSP.dll
0x000000005c8b0000 - 0x000000005c8c9000 	C:\Program Files\Common Files\Crypto Pro\AppCompat\cpadvai.dll
0x00007ff8c40a0000 - 0x00007ff8c40d5000 	C:\WINDOWS\system32\rsaenh.dll
0x00007ff8c46b0000 - 0x00007ff8c46dc000 	C:\WINDOWS\SYSTEM32\USERENV.dll
0x00007ff8c4830000 - 0x00007ff8c483c000 	C:\WINDOWS\SYSTEM32\CRYPTBASE.dll
0x00007ff8b2440000 - 0x00007ff8b2449000 	C:\Program Files\JetBrains\IntelliJ IDEA 2023.3.6\jbr\bin\extnet.dll
0x00007ff8b6920000 - 0x00007ff8b6927000 	C:\Program Files\JetBrains\IntelliJ IDEA 2023.3.6\jbr\bin\rmi.dll

dbghelp: loaded successfully - version: 4.0.5 - missing functions: none
symbol engine: initialized successfully - sym options: 0x614 - pdb path: .;C:\Program Files\JetBrains\IntelliJ IDEA 2023.3.6\jbr\bin;C:\WINDOWS\SYSTEM32;C:\WINDOWS\WinSxS\amd64_microsoft.windows.common-controls_6595b64144ccf1df_6.0.22621.2506_none_270c5ae97388e100;C:\Program Files (x86)\360\Total Security\safemon;C:\Program Files\JetBrains\IntelliJ IDEA 2023.3.6\jbr\bin\server;C:\Program Files\Common Files\Crypto Pro\AppCompat

VM Arguments:
jvm_args: -Djava.rmi.server.hostname=127.0.0.1 -Duser.timezone=UTC -Xmx2048m -Xms128m -Djdbc.classpath=C:\Program Files\JetBrains\IntelliJ IDEA 2023.3.6\plugins\DatabaseTools\lib\jdbc-console.jar;C:\Users\rainb\AppData\Roaming\JetBrains\IntelliJIdea2024.1\jdbc-drivers\MySQL ConnectorJ\8.2.0\com\mysql\mysql-connector-j\8.2.0\mysql-connector-j-8.2.0.jar;C:\Users\rainb\AppData\Roaming\JetBrains\IntelliJIdea2024.1\jdbc-drivers\MySQL ConnectorJ\8.2.0\com\google\protobuf\protobuf-java\3.21.9\protobuf-java-3.21.9.jar --add-exports=java.desktop/sun.awt=ALL-UNNAMED --add-exports=java.desktop/java.awt.peer=ALL-UNNAMED --add-opens=java.desktop/java.awt=ALL-UNNAMED --add-opens=jdk.unsupported/sun.misc=ALL-UNNAMED --add-opens=java.base/java.nio=ALL-UNNAMED --add-opens=java.base/java.util=ALL-UNNAMED -Dfile.encoding=UTF-8 
java_command: com.intellij.database.remote.RemoteJdbcServer com.mysql.cj.jdbc.Driver
java_class_path (initial): C:\Program Files\JetBrains\IntelliJ IDEA 2023.3.6\lib\util_rt.jar;C:\Program Files\JetBrains\IntelliJ IDEA 2023.3.6\lib\util-8.jar;C:\Program Files\JetBrains\IntelliJ IDEA 2023.3.6\lib\groovy.jar;C:\Program Files\JetBrains\IntelliJ IDEA 2023.3.6\plugins\DatabaseTools\lib\jdbc-console.jar;C:\Program Files\JetBrains\IntelliJ IDEA 2023.3.6\plugins\grid-core-impl\lib\jdbc-console-types.jar;C:\Program Files\JetBrains\IntelliJ IDEA 2023.3.6\lib\util.jar
Launcher Type: SUN_STANDARD

[Global flags]
     intx CICompilerCount                          = 4                                         {product} {ergonomic}
     uint ConcGCThreads                            = 2                                         {product} {ergonomic}
     uint G1ConcRefinementThreads                  = 8                                         {product} {ergonomic}
   size_t G1HeapRegionSize                         = 1048576                                   {product} {ergonomic}
    uintx GCDrainStackTargetSize                   = 64                                        {product} {ergonomic}
   size_t InitialHeapSize                          = 134217728                                 {product} {command line}
   size_t MarkStackSize                            = 4194304                                   {product} {ergonomic}
   size_t MaxHeapSize                              = 2147483648                                {product} {command line}
   size_t MaxNewSize                               = 1287651328                                {product} {ergonomic}
   size_t MinHeapDeltaBytes                        = 1048576                                   {product} {ergonomic}
   size_t MinHeapSize                              = 134217728                                 {product} {command line}
    uintx NonNMethodCodeHeapSize                   = 5839372                                {pd product} {ergonomic}
    uintx NonProfiledCodeHeapSize                  = 122909434                              {pd product} {ergonomic}
    uintx ProfiledCodeHeapSize                     = 122909434                              {pd product} {ergonomic}
    uintx ReservedCodeCacheSize                    = 251658240                              {pd product} {ergonomic}
     bool SegmentedCodeCache                       = true                                      {product} {ergonomic}
   size_t SoftMaxHeapSize                          = 2147483648                             {manageable} {ergonomic}
     bool UseCompressedClassPointers               = true                           {product lp64_product} {ergonomic}
     bool UseCompressedOops                        = true                           {product lp64_product} {ergonomic}
     bool UseG1GC                                  = true                                      {product} {ergonomic}
     bool UseLargePagesIndividualAllocation        = false                                  {pd product} {ergonomic}

Logging:
Log output configuration:
 #0: stdout all=warning uptime,level,tags
 #1: stderr all=off uptime,level,tags

Environment Variables:
JAVA_HOME=C:\Program Files\Java\jdk-20
PATH=C:\Program Files\Common Files\Oracle\Java\javapath;C:\Windows\system32;C:\Windows;C:\Windows\System32\Wbem;C:\Windows\System32\WindowsPowerShell\v1.0\;C:\Windows\System32\OpenSSH\;C:\Program Files (x86)\NVIDIA Corporation\PhysX\Common;C:\Program Files\NVIDIA Corporation\NVIDIA NvDLISR;C:\WINDOWS\system32;C:\WINDOWS;C:\WINDOWS\System32\Wbem;C:\WINDOWS\System32\WindowsPowerShell\v1.0\;C:\WINDOWS\System32\OpenSSH\;C:\Program Files\Go\bin;C:\Program Files\Java\jdk-20\bin;C:\Program Files\Java\jdk-20\bin;C:\Program Files\apache-maven-3.9.6\bin;C:\Program Files\Git\cmd;C:\Program Files\MySQL\MySQL Shell 8.3\bin\;C:\Users\rainb\AppData\Local\Microsoft\WindowsApps;C:\Users\rainb\go\bin;C:\Program Files\JetBrains\IntelliJ IDEA 2023.3.6\bin;;C:\Program Files\JetBrains\IntelliJ IDEA Community Edition 2023.2\bin;;C:\Users\rainb\AppData\Local\GitHubDesktop\bin
USERNAME=rainb
OS=Windows_NT
PROCESSOR_IDENTIFIER=Intel64 Family 6 Model 165 Stepping 2, GenuineIntel
TMP=C:\Users\rainb\AppData\Local\Temp
TEMP=C:\Users\rainb\AppData\Local\Temp



Periodic native trim disabled

JNI global refs:
JNI global refs: 18, weak refs: 0

JNI global refs memory usage: 843, weak refs: 841

OOME stack traces (most recent first):
Classloader memory used:
Loader bootstrap                                                                       : 1566K
Loader jdk.internal.loader.ClassLoaders$AppClassLoader                                 : 149K
Loader com.intellij.database.remote.jdbc.impl.JdbcClassLoader$JdbcClassLoaderImpl      : 22584B
Loader jdk.internal.loader.ClassLoaders$PlatformClassLoader                            : 21199B
Loader jdk.internal.reflect.DelegatingClassLoader                                      : 9396B


---------------  S Y S T E M  ---------------

OS:
 Windows 11 , 64 bit Build 22621 (10.0.22621.3085)
OS uptime: 0 days 2:45 hours

CPU: total 8 (initial active 8) (4 cores per cpu, 2 threads per core) family 6 model 165 stepping 2 microcode 0xe0, cx8, cmov, fxsr, ht, mmx, 3dnowpref, sse, sse2, sse3, ssse3, sse4.1, sse4.2, popcnt, lzcnt, tsc, tscinvbit, avx, avx2, aes, erms, clmul, bmi1, bmi2, adx, fma, vzeroupper, clflush, clflushopt
Processor Information for all 8 processors :
  Max Mhz: 2496, Current Mhz: 2496, Mhz Limit: 2496

Memory: 4k page, system-wide physical 12119M (2467M free)
TotalPageFile size 14167M (AvailPageFile size 5M)
current process WorkingSet (physical memory assigned to process): 68M, peak: 68M
current process commit charge ("private bytes"): 223M, peak: 224M

vm_info: OpenJDK 64-Bit Server VM (17.0.10+8-b1207.12) for windows-amd64 JRE (17.0.10+8-b1207.12), built on 2024-03-15 by "builduser" with MS VC++ 16.10 / 16.11 (VS2019)

END.
