#
# There is insufficient memory for the Java Runtime Environment to continue.
# Native memory allocation (mmap) failed to map 199229440 bytes for G1 virtual space
# Possible reasons:
#   The system is out of physical RAM or swap space
#   The process is running with CompressedOops enabled, and the Java Heap may be blocking the growth of the native heap
# Possible solutions:
#   Reduce memory load on the system
#   Increase physical memory or swap space
#   Check if swap backing store is full
#   Decrease Java heap size (-Xmx/-Xms)
#   Decrease number of Java threads
#   Decrease Java thread stack sizes (-Xss)
#   Set larger code cache with -XX:ReservedCodeCacheSize=
#   JVM is running with Zero Based Compressed Oops mode in which the Java heap is
#     placed in the first 32GB address space. The Java Heap base address is the
#     maximum limit for the native heap growth. Please use -XX:HeapBaseMinAddress
#     to set the Java Heap base and to place the Java Heap above 32GB virtual address.
# This output file may be truncated or incomplete.
#
#  Out of Memory Error (os_windows.cpp:3528), pid=18784, tid=23968
#
# JRE version:  (20.0.2+9) (build )
# Java VM: Java HotSpot(TM) 64-Bit Server VM (20.0.2+9-78, mixed mode, sharing, tiered, compressed oops, compressed class ptrs, g1 gc, windows-amd64)
# No core dump will be written. Minidumps are not enabled by default on client versions of Windows
#

---------------  S U M M A R Y ------------

Command Line: -ea -Didea.test.cyclic.buffer.size=1048576 -javaagent:C:\Program Files\JetBrains\IntelliJ IDEA 2023.3.6\lib\idea_rt.jar=53733:C:\Program Files\JetBrains\IntelliJ IDEA 2023.3.6\bin -Dfile.encoding=UTF-8 -Dsun.stdout.encoding=UTF-8 -Dsun.stderr.encoding=UTF-8 com.intellij.rt.junit.JUnitStarter -ideVersion5 -junit4 UserServiceTest

Host: Intel(R) Core(TM) i5-10300H CPU @ 2.50GHz, 8 cores, 11G,  Windows 11 , 64 bit Build 22621 (10.0.22621.3085)
Time: Mon Apr 15 15:55:02 2024 RTZ 2 (s 11 , 64 bit Build 22621 (10.0.22621.3085) elapsed time: 0.012303 seconds (0d 0h 0m 0s)

---------------  T H R E A D  ---------------

Current thread (0x0000013726f2c750):  JavaThread "Unknown thread" [_thread_in_vm, id=23968, stack(0x0000000103900000,0x0000000103a00000)]

Stack: [0x0000000103900000,0x0000000103a00000]
Native frames: (J=compiled Java code, j=interpreted, Vv=VM code, C=native code)
V  [jvm.dll+0x6bc25a]
V  [jvm.dll+0x84971a]
V  [jvm.dll+0x84b315]
V  [jvm.dll+0x84ba13]
V  [jvm.dll+0x280e4f]
V  [jvm.dll+0x6b8fe9]
V  [jvm.dll+0x6adbca]
V  [jvm.dll+0x35b165]
V  [jvm.dll+0x363386]
V  [jvm.dll+0x3b400e]
V  [jvm.dll+0x3b4295]
V  [jvm.dll+0x32b86a]
V  [jvm.dll+0x32c68b]
V  [jvm.dll+0x8123df]
V  [jvm.dll+0x3c1261]
V  [jvm.dll+0x7fe103]
V  [jvm.dll+0x44ccaf]
V  [jvm.dll+0x44e621]
C  [jli.dll+0x5287]
C  [ucrtbase.dll+0x29363]
C  [KERNEL32.DLL+0x1257d]
C  [ntdll.dll+0x5aa58]


---------------  P R O C E S S  ---------------

Threads class SMR info:
_java_thread_list=0x00007ffb93f2b118, length=0, elements={
}

Java Threads: ( => current thread )

Other Threads:
  0x0000013726f84160 WorkerThread "GC Thread#0" [stack: 0x0000000103a00000,0x0000000103b00000] [id=7092]
  0x0000013726fade20 ConcurrentGCThread "G1 Main Marker" [stack: 0x0000000103b00000,0x0000000103c00000] [id=24356]
  0x0000013726fae760 WorkerThread "G1 Conc#0" [stack: 0x0000000103c00000,0x0000000103d00000] [id=29388]

[error occurred during error reporting (printing all threads), id 0xc0000005, EXCEPTION_ACCESS_VIOLATION (0xc0000005) at pc=0x00007ffb9370eea7]
VM state: not at safepoint (not fully initialized)

VM Mutex/Monitor currently owned by a thread:  ([mutex/lock_event])
[0x0000013726f28af0] Heap_lock - owner thread: 0x0000013726f2c750

Heap address: 0x0000000742a00000, size: 3030 MB, Compressed Oops mode: Zero based, Oop shift amount: 3

CDS archive(s) mapped at: [0x0000000000000000-0x0000000000000000-0x0000000000000000), size 0, SharedBaseAddress: 0x0000000800000000, ArchiveRelocationMode: 1.
Narrow klass base: 0x0000000000000000, Narrow klass shift: 0, Narrow klass range: 0x0

GC Precious Log:
 CardTable entry size: 512
 Card Set container configuration: InlinePtr #cards 4 size 8 Array Of Cards #cards 16 size 48 Howl #buckets 8 coarsen threshold 3686 Howl Bitmap #cards 512 size 80 coarsen threshold 460 Card regions per heap region 1 cards per card region 4096

Heap:
 garbage-first heap   total 0K, used 0K [0x0000000742a00000, 0x0000000800000000)
  region size 2048K, 0 young (0K), 0 survivors (0K)

[error occurred during error reporting (printing heap information), id 0xc0000005, EXCEPTION_ACCESS_VIOLATION (0xc0000005) at pc=0x00007ffb93ae47b9]
GC Heap History (0 events):
No events

Dll operation events (1 events):
Event: 0.008 Loaded shared library C:\Program Files\Java\jdk-20\bin\java.dll

Deoptimization events (0 events):
No events

Classes loaded (0 events):
No events

Classes unloaded (0 events):
No events

Classes redefined (0 events):
No events

Internal exceptions (0 events):
No events

VM Operations (0 events):
No events

Events (0 events):
No events


Dynamic libraries:
0x00007ff62ca80000 - 0x00007ff62ca90000 	C:\Program Files\Java\jdk-20\bin\java.exe
0x00007ffbdb3f0000 - 0x00007ffbdb607000 	C:\WINDOWS\SYSTEM32\ntdll.dll
0x00007ffbdac60000 - 0x00007ffbdad24000 	C:\WINDOWS\System32\KERNEL32.DLL
0x00007ffbd8980000 - 0x00007ffbd8d26000 	C:\WINDOWS\System32\KERNELBASE.dll
0x00007ffbd9020000 - 0x00007ffbd9131000 	C:\WINDOWS\System32\ucrtbase.dll
0x00007ffbc9f00000 - 0x00007ffbc9f19000 	C:\Program Files\Java\jdk-20\bin\jli.dll
0x00007ffbc9ee0000 - 0x00007ffbc9efb000 	C:\Program Files\Java\jdk-20\bin\VCRUNTIME140.dll
0x00007ffbdaae0000 - 0x00007ffbdab93000 	C:\WINDOWS\System32\ADVAPI32.dll
0x00007ffbda6e0000 - 0x00007ffbda787000 	C:\WINDOWS\System32\msvcrt.dll
0x00007ffbd91e0000 - 0x00007ffbd9288000 	C:\WINDOWS\System32\sechost.dll
0x00007ffbd8d60000 - 0x00007ffbd8d88000 	C:\WINDOWS\System32\bcrypt.dll
0x00007ffbdb290000 - 0x00007ffbdb3a7000 	C:\WINDOWS\System32\RPCRT4.dll
0x00007ffbda8a0000 - 0x00007ffbdaa4e000 	C:\WINDOWS\System32\USER32.dll
0x00007ffbd8d30000 - 0x00007ffbd8d56000 	C:\WINDOWS\System32\win32u.dll
0x00007ffbdb260000 - 0x00007ffbdb289000 	C:\WINDOWS\System32\GDI32.dll
0x00007ffbd72b0000 - 0x00007ffbd7543000 	C:\WINDOWS\WinSxS\amd64_microsoft.windows.common-controls_6595b64144ccf1df_6.0.22621.2506_none_270c5ae97388e100\COMCTL32.dll
0x00007ffbd8f00000 - 0x00007ffbd9018000 	C:\WINDOWS\System32\gdi32full.dll
0x00007ffbd87a0000 - 0x00007ffbd883a000 	C:\WINDOWS\System32\msvcp_win.dll
0x00007ffbd81f0000 - 0x00007ffbd81fa000 	C:\WINDOWS\SYSTEM32\VERSION.dll
0x00007ffbdaba0000 - 0x00007ffbdabd1000 	C:\WINDOWS\System32\IMM32.DLL
0x0000000052ce0000 - 0x0000000052cec000 	C:\Program Files (x86)\360\Total Security\safemon\SafeWrapper.dll
0x00007ffbb0f10000 - 0x00007ffbb0fa2000 	C:\Program Files (x86)\360\Total Security\safemon\libzdtp64.dll
0x00007ffbd9e80000 - 0x00007ffbda6db000 	C:\WINDOWS\System32\SHELL32.dll
0x00007ffbd9860000 - 0x00007ffbd98be000 	C:\WINDOWS\System32\SHLWAPI.dll
0x00007ffbc9ed0000 - 0x00007ffbc9edc000 	C:\Program Files\Java\jdk-20\bin\vcruntime140_1.dll
0x00007ffba0d90000 - 0x00007ffba0e1e000 	C:\Program Files\Java\jdk-20\bin\msvcp140.dll
0x00007ffb933d0000 - 0x00007ffb94068000 	C:\Program Files\Java\jdk-20\bin\server\jvm.dll
0x00007ffbd4fd0000 - 0x00007ffbd4fd9000 	C:\WINDOWS\SYSTEM32\WSOCK32.dll
0x00007ffbd6830000 - 0x00007ffbd6864000 	C:\WINDOWS\SYSTEM32\WINMM.dll
0x00007ffbd9680000 - 0x00007ffbd96f1000 	C:\WINDOWS\System32\WS2_32.dll
0x00007ffbd7700000 - 0x00007ffbd7718000 	C:\WINDOWS\SYSTEM32\kernel.appcore.dll
0x00007ffbc9240000 - 0x00007ffbc924a000 	C:\Program Files\Java\jdk-20\bin\jimage.dll
0x00007ffbd5d40000 - 0x00007ffbd5f73000 	C:\WINDOWS\SYSTEM32\DBGHELP.DLL
0x00007ffbd92f0000 - 0x00007ffbd9679000 	C:\WINDOWS\System32\combase.dll
0x00007ffbd9da0000 - 0x00007ffbd9e77000 	C:\WINDOWS\System32\OLEAUT32.dll
0x00007ffbc2690000 - 0x00007ffbc26c2000 	C:\WINDOWS\SYSTEM32\dbgcore.DLL
0x00007ffbd8840000 - 0x00007ffbd88ba000 	C:\WINDOWS\System32\bcryptPrimitives.dll
0x00007ffbc8de0000 - 0x00007ffbc8dee000 	C:\Program Files\Java\jdk-20\bin\instrument.dll
0x00007ffbc9210000 - 0x00007ffbc9236000 	C:\Program Files\Java\jdk-20\bin\java.dll

dbghelp: loaded successfully - version: 4.0.5 - missing functions: none
symbol engine: initialized successfully - sym options: 0x614 - pdb path: .;C:\Program Files\Java\jdk-20\bin;C:\WINDOWS\SYSTEM32;C:\WINDOWS\WinSxS\amd64_microsoft.windows.common-controls_6595b64144ccf1df_6.0.22621.2506_none_270c5ae97388e100;C:\Program Files (x86)\360\Total Security\safemon;C:\Program Files\Java\jdk-20\bin\server

VM Arguments:
jvm_args: -ea -Didea.test.cyclic.buffer.size=1048576 -javaagent:C:\Program Files\JetBrains\IntelliJ IDEA 2023.3.6\lib\idea_rt.jar=53733:C:\Program Files\JetBrains\IntelliJ IDEA 2023.3.6\bin -Dfile.encoding=UTF-8 -Dsun.stdout.encoding=UTF-8 -Dsun.stderr.encoding=UTF-8 
java_command: com.intellij.rt.junit.JUnitStarter -ideVersion5 -junit4 UserServiceTest
java_class_path (initial): C:\Program Files\JetBrains\IntelliJ IDEA 2023.3.6\lib\idea_rt.jar;C:\Program Files\JetBrains\IntelliJ IDEA 2023.3.6\plugins\junit\lib\junit5-rt.jar;C:\Program Files\JetBrains\IntelliJ IDEA 2023.3.6\plugins\junit\lib\junit-rt.jar;C:\Users\rainb\IdeaProjects\PP_1_1_3-4_JDBC_Hibernate\target\test-classes;C:\Users\rainb\IdeaProjects\PP_1_1_3-4_JDBC_Hibernate\target\classes;C:\Users\rainb\.m2\repository\junit\junit\4.13.2\junit-4.13.2.jar;C:\Users\rainb\.m2\repository\org\hamcrest\hamcrest-core\1.3\hamcrest-core-1.3.jar;C:\Users\rainb\.m2\repository\mysql\mysql-connector-java\8.0.25\mysql-connector-java-8.0.25.jar;C:\Users\rainb\.m2\repository\com\google\protobuf\protobuf-java\3.11.4\protobuf-java-3.11.4.jar;C:\Users\rainb\.m2\repository\org\hibernate\javax\persistence\hibernate-jpa-2.1-api\1.0.2.Final\hibernate-jpa-2.1-api-1.0.2.Final.jar;C:\Users\rainb\.m2\repository\org\hibernate\hibernate-core\5.6.3.Final\hibernate-core-5.6.3.Final.jar;C:\Users\rainb\.m2\repository\org\jboss\logging\jboss-logging\3.4.2.Final\jboss-logging-3.4.2.Final.jar;C:\Users\rainb\.m2\repository\javax\persistence\javax.persistence-api\2.2\javax.persistence-api-2.2.jar;C:\Users\rainb\.m2\repository\net\bytebuddy\byte-buddy\1.11.20\byte-buddy-1.11.20.jar;C:\Users\rainb\.m2\repository\antlr\antlr\2.7.7\antlr-2.7.7.jar;C:\Users\rainb\.m2\repository\org\jboss\spec\javax\transaction\jboss-transaction-api_1.2_spec\1.1.1.Final\jboss-transaction-api_1.2_spec-1.1.1.Final.jar;C:\Users\rainb\.m2\repository\org\jboss\jandex\2.2.3.Final\jandex-2.2.3.Final.jar;C:\Users\rainb\.m2\repository\com\fasterxml\classmate\1.5.1\classmate-1.5.1.jar;C:\Users\rainb\.m2\repository\javax\activation\javax.activation-api\1.2.0\javax.activation-api-1.2.0.jar;C:\Users\rainb\.m2\repository\org\hibernate\common\hibernate-commons-annotations\5.1.2.Final\hibernate-commons-annotations-5.1.2.Final.jar;C:\Users\rainb\.m2\repository\javax\xml\bind\jaxb-api\2.3.1\jaxb-api-2.3.1.jar;C:\Users\rainb\.m2\repository\org\glassfish\jaxb\jaxb-runtime\2.3.1\jaxb-runtime-2.3.1.jar;C:\Users\rainb\.m2\repository\org\glassfish\jaxb\txw2\2.3.1\txw2-2.3.1.jar;C:\Users\rainb\.m2\repository\com\sun\istack\istack-commons-runtime\3.0.7\istack-commons-runtime-3.0.7.jar;C:\Users\rainb\.m2\repository\org\jvnet\staxex\stax-ex\1.8\stax-ex-1.8.jar;C:\Users\rainb\.m2\repository\com\sun\xml\fastinfoset\FastInfoset\1.2.15\FastInfoset-1.2.15.jar
Launcher Type: SUN_STANDARD

[Global flags]
     intx CICompilerCount                          = 4                                         {product} {ergonomic}
     uint ConcGCThreads                            = 2                                         {product} {ergonomic}
     uint G1ConcRefinementThreads                  = 8                                         {product} {ergonomic}
   size_t G1HeapRegionSize                         = 2097152                                   {product} {ergonomic}
    uintx GCDrainStackTargetSize                   = 64                                        {product} {ergonomic}
   size_t InitialHeapSize                          = 199229440                                 {product} {ergonomic}
   size_t MarkStackSize                            = 4194304                                   {product} {ergonomic}
   size_t MaxHeapSize                              = 3177185280                                {product} {ergonomic}
   size_t MinHeapDeltaBytes                        = 2097152                                   {product} {ergonomic}
   size_t MinHeapSize                              = 8388608                                   {product} {ergonomic}
    uintx NonNMethodCodeHeapSize                   = 5839372                                {pd product} {ergonomic}
    uintx NonProfiledCodeHeapSize                  = 122909434                              {pd product} {ergonomic}
    uintx ProfiledCodeHeapSize                     = 122909434                              {pd product} {ergonomic}
    uintx ReservedCodeCacheSize                    = 251658240                              {pd product} {ergonomic}
     bool SegmentedCodeCache                       = true                                      {product} {ergonomic}
   size_t SoftMaxHeapSize                          = 3177185280                             {manageable} {ergonomic}
     bool UseCompressedClassPointers               = true                           {product lp64_product} {ergonomic}
     bool UseCompressedOops                        = true                           {product lp64_product} {ergonomic}
     bool UseG1GC                                  = true                                      {product} {ergonomic}
     bool UseLargePagesIndividualAllocation        = false                                  {pd product} {ergonomic}

Logging:
Log output configuration:
 #0: stdout all=warning uptime,level,tags foldmultilines=false
 #1: stderr all=off uptime,level,tags foldmultilines=false

Environment Variables:
JAVA_HOME=C:\Program Files\Java\jdk-20
PATH=C:\Program Files\Common Files\Oracle\Java\javapath;C:\Windows\system32;C:\Windows;C:\Windows\System32\Wbem;C:\Windows\System32\WindowsPowerShell\v1.0\;C:\Windows\System32\OpenSSH\;C:\Program Files (x86)\NVIDIA Corporation\PhysX\Common;C:\Program Files\NVIDIA Corporation\NVIDIA NvDLISR;C:\WINDOWS\system32;C:\WINDOWS;C:\WINDOWS\System32\Wbem;C:\WINDOWS\System32\WindowsPowerShell\v1.0\;C:\WINDOWS\System32\OpenSSH\;C:\Program Files\Go\bin;C:\Program Files\Java\jdk-20\bin;C:\Program Files\Java\jdk-20\bin;C:\Program Files\apache-maven-3.9.6\bin;C:\Program Files\Git\cmd;C:\Program Files\MySQL\MySQL Shell 8.3\bin\;C:\Users\rainb\AppData\Local\Microsoft\WindowsApps;C:\Users\rainb\go\bin;C:\Program Files\JetBrains\IntelliJ IDEA 2023.3.6\bin;;C:\Program Files\JetBrains\IntelliJ IDEA Community Edition 2023.2\bin;;C:\Users\rainb\AppData\Local\GitHubDesktop\bin
USERNAME=rainb
OS=Windows_NT
PROCESSOR_IDENTIFIER=Intel64 Family 6 Model 165 Stepping 2, GenuineIntel
TMP=C:\Users\rainb\AppData\Local\Temp
TEMP=C:\Users\rainb\AppData\Local\Temp




---------------  S Y S T E M  ---------------

OS:
 Windows 11 , 64 bit Build 22621 (10.0.22621.3085)
OS uptime: 1 days 12:40 hours

CPU: total 8 (initial active 8) (4 cores per cpu, 2 threads per core) family 6 model 165 stepping 2 microcode 0xe0, cx8, cmov, fxsr, ht, mmx, 3dnowpref, sse, sse2, sse3, ssse3, sse4.1, sse4.2, popcnt, lzcnt, tsc, tscinvbit, avx, avx2, aes, erms, clmul, bmi1, bmi2, adx, fma, vzeroupper, clflush, clflushopt, rdtscp, f16c, pku

Memory: 4k page, system-wide physical 12119M (1876M free)
TotalPageFile size 14167M (AvailPageFile size 66M)
current process WorkingSet (physical memory assigned to process): 12M, peak: 12M
current process commit charge ("private bytes"): 61M, peak: 251M

vm_info: Java HotSpot(TM) 64-Bit Server VM (20.0.2+9-78) for windows-amd64 JRE (20.0.2+9-78), built on 2023-06-14T10:08:48Z by "mach5one" with MS VC++ 17.1 (VS2022)

END.
