#
# There is insufficient memory for the Java Runtime Environment to continue.
# Native memory allocation (malloc) failed to allocate 1367360 bytes for Chunk::new
# Possible reasons:
#   The system is out of physical RAM or swap space
#   The process is running with CompressedOops enabled, and the Java Heap may be blocking the growth of the native heap
# Possible solutions:
#   Reduce memory load on the system
#   Increase physical memory or swap space
#   Check if swap backing store is full
#   Decrease Java heap size (-Xmx/-Xms)
#   Decrease number of Java threads
#   Decrease Java thread stack sizes (-Xss)
#   Set larger code cache with -XX:ReservedCodeCacheSize=
#   JVM is running with Zero Based Compressed Oops mode in which the Java heap is
#     placed in the first 32GB address space. The Java Heap base address is the
#     maximum limit for the native heap growth. Please use -XX:HeapBaseMinAddress
#     to set the Java Heap base and to place the Java Heap above 32GB virtual address.
# This output file may be truncated or incomplete.
#
#  Out of Memory Error (arena.cpp:184), pid=30580, tid=30212
#
# JRE version: Java(TM) SE Runtime Environment (20.0.2+9) (build 20.0.2+9-78)
# Java VM: Java HotSpot(TM) 64-Bit Server VM (20.0.2+9-78, mixed mode, sharing, tiered, compressed oops, compressed class ptrs, g1 gc, windows-amd64)
# No core dump will be written. Minidumps are not enabled by default on client versions of Windows
#

---------------  S U M M A R Y ------------

Command Line: -ea -Didea.test.cyclic.buffer.size=1048576 -javaagent:C:\Program Files\JetBrains\IntelliJ IDEA 2023.3.6\lib\idea_rt.jar=53388:C:\Program Files\JetBrains\IntelliJ IDEA 2023.3.6\bin -Dfile.encoding=UTF-8 -Dsun.stdout.encoding=UTF-8 -Dsun.stderr.encoding=UTF-8 com.intellij.rt.junit.JUnitStarter -ideVersion5 -junit4 UserServiceTest,saveUser

Host: Intel(R) Core(TM) i5-10300H CPU @ 2.50GHz, 8 cores, 11G,  Windows 11 , 64 bit Build 22621 (10.0.22621.3085)
Time: Sun Apr 14 01:45:24 2024 RTZ 2 (s 11 , 64 bit Build 22621 (10.0.22621.3085) elapsed time: 0.964308 seconds (0d 0h 0m 0s)

---------------  T H R E A D  ---------------

Current thread (0x0000025770373aa0):  JavaThread "C2 CompilerThread1" daemon [_thread_in_native, id=30212, stack(0x000000a4b6400000,0x000000a4b6500000)]


Current CompileTask:
C2:    964 1213       4       sun.security.ec.ECOperations::setDouble (463 bytes)

Stack: [0x000000a4b6400000,0x000000a4b6500000]
Native frames: (J=compiled Java code, j=interpreted, Vv=VM code, C=native code)
V  [jvm.dll+0x6bc25a]
V  [jvm.dll+0x84971a]
V  [jvm.dll+0x84b315]
V  [jvm.dll+0x84ba13]
V  [jvm.dll+0x280e4f]
V  [jvm.dll+0xc2ab1]
V  [jvm.dll+0xc2dd5]
V  [jvm.dll+0x3bb64c]
V  [jvm.dll+0x385b75]
V  [jvm.dll+0x384fea]
V  [jvm.dll+0x24b529]
V  [jvm.dll+0x24a921]
V  [jvm.dll+0x1ce761]
V  [jvm.dll+0x25a0eb]
V  [jvm.dll+0x2587c0]
V  [jvm.dll+0x3f2dd5]
V  [jvm.dll+0x7f5c76]
V  [jvm.dll+0x6baecb]
C  [ucrtbase.dll+0x29363]
C  [KERNEL32.DLL+0x1257d]
C  [ntdll.dll+0x5aa58]


---------------  P R O C E S S  ---------------

Threads class SMR info:
_java_thread_list=0x0000025770f7ea20, length=15, elements={
0x000002570ad6d9b0, 0x000002572ac609b0, 0x000002572ac61950, 0x000002572ac646f0,
0x000002572ac66620, 0x000002572ac69c80, 0x000002572ac6b530, 0x000002572ac70680,
0x000002572ac71b70, 0x000002572ac2e0e0, 0x00000257701c5430, 0x0000025770210660,
0x0000025770373aa0, 0x0000025770493a80, 0x0000025770bf49c0
}

Java Threads: ( => current thread )
  0x000002570ad6d9b0 JavaThread "main" [_thread_blocked, id=30608, stack(0x000000a4b5100000,0x000000a4b5200000)]
  0x000002572ac609b0 JavaThread "Reference Handler" daemon [_thread_blocked, id=29252, stack(0x000000a4b5800000,0x000000a4b5900000)]
  0x000002572ac61950 JavaThread "Finalizer" daemon [_thread_blocked, id=30428, stack(0x000000a4b5900000,0x000000a4b5a00000)]
  0x000002572ac646f0 JavaThread "Signal Dispatcher" daemon [_thread_blocked, id=9896, stack(0x000000a4b5a00000,0x000000a4b5b00000)]
  0x000002572ac66620 JavaThread "Attach Listener" daemon [_thread_blocked, id=29640, stack(0x000000a4b5b00000,0x000000a4b5c00000)]
  0x000002572ac69c80 JavaThread "Service Thread" daemon [_thread_blocked, id=29840, stack(0x000000a4b5c00000,0x000000a4b5d00000)]
  0x000002572ac6b530 JavaThread "Monitor Deflation Thread" daemon [_thread_blocked, id=30668, stack(0x000000a4b5d00000,0x000000a4b5e00000)]
  0x000002572ac70680 JavaThread "C2 CompilerThread0" daemon [_thread_blocked, id=30288, stack(0x000000a4b5e00000,0x000000a4b5f00000)]
  0x000002572ac71b70 JavaThread "C1 CompilerThread0" daemon [_thread_blocked, id=30040, stack(0x000000a4b5f00000,0x000000a4b6000000)]
  0x000002572ac2e0e0 JavaThread "Common-Cleaner" daemon [_thread_blocked, id=30260, stack(0x000000a4b6000000,0x000000a4b6100000)]
  0x00000257701c5430 JavaThread "Monitor Ctrl-Break" daemon [_thread_in_native, id=30648, stack(0x000000a4b6100000,0x000000a4b6200000)]
  0x0000025770210660 JavaThread "Notification Thread" daemon [_thread_blocked, id=13468, stack(0x000000a4b6200000,0x000000a4b6300000)]
=>0x0000025770373aa0 JavaThread "C2 CompilerThread1" daemon [_thread_in_native, id=30212, stack(0x000000a4b6400000,0x000000a4b6500000)]
  0x0000025770493a80 JavaThread "mysql-cj-abandoned-connection-cleanup" daemon [_thread_blocked, id=28172, stack(0x000000a4b6500000,0x000000a4b6600000)]
  0x0000025770bf49c0 JavaThread "C2 CompilerThread2" daemon [_thread_in_native, id=29212, stack(0x000000a4b6600000,0x000000a4b6700000)]

Other Threads:
  0x000002572ac3c470 VMThread "VM Thread" [stack: 0x000000a4b5700000,0x000000a4b5800000] [id=29972]
  0x0000025770184a20 WatcherThread "VM Periodic Task Thread" [stack: 0x000000a4b6300000,0x000000a4b6400000] [id=29316]
  0x000002570adc4bc0 WorkerThread "GC Thread#0" [stack: 0x000000a4b5200000,0x000000a4b5300000] [id=29216]
  0x0000025770bf38e0 WorkerThread "GC Thread#1" [stack: 0x000000a4b6700000,0x000000a4b6800000] [id=27736]
  0x000002577118ff70 WorkerThread "GC Thread#2" [stack: 0x000000a4b6800000,0x000000a4b6900000] [id=29968]
  0x0000025771190240 WorkerThread "GC Thread#3" [stack: 0x000000a4b6900000,0x000000a4b6a00000] [id=25772]
  0x00000257711918c0 WorkerThread "GC Thread#4" [stack: 0x000000a4b6a00000,0x000000a4b6b00000] [id=30196]
  0x00000257711915f0 WorkerThread "GC Thread#5" [stack: 0x000000a4b6b00000,0x000000a4b6c00000] [id=30536]
  0x0000025771191050 WorkerThread "GC Thread#6" [stack: 0x0000000000000000,0x0000000000000000] [id=6512]
  0x000002577118fca0 WorkerThread "GC Thread#7" [stack: 0x0000000000000000,0x0000000000000000] [id=30220]
  0x000002570add1820 ConcurrentGCThread "G1 Main Marker" [stack: 0x000000a4b5300000,0x000000a4b5400000] [id=17184]
  0x000002570add23f0 WorkerThread "G1 Conc#0" [stack: 0x000000a4b5400000,0x000000a4b5500000] [id=29808]
  0x000002570adfe930 ConcurrentGCThread "G1 Refine#0" [stack: 0x000000a4b5500000,0x000000a4b5600000] [id=27752]
  0x000002572ab00540 ConcurrentGCThread "G1 Service" [stack: 0x000000a4b5600000,0x000000a4b5700000] [id=29616]

Threads with active compile tasks:
C2 CompilerThread0      994 1426       4       sun.security.util.math.intpoly.IntegerPolynomial::multByInt (30 bytes)
C1 CompilerThread0      994 1452       3       sun.security.ssl.Record::verifyLength (19 bytes)
C2 CompilerThread1      994 1213       4       sun.security.ec.ECOperations::setDouble (463 bytes)
C2 CompilerThread2      994 1233       4       sun.security.ec.ECOperations::setSum (685 bytes)

VM state: not at safepoint (normal execution)

VM Mutex/Monitor currently owned by a thread:  ([mutex/lock_event])
[0x000002570ad67580] Compile_lock - owner thread: 0x0000000000000000

Heap address: 0x0000000742a00000, size: 3030 MB, Compressed Oops mode: Zero based, Oop shift amount: 3

CDS archive(s) mapped at: [0x000002572b000000-0x000002572bc60000-0x000002572bc60000), size 12976128, SharedBaseAddress: 0x000002572b000000, ArchiveRelocationMode: 1.
Compressed class space mapped at: 0x000002572c000000-0x000002576c000000, reserved size: 1073741824
Narrow klass base: 0x000002572b000000, Narrow klass shift: 0, Narrow klass range: 0x100000000

GC Precious Log:
 CardTable entry size: 512
 Card Set container configuration: InlinePtr #cards 4 size 8 Array Of Cards #cards 16 size 48 Howl #buckets 8 coarsen threshold 3686 Howl Bitmap #cards 512 size 80 coarsen threshold 460 Card regions per heap region 1 cards per card region 4096
 CPUs: 8 total, 8 available
 Memory: 12119M
 Large Page Support: Disabled
 NUMA Support: Disabled
 Compressed Oops: Enabled (Zero based)
 Heap Region Size: 2M
 Heap Min Capacity: 8M
 Heap Initial Capacity: 190M
 Heap Max Capacity: 3030M
 Pre-touch: Disabled
 Parallel Workers: 8
 Concurrent Workers: 2
 Concurrent Refinement Workers: 8
 Periodic GC: Disabled

Heap:
 garbage-first heap   total 194560K, used 5718K [0x0000000742a00000, 0x0000000800000000)
  region size 2048K, 3 young (6144K), 2 survivors (4096K)
 Metaspace       used 11417K, committed 11648K, reserved 1114112K
  class space    used 1231K, committed 1344K, reserved 1048576K

Heap Regions: E=young(eden), S=young(survivor), O=old, HS=humongous(starts), HC=humongous(continues), CS=collection set, F=free, OA=open archive, CA=closed archive, TAMS=top-at-mark-start, PB=parsable bottom
|   0|0x0000000742a00000, 0x0000000742b95800, 0x0000000742c00000| 79%| O|  |TAMS 0x0000000742a00000| PB 0x0000000742a00000| Untracked 
|   1|0x0000000742c00000, 0x0000000742c00000, 0x0000000742e00000|  0%| F|  |TAMS 0x0000000742c00000| PB 0x0000000742c00000| Untracked 
|   2|0x0000000742e00000, 0x0000000742e00000, 0x0000000743000000|  0%| F|  |TAMS 0x0000000742e00000| PB 0x0000000742e00000| Untracked 
|   3|0x0000000743000000, 0x0000000743000000, 0x0000000743200000|  0%| F|  |TAMS 0x0000000743000000| PB 0x0000000743000000| Untracked 
|   4|0x0000000743200000, 0x0000000743200000, 0x0000000743400000|  0%| F|  |TAMS 0x0000000743200000| PB 0x0000000743200000| Untracked 
|   5|0x0000000743400000, 0x0000000743400000, 0x0000000743600000|  0%| F|  |TAMS 0x0000000743400000| PB 0x0000000743400000| Untracked 
|   6|0x0000000743600000, 0x0000000743600000, 0x0000000743800000|  0%| F|  |TAMS 0x0000000743600000| PB 0x0000000743600000| Untracked 
|   7|0x0000000743800000, 0x0000000743800000, 0x0000000743a00000|  0%| F|  |TAMS 0x0000000743800000| PB 0x0000000743800000| Untracked 
|   8|0x0000000743a00000, 0x0000000743a00000, 0x0000000743c00000|  0%| F|  |TAMS 0x0000000743a00000| PB 0x0000000743a00000| Untracked 
|   9|0x0000000743c00000, 0x0000000743c00000, 0x0000000743e00000|  0%| F|  |TAMS 0x0000000743c00000| PB 0x0000000743c00000| Untracked 
|  10|0x0000000743e00000, 0x0000000743e00000, 0x0000000744000000|  0%| F|  |TAMS 0x0000000743e00000| PB 0x0000000743e00000| Untracked 
|  11|0x0000000744000000, 0x0000000744000000, 0x0000000744200000|  0%| F|  |TAMS 0x0000000744000000| PB 0x0000000744000000| Untracked 
|  12|0x0000000744200000, 0x0000000744200000, 0x0000000744400000|  0%| F|  |TAMS 0x0000000744200000| PB 0x0000000744200000| Untracked 
|  13|0x0000000744400000, 0x0000000744400000, 0x0000000744600000|  0%| F|  |TAMS 0x0000000744400000| PB 0x0000000744400000| Untracked 
|  14|0x0000000744600000, 0x0000000744600000, 0x0000000744800000|  0%| F|  |TAMS 0x0000000744600000| PB 0x0000000744600000| Untracked 
|  15|0x0000000744800000, 0x0000000744800000, 0x0000000744a00000|  0%| F|  |TAMS 0x0000000744800000| PB 0x0000000744800000| Untracked 
|  16|0x0000000744a00000, 0x0000000744a00000, 0x0000000744c00000|  0%| F|  |TAMS 0x0000000744a00000| PB 0x0000000744a00000| Untracked 
|  17|0x0000000744c00000, 0x0000000744c00000, 0x0000000744e00000|  0%| F|  |TAMS 0x0000000744c00000| PB 0x0000000744c00000| Untracked 
|  18|0x0000000744e00000, 0x0000000744e00000, 0x0000000745000000|  0%| F|  |TAMS 0x0000000744e00000| PB 0x0000000744e00000| Untracked 
|  19|0x0000000745000000, 0x0000000745000000, 0x0000000745200000|  0%| F|  |TAMS 0x0000000745000000| PB 0x0000000745000000| Untracked 
|  20|0x0000000745200000, 0x0000000745200000, 0x0000000745400000|  0%| F|  |TAMS 0x0000000745200000| PB 0x0000000745200000| Untracked 
|  21|0x0000000745400000, 0x0000000745400000, 0x0000000745600000|  0%| F|  |TAMS 0x0000000745400000| PB 0x0000000745400000| Untracked 
|  22|0x0000000745600000, 0x0000000745600000, 0x0000000745800000|  0%| F|  |TAMS 0x0000000745600000| PB 0x0000000745600000| Untracked 
|  23|0x0000000745800000, 0x0000000745800000, 0x0000000745a00000|  0%| F|  |TAMS 0x0000000745800000| PB 0x0000000745800000| Untracked 
|  24|0x0000000745a00000, 0x0000000745a00000, 0x0000000745c00000|  0%| F|  |TAMS 0x0000000745a00000| PB 0x0000000745a00000| Untracked 
|  25|0x0000000745c00000, 0x0000000745c00000, 0x0000000745e00000|  0%| F|  |TAMS 0x0000000745c00000| PB 0x0000000745c00000| Untracked 
|  26|0x0000000745e00000, 0x0000000745e00000, 0x0000000746000000|  0%| F|  |TAMS 0x0000000745e00000| PB 0x0000000745e00000| Untracked 
|  27|0x0000000746000000, 0x0000000746000000, 0x0000000746200000|  0%| F|  |TAMS 0x0000000746000000| PB 0x0000000746000000| Untracked 
|  28|0x0000000746200000, 0x0000000746200000, 0x0000000746400000|  0%| F|  |TAMS 0x0000000746200000| PB 0x0000000746200000| Untracked 
|  29|0x0000000746400000, 0x0000000746400000, 0x0000000746600000|  0%| F|  |TAMS 0x0000000746400000| PB 0x0000000746400000| Untracked 
|  30|0x0000000746600000, 0x0000000746600000, 0x0000000746800000|  0%| F|  |TAMS 0x0000000746600000| PB 0x0000000746600000| Untracked 
|  31|0x0000000746800000, 0x0000000746800000, 0x0000000746a00000|  0%| F|  |TAMS 0x0000000746800000| PB 0x0000000746800000| Untracked 
|  32|0x0000000746a00000, 0x0000000746a00000, 0x0000000746c00000|  0%| F|  |TAMS 0x0000000746a00000| PB 0x0000000746a00000| Untracked 
|  33|0x0000000746c00000, 0x0000000746c00000, 0x0000000746e00000|  0%| F|  |TAMS 0x0000000746c00000| PB 0x0000000746c00000| Untracked 
|  34|0x0000000746e00000, 0x0000000746e00000, 0x0000000747000000|  0%| F|  |TAMS 0x0000000746e00000| PB 0x0000000746e00000| Untracked 
|  35|0x0000000747000000, 0x0000000747000000, 0x0000000747200000|  0%| F|  |TAMS 0x0000000747000000| PB 0x0000000747000000| Untracked 
|  36|0x0000000747200000, 0x0000000747200000, 0x0000000747400000|  0%| F|  |TAMS 0x0000000747200000| PB 0x0000000747200000| Untracked 
|  37|0x0000000747400000, 0x0000000747400000, 0x0000000747600000|  0%| F|  |TAMS 0x0000000747400000| PB 0x0000000747400000| Untracked 
|  38|0x0000000747600000, 0x0000000747600000, 0x0000000747800000|  0%| F|  |TAMS 0x0000000747600000| PB 0x0000000747600000| Untracked 
|  39|0x0000000747800000, 0x0000000747800000, 0x0000000747a00000|  0%| F|  |TAMS 0x0000000747800000| PB 0x0000000747800000| Untracked 
|  40|0x0000000747a00000, 0x0000000747a00000, 0x0000000747c00000|  0%| F|  |TAMS 0x0000000747a00000| PB 0x0000000747a00000| Untracked 
|  41|0x0000000747c00000, 0x0000000747c00000, 0x0000000747e00000|  0%| F|  |TAMS 0x0000000747c00000| PB 0x0000000747c00000| Untracked 
|  42|0x0000000747e00000, 0x0000000747e00000, 0x0000000748000000|  0%| F|  |TAMS 0x0000000747e00000| PB 0x0000000747e00000| Untracked 
|  43|0x0000000748000000, 0x0000000748000000, 0x0000000748200000|  0%| F|  |TAMS 0x0000000748000000| PB 0x0000000748000000| Untracked 
|  44|0x0000000748200000, 0x0000000748200000, 0x0000000748400000|  0%| F|  |TAMS 0x0000000748200000| PB 0x0000000748200000| Untracked 
|  45|0x0000000748400000, 0x0000000748400000, 0x0000000748600000|  0%| F|  |TAMS 0x0000000748400000| PB 0x0000000748400000| Untracked 
|  46|0x0000000748600000, 0x0000000748600000, 0x0000000748800000|  0%| F|  |TAMS 0x0000000748600000| PB 0x0000000748600000| Untracked 
|  47|0x0000000748800000, 0x0000000748800000, 0x0000000748a00000|  0%| F|  |TAMS 0x0000000748800000| PB 0x0000000748800000| Untracked 
|  48|0x0000000748a00000, 0x0000000748a00000, 0x0000000748c00000|  0%| F|  |TAMS 0x0000000748a00000| PB 0x0000000748a00000| Untracked 
|  49|0x0000000748c00000, 0x0000000748c00000, 0x0000000748e00000|  0%| F|  |TAMS 0x0000000748c00000| PB 0x0000000748c00000| Untracked 
|  50|0x0000000748e00000, 0x0000000748e00000, 0x0000000749000000|  0%| F|  |TAMS 0x0000000748e00000| PB 0x0000000748e00000| Untracked 
|  51|0x0000000749000000, 0x0000000749000000, 0x0000000749200000|  0%| F|  |TAMS 0x0000000749000000| PB 0x0000000749000000| Untracked 
|  52|0x0000000749200000, 0x0000000749200000, 0x0000000749400000|  0%| F|  |TAMS 0x0000000749200000| PB 0x0000000749200000| Untracked 
|  53|0x0000000749400000, 0x0000000749400000, 0x0000000749600000|  0%| F|  |TAMS 0x0000000749400000| PB 0x0000000749400000| Untracked 
|  54|0x0000000749600000, 0x0000000749600000, 0x0000000749800000|  0%| F|  |TAMS 0x0000000749600000| PB 0x0000000749600000| Untracked 
|  55|0x0000000749800000, 0x0000000749800000, 0x0000000749a00000|  0%| F|  |TAMS 0x0000000749800000| PB 0x0000000749800000| Untracked 
|  56|0x0000000749a00000, 0x0000000749a00000, 0x0000000749c00000|  0%| F|  |TAMS 0x0000000749a00000| PB 0x0000000749a00000| Untracked 
|  57|0x0000000749c00000, 0x0000000749c00000, 0x0000000749e00000|  0%| F|  |TAMS 0x0000000749c00000| PB 0x0000000749c00000| Untracked 
|  58|0x0000000749e00000, 0x0000000749e00000, 0x000000074a000000|  0%| F|  |TAMS 0x0000000749e00000| PB 0x0000000749e00000| Untracked 
|  59|0x000000074a000000, 0x000000074a000000, 0x000000074a200000|  0%| F|  |TAMS 0x000000074a000000| PB 0x000000074a000000| Untracked 
|  60|0x000000074a200000, 0x000000074a200000, 0x000000074a400000|  0%| F|  |TAMS 0x000000074a200000| PB 0x000000074a200000| Untracked 
|  61|0x000000074a400000, 0x000000074a400000, 0x000000074a600000|  0%| F|  |TAMS 0x000000074a400000| PB 0x000000074a400000| Untracked 
|  62|0x000000074a600000, 0x000000074a600000, 0x000000074a800000|  0%| F|  |TAMS 0x000000074a600000| PB 0x000000074a600000| Untracked 
|  63|0x000000074a800000, 0x000000074a800000, 0x000000074aa00000|  0%| F|  |TAMS 0x000000074a800000| PB 0x000000074a800000| Untracked 
|  64|0x000000074aa00000, 0x000000074aa00000, 0x000000074ac00000|  0%| F|  |TAMS 0x000000074aa00000| PB 0x000000074aa00000| Untracked 
|  65|0x000000074ac00000, 0x000000074ac00000, 0x000000074ae00000|  0%| F|  |TAMS 0x000000074ac00000| PB 0x000000074ac00000| Untracked 
|  66|0x000000074ae00000, 0x000000074ae00000, 0x000000074b000000|  0%| F|  |TAMS 0x000000074ae00000| PB 0x000000074ae00000| Untracked 
|  67|0x000000074b000000, 0x000000074b000000, 0x000000074b200000|  0%| F|  |TAMS 0x000000074b000000| PB 0x000000074b000000| Untracked 
|  68|0x000000074b200000, 0x000000074b200000, 0x000000074b400000|  0%| F|  |TAMS 0x000000074b200000| PB 0x000000074b200000| Untracked 
|  69|0x000000074b400000, 0x000000074b400000, 0x000000074b600000|  0%| F|  |TAMS 0x000000074b400000| PB 0x000000074b400000| Untracked 
|  70|0x000000074b600000, 0x000000074b600000, 0x000000074b800000|  0%| F|  |TAMS 0x000000074b600000| PB 0x000000074b600000| Untracked 
|  71|0x000000074b800000, 0x000000074b800000, 0x000000074ba00000|  0%| F|  |TAMS 0x000000074b800000| PB 0x000000074b800000| Untracked 
|  72|0x000000074ba00000, 0x000000074ba00000, 0x000000074bc00000|  0%| F|  |TAMS 0x000000074ba00000| PB 0x000000074ba00000| Untracked 
|  73|0x000000074bc00000, 0x000000074bc00000, 0x000000074be00000|  0%| F|  |TAMS 0x000000074bc00000| PB 0x000000074bc00000| Untracked 
|  74|0x000000074be00000, 0x000000074be00000, 0x000000074c000000|  0%| F|  |TAMS 0x000000074be00000| PB 0x000000074be00000| Untracked 
|  75|0x000000074c000000, 0x000000074c000000, 0x000000074c200000|  0%| F|  |TAMS 0x000000074c000000| PB 0x000000074c000000| Untracked 
|  76|0x000000074c200000, 0x000000074c200000, 0x000000074c400000|  0%| F|  |TAMS 0x000000074c200000| PB 0x000000074c200000| Untracked 
|  77|0x000000074c400000, 0x000000074c400000, 0x000000074c600000|  0%| F|  |TAMS 0x000000074c400000| PB 0x000000074c400000| Untracked 
|  78|0x000000074c600000, 0x000000074c600000, 0x000000074c800000|  0%| F|  |TAMS 0x000000074c600000| PB 0x000000074c600000| Untracked 
|  79|0x000000074c800000, 0x000000074c800000, 0x000000074ca00000|  0%| F|  |TAMS 0x000000074c800000| PB 0x000000074c800000| Untracked 
|  80|0x000000074ca00000, 0x000000074ca00000, 0x000000074cc00000|  0%| F|  |TAMS 0x000000074ca00000| PB 0x000000074ca00000| Untracked 
|  81|0x000000074cc00000, 0x000000074cc00000, 0x000000074ce00000|  0%| F|  |TAMS 0x000000074cc00000| PB 0x000000074cc00000| Untracked 
|  82|0x000000074ce00000, 0x000000074d000000, 0x000000074d000000|100%| S|CS|TAMS 0x000000074ce00000| PB 0x000000074ce00000| Complete 
|  83|0x000000074d000000, 0x000000074d200000, 0x000000074d200000|100%| S|CS|TAMS 0x000000074d000000| PB 0x000000074d000000| Complete 
|  84|0x000000074d200000, 0x000000074d200000, 0x000000074d400000|  0%| F|  |TAMS 0x000000074d200000| PB 0x000000074d200000| Untracked 
|  85|0x000000074d400000, 0x000000074d400000, 0x000000074d600000|  0%| F|  |TAMS 0x000000074d400000| PB 0x000000074d400000| Untracked 
|  86|0x000000074d600000, 0x000000074d600000, 0x000000074d800000|  0%| F|  |TAMS 0x000000074d600000| PB 0x000000074d600000| Untracked 
|  87|0x000000074d800000, 0x000000074d800000, 0x000000074da00000|  0%| F|  |TAMS 0x000000074d800000| PB 0x000000074d800000| Untracked 
|  88|0x000000074da00000, 0x000000074da00000, 0x000000074dc00000|  0%| F|  |TAMS 0x000000074da00000| PB 0x000000074da00000| Untracked 
|  89|0x000000074dc00000, 0x000000074dc00000, 0x000000074de00000|  0%| F|  |TAMS 0x000000074dc00000| PB 0x000000074dc00000| Untracked 
|  90|0x000000074de00000, 0x000000074de00000, 0x000000074e000000|  0%| F|  |TAMS 0x000000074de00000| PB 0x000000074de00000| Untracked 
|  91|0x000000074e000000, 0x000000074e000000, 0x000000074e200000|  0%| F|  |TAMS 0x000000074e000000| PB 0x000000074e000000| Untracked 
|  92|0x000000074e200000, 0x000000074e200000, 0x000000074e400000|  0%| F|  |TAMS 0x000000074e200000| PB 0x000000074e200000| Untracked 
|  93|0x000000074e400000, 0x000000074e400000, 0x000000074e600000|  0%| F|  |TAMS 0x000000074e400000| PB 0x000000074e400000| Untracked 
|  94|0x000000074e600000, 0x000000074e70ee68, 0x000000074e800000| 52%| E|  |TAMS 0x000000074e600000| PB 0x000000074e600000| Complete 

Card table byte_map: [0x0000025724680000,0x0000025724c70000] _byte_map_base: 0x0000025720c6b000

Marking Bits: (CMBitMap*) 0x000002570adc51f0
 Bits: [0x0000025725260000, 0x00000257281b8000)

Polling page: 0x000002570abe0000

Metaspace:

Usage:
  Non-class:     10.00 MB used.
      Class:      1.20 MB used.
       Both:     11.21 MB used.

Virtual space:
  Non-class space:       64.00 MB reserved,      10.12 MB ( 16%) committed,  1 nodes.
      Class space:        1.00 GB reserved,       1.31 MB ( <1%) committed,  1 nodes.
             Both:        1.06 GB reserved,      11.44 MB (  1%) committed. 

Chunk freelists:
   Non-Class:  1.90 MB
       Class:  2.67 MB
        Both:  4.58 MB

MaxMetaspaceSize: unlimited
CompressedClassSpaceSize: 1.00 GB
Initial GC threshold: 21.00 MB
Current GC threshold: 21.00 MB
CDS: on
MetaspaceReclaimPolicy: balanced
 - commit_granule_bytes: 65536.
 - commit_granule_words: 8192.
 - virtual_space_node_default_size: 8388608.
 - enlarge_chunks_in_place: 1.
 - new_chunks_are_fully_committed: 0.
 - uncommit_free_chunks: 1.
 - use_allocation_guard: 0.


Internal statistics:

num_allocs_failed_limit: 0.
num_arena_births: 90.
num_arena_deaths: 0.
num_vsnodes_births: 2.
num_vsnodes_deaths: 0.
num_space_committed: 183.
num_space_uncommitted: 0.
num_chunks_returned_to_freelist: 0.
num_chunks_taken_from_freelist: 277.
num_chunk_merges: 0.
num_chunk_splits: 174.
num_chunks_enlarged: 128.
num_inconsistent_stats: 0.

CodeHeap 'non-profiled nmethods': size=120000Kb used=500Kb max_used=500Kb free=119500Kb
 bounds [0x000002571c100000, 0x000002571c370000, 0x0000025723630000]
CodeHeap 'profiled nmethods': size=120000Kb used=2525Kb max_used=2525Kb free=117474Kb
 bounds [0x0000025714630000, 0x00000257148b0000, 0x000002571bb60000]
CodeHeap 'non-nmethods': size=5760Kb used=1531Kb max_used=1546Kb free=4228Kb
 bounds [0x000002571bb60000, 0x000002571bdd0000, 0x000002571c100000]
 total_blobs=2003 nmethods=1455 adapters=459
 compilation: enabled
              stopped_count=0, restarted_count=0
 full_count=0

Compilation events (20 events):
Event: 0.946 Thread 0x000002572ac71b70 1371       3       jdk.internal.loader.URLClassPath$JarLoader$2::getCodeSigners (8 bytes)
Event: 0.946 Thread 0x000002572ac71b70 nmethod 1371 0x0000025714880c10 code [0x0000025714880da0, 0x0000025714880f78]
Event: 0.948 Thread 0x000002572ac71b70 1372       3       java.security.SecureClassLoader$CodeSourceKey::hashCode (21 bytes)
Event: 0.948 Thread 0x000002572ac71b70 nmethod 1372 0x0000025714881010 code [0x00000257148811c0, 0x00000257148813a0]
Event: 0.948 Thread 0x000002572ac71b70 1373       3       java.lang.ClassLoader::checkCerts (121 bytes)
Event: 0.949 Thread 0x000002572ac71b70 nmethod 1373 0x0000025714881490 code [0x0000025714881760, 0x0000025714882520]
Event: 0.949 Thread 0x000002572ac71b70 1374       3       java.lang.ClassLoader::getNamedPackage (73 bytes)
Event: 0.949 Thread 0x000002572ac71b70 nmethod 1374 0x0000025714882a90 code [0x0000025714882c60, 0x00000257148831a8]
Event: 0.950 Thread 0x000002572ac71b70 1375       3       java.lang.reflect.Modifier::isFinal (13 bytes)
Event: 0.950 Thread 0x000002572ac71b70 nmethod 1375 0x0000025714883390 code [0x0000025714883520, 0x0000025714883670]
Event: 0.958 Thread 0x000002572ac70680 1376       4       java.lang.AbstractStringBuilder::<init> (39 bytes)
Event: 0.959 Thread 0x000002572ac70680 nmethod 1376 0x000002571c176b10 code [0x000002571c176c80, 0x000002571c176f00]
Event: 0.959 Thread 0x000002572ac71b70 1377       3       java.util.Locale::getDefault (63 bytes)
Event: 0.960 Thread 0x000002572ac71b70 nmethod 1377 0x0000025714883710 code [0x0000025714883920, 0x0000025714884130]
Event: 0.960 Thread 0x000002572ac71b70 1378  s    3       java.lang.StringBuffer::append (15 bytes)
Event: 0.960 Thread 0x000002572ac71b70 nmethod 1378 0x0000025714884390 code [0x0000025714884520, 0x0000025714884758]
Event: 0.960 Thread 0x000002572ac71b70 1379   !   3       com.mysql.cj.Messages::getString (99 bytes)
Event: 0.960 Thread 0x000002572ac70680 1380       4       java.lang.String::startsWith (138 bytes)
Event: 0.960 Thread 0x000002572ac71b70 nmethod 1379 0x0000025714884810 code [0x0000025714884b00, 0x0000025714885930]
Event: 0.962 Thread 0x000002572ac71b70 1381       3       java.security.CodeSource::matchCerts (254 bytes)

GC Heap History (0 events):
No events

Dll operation events (12 events):
Event: 0.016 Loaded shared library C:\Program Files\Java\jdk-20\bin\java.dll
Event: 0.346 Loaded shared library C:\Program Files\Java\jdk-20\bin\jsvml.dll
Event: 0.390 Loaded shared library C:\Program Files\Java\jdk-20\bin\zip.dll
Event: 0.391 Loaded shared library C:\Program Files\Java\jdk-20\bin\instrument.dll
Event: 0.394 Loaded shared library C:\Program Files\Java\jdk-20\bin\net.dll
Event: 0.396 Loaded shared library C:\Program Files\Java\jdk-20\bin\nio.dll
Event: 0.399 Loaded shared library C:\Program Files\Java\jdk-20\bin\zip.dll
Event: 0.405 Loaded shared library C:\Program Files\JetBrains\IntelliJ IDEA 2023.3.6\bin\breakgen64.dll
Event: 0.412 Loaded shared library C:\Program Files\Java\jdk-20\bin\extnet.dll
Event: 0.413 Loaded shared library C:\Program Files\Java\jdk-20\bin\verify.dll
Event: 0.498 Loaded shared library C:\Program Files\Java\jdk-20\bin\jimage.dll
Event: 0.672 Loaded shared library C:\Program Files\Java\jdk-20\bin\sunmscapi.dll

Deoptimization events (20 events):
Event: 0.705 Thread 0x000002570ad6d9b0 Uncommon trap: trap_request=0xffffffc6 fr.pc=0x000002571c154eb0 relative=0x00000000000002f0
Event: 0.705 Thread 0x000002570ad6d9b0 Uncommon trap: reason=bimorphic_or_optimized_type_check action=maybe_recompile pc=0x000002571c154eb0 method=java.util.concurrent.ConcurrentHashMap.get(Ljava/lang/Object;)Ljava/lang/Object; @ 149 c2
Event: 0.705 Thread 0x000002570ad6d9b0 DEOPT PACKING pc=0x000002571c154eb0 sp=0x000000a4b51fb850
Event: 0.705 Thread 0x000002570ad6d9b0 DEOPT UNPACKING pc=0x000002571bbc9d22 sp=0x000000a4b51fb7d0 mode 2
Event: 0.706 Thread 0x000002570ad6d9b0 Uncommon trap: trap_request=0xffffffc6 fr.pc=0x000002571c154eb0 relative=0x00000000000002f0
Event: 0.706 Thread 0x000002570ad6d9b0 Uncommon trap: reason=bimorphic_or_optimized_type_check action=maybe_recompile pc=0x000002571c154eb0 method=java.util.concurrent.ConcurrentHashMap.get(Ljava/lang/Object;)Ljava/lang/Object; @ 149 c2
Event: 0.706 Thread 0x000002570ad6d9b0 DEOPT PACKING pc=0x000002571c154eb0 sp=0x000000a4b51fb4e0
Event: 0.706 Thread 0x000002570ad6d9b0 DEOPT UNPACKING pc=0x000002571bbc9d22 sp=0x000000a4b51fb460 mode 2
Event: 0.763 Thread 0x000002570ad6d9b0 Uncommon trap: trap_request=0xffffff45 fr.pc=0x000002571c15931c relative=0x000000000000027c
Event: 0.763 Thread 0x000002570ad6d9b0 Uncommon trap: reason=unstable_if action=reinterpret pc=0x000002571c15931c method=java.util.HashMap.putVal(ILjava/lang/Object;Ljava/lang/Object;ZZ)Ljava/lang/Object; @ 162 c2
Event: 0.763 Thread 0x000002570ad6d9b0 DEOPT PACKING pc=0x000002571c15931c sp=0x000000a4b51fb350
Event: 0.763 Thread 0x000002570ad6d9b0 DEOPT UNPACKING pc=0x000002571bbc9d22 sp=0x000000a4b51fb298 mode 2
Event: 0.878 Thread 0x000002570ad6d9b0 Uncommon trap: trap_request=0xffffff45 fr.pc=0x000002571c148eec relative=0x000000000000016c
Event: 0.878 Thread 0x000002570ad6d9b0 Uncommon trap: reason=unstable_if action=reinterpret pc=0x000002571c148eec method=java.util.concurrent.locks.ReentrantLock$NonfairSync.initialTryLock()Z @ 10 c2
Event: 0.878 Thread 0x000002570ad6d9b0 DEOPT PACKING pc=0x000002571c148eec sp=0x000000a4b51fd300
Event: 0.878 Thread 0x000002570ad6d9b0 DEOPT UNPACKING pc=0x000002571bbc9d22 sp=0x000000a4b51fd2a8 mode 2
Event: 0.933 Thread 0x000002570ad6d9b0 Uncommon trap: trap_request=0xffffff45 fr.pc=0x000002571c13ab94 relative=0x0000000000000194
Event: 0.933 Thread 0x000002570ad6d9b0 Uncommon trap: reason=unstable_if action=reinterpret pc=0x000002571c13ab94 method=java.lang.StringCoding.countPositives([BII)I @ 17 c2
Event: 0.933 Thread 0x000002570ad6d9b0 DEOPT PACKING pc=0x000002571c13ab94 sp=0x000000a4b51fd8d0
Event: 0.933 Thread 0x000002570ad6d9b0 DEOPT UNPACKING pc=0x000002571bbc9d22 sp=0x000000a4b51fd870 mode 2

Classes loaded (20 events):
Event: 0.916 Loading class sun/invoke/util/VerifyAccess$1
Event: 0.916 Loading class sun/invoke/util/VerifyAccess$1 done
Event: 0.918 Loading class sun/security/ssl/PostHandshakeContext
Event: 0.919 Loading class sun/security/ssl/PostHandshakeContext done
Event: 0.919 Loading class sun/security/ssl/NewSessionTicket$T13NewSessionTicketMessage
Event: 0.919 Loading class sun/security/ssl/NewSessionTicket$NewSessionTicketMessage
Event: 0.919 Loading class sun/security/ssl/NewSessionTicket$NewSessionTicketMessage done
Event: 0.919 Loading class sun/security/ssl/NewSessionTicket$T13NewSessionTicketMessage done
Event: 0.941 Loading class java/util/NoSuchElementException
Event: 0.941 Loading class java/util/NoSuchElementException done
Event: 0.948 Loading class java/util/TimerTask
Event: 0.948 Loading class java/util/TimerTask done
Event: 0.950 Loading class java/util/concurrent/atomic/AtomicBoolean
Event: 0.950 Loading class java/util/concurrent/atomic/AtomicBoolean done
Event: 0.951 Loading class java/lang/StringIndexOutOfBoundsException
Event: 0.951 Loading class java/lang/StringIndexOutOfBoundsException done
Event: 0.955 Loading class java/time/OffsetTime
Event: 0.955 Loading class java/time/OffsetTime done
Event: 0.955 Loading class java/time/OffsetDateTime
Event: 0.955 Loading class java/time/OffsetDateTime done

Classes unloaded (0 events):
No events

Classes redefined (0 events):
No events

Internal exceptions (16 events):
Event: 0.399 Thread 0x000002570ad6d9b0 Exception <a 'java/lang/NoSuchMethodError'{0x000000074e4cd790}: 'void java.lang.invoke.DirectMethodHandle$Holder.invokeStatic(java.lang.Object, java.lang.Object, java.lang.Object)'> (0x000000074e4cd790) 
thrown [s\open\src\hotspot\share\interpreter\linkResolver.cpp, line 773]
Event: 0.402 Thread 0x000002570ad6d9b0 Exception <a 'java/lang/NoSuchMethodError'{0x000000074e4e4f48}: 'java.lang.Object java.lang.invoke.Invokers$Holder.invokeExact_MT(java.lang.Object, java.lang.Object, java.lang.Object, java.lang.Object, java.lang.Object)'> (0x000000074e4e4f48) 
thrown [s\open\src\hotspot\share\interpreter\linkResolver.cpp, line 773]
Event: 0.413 Thread 0x00000257701c5430 Exception <a 'java/lang/NoSuchMethodError'{0x000000074e559c18}: 'void java.lang.invoke.DirectMethodHandle$Holder.invokeStatic(java.lang.Object, java.lang.Object)'> (0x000000074e559c18) 
thrown [s\open\src\hotspot\share\interpreter\linkResolver.cpp, line 773]
Event: 0.419 Thread 0x000002570ad6d9b0 Exception <a 'java/io/FileNotFoundException'{0x000000074e53cf18}> (0x000000074e53cf18) 
thrown [s\open\src\hotspot\share\prims\jni.cpp, line 519]
Event: 0.465 Thread 0x000002570ad6d9b0 Exception <a 'java/lang/NoSuchMethodError'{0x000000074e2fb220}: 'java.lang.Object java.lang.invoke.DirectMethodHandle$Holder.invokeInterface(java.lang.Object, java.lang.Object)'> (0x000000074e2fb220) 
thrown [s\open\src\hotspot\share\interpreter\linkResolver.cpp, line 773]
Event: 0.466 Thread 0x000002570ad6d9b0 Exception <a 'java/lang/IncompatibleClassChangeError'{0x000000074e2fe738}: Found class java.lang.Object, but interface was expected> (0x000000074e2fe738) 
thrown [s\open\src\hotspot\share\interpreter\linkResolver.cpp, line 840]
Event: 0.476 Thread 0x000002570ad6d9b0 Exception <a 'java/lang/NoSuchMethodError'{0x000000074e352098}: 'java.lang.Object java.lang.invoke.DirectMethodHandle$Holder.newInvokeSpecial(java.lang.Object, java.lang.Object, java.lang.Object, java.lang.Object, java.lang.Object)'> (0x000000074e352098) 
thrown [s\open\src\hotspot\share\interpreter\linkResolver.cpp, line 773]
Event: 0.488 Thread 0x000002570ad6d9b0 Exception <a 'java/lang/NoSuchMethodError'{0x000000074e3b6240}: 'long java.lang.invoke.DirectMethodHandle$Holder.invokeSpecial(java.lang.Object, java.lang.Object)'> (0x000000074e3b6240) 
thrown [s\open\src\hotspot\share\interpreter\linkResolver.cpp, line 773]
Event: 0.488 Thread 0x000002570ad6d9b0 Exception <a 'java/lang/NoSuchMethodError'{0x000000074e3b9770}: 'long java.lang.invoke.Invokers$Holder.invokeExact_MT(java.lang.Object, java.lang.Object)'> (0x000000074e3b9770) 
thrown [s\open\src\hotspot\share\interpreter\linkResolver.cpp, line 773]
Event: 0.500 Thread 0x000002570ad6d9b0 Exception <a 'java/lang/NoSuchMethodError'{0x000000074e3fe168}: 'void java.lang.invoke.DirectMethodHandle$Holder.invokeVirtual(java.lang.Object, java.lang.Object)'> (0x000000074e3fe168) 
thrown [s\open\src\hotspot\share\interpreter\linkResolver.cpp, line 773]
Event: 0.500 Thread 0x000002570ad6d9b0 Exception <a 'java/lang/NoSuchMethodError'{0x000000074e001da8}: 'void java.lang.invoke.DirectMethodHandle$Holder.invokeSpecial(java.lang.Object, java.lang.Object, java.lang.Object)'> (0x000000074e001da8) 
thrown [s\open\src\hotspot\share\interpreter\linkResolver.cpp, line 773]
Event: 0.557 Thread 0x000002570ad6d9b0 Exception <a 'java/lang/NoSuchMethodError'{0x000000074dfb5c08}: 'java.lang.Object java.lang.invoke.DirectMethodHandle$Holder.invokeVirtual(java.lang.Object, java.lang.Object, java.lang.Object)'> (0x000000074dfb5c08) 
thrown [s\open\src\hotspot\share\interpreter\linkResolver.cpp, line 773]
Event: 0.641 Thread 0x000002570ad6d9b0 Exception <a 'java/lang/NoSuchMethodError'{0x000000074dbf7980}: 'void java.lang.invoke.DirectMethodHandle$Holder.invokeStaticInit(java.lang.Object, java.lang.Object)'> (0x000000074dbf7980) 
thrown [s\open\src\hotspot\share\interpreter\linkResolver.cpp, line 773]
Event: 0.691 Thread 0x000002570ad6d9b0 Exception <a 'sun/nio/fs/WindowsException'{0x000000074d9e9048}> (0x000000074d9e9048) 
thrown [s\open\src\hotspot\share\prims\jni.cpp, line 519]
Event: 0.716 Thread 0x000002570ad6d9b0 Exception <a 'java/lang/NoSuchMethodError'{0x000000074d69d790}: 'java.lang.Object java.lang.invoke.DirectMethodHandle$Holder.invokeStaticInit(java.lang.Object, int, int, int, int)'> (0x000000074d69d790) 
thrown [s\open\src\hotspot\share\interpreter\linkResolver.cpp, line 773]
Event: 0.748 Thread 0x000002570ad6d9b0 Exception <a 'java/lang/NoSuchMethodError'{0x000000074d6d08f8}: 'java.lang.Object java.lang.invoke.DirectMethodHandle$Holder.invokeStaticInit(java.lang.Object, java.lang.Object, int, int, int, int)'> (0x000000074d6d08f8) 
thrown [s\open\src\hotspot\share\interpreter\linkResolver.cpp, line 773]

VM Operations (20 events):
Event: 0.407 Executing VM operation: HandshakeAllThreads
Event: 0.408 Executing VM operation: HandshakeAllThreads done
Event: 0.487 Executing VM operation: HandshakeAllThreads
Event: 0.487 Executing VM operation: HandshakeAllThreads done
Event: 0.521 Executing VM operation: HandshakeAllThreads
Event: 0.521 Executing VM operation: HandshakeAllThreads done
Event: 0.525 Executing VM operation: HandshakeAllThreads
Event: 0.525 Executing VM operation: HandshakeAllThreads done
Event: 0.529 Executing VM operation: HandshakeAllThreads
Event: 0.529 Executing VM operation: HandshakeAllThreads done
Event: 0.529 Executing VM operation: HandshakeAllThreads
Event: 0.529 Executing VM operation: HandshakeAllThreads done
Event: 0.553 Executing VM operation: HandshakeAllThreads
Event: 0.553 Executing VM operation: HandshakeAllThreads done
Event: 0.697 Executing VM operation: HandshakeAllThreads
Event: 0.697 Executing VM operation: HandshakeAllThreads done
Event: 0.707 Executing VM operation: ICBufferFull
Event: 0.707 Executing VM operation: ICBufferFull done
Event: 0.883 Executing VM operation: HandshakeAllThreads
Event: 0.883 Executing VM operation: HandshakeAllThreads done

Events (15 events):
Event: 0.346 Thread 0x000002570ad6d9b0 Thread added: 0x000002570ad6d9b0
Event: 0.353 Thread 0x000002572ac609b0 Thread added: 0x000002572ac609b0
Event: 0.353 Thread 0x000002572ac61950 Thread added: 0x000002572ac61950
Event: 0.353 Thread 0x000002572ac646f0 Thread added: 0x000002572ac646f0
Event: 0.353 Thread 0x000002572ac66620 Thread added: 0x000002572ac66620
Event: 0.353 Thread 0x000002572ac69c80 Thread added: 0x000002572ac69c80
Event: 0.353 Thread 0x000002572ac6b530 Thread added: 0x000002572ac6b530
Event: 0.353 Thread 0x000002572ac70680 Thread added: 0x000002572ac70680
Event: 0.353 Thread 0x000002572ac71b70 Thread added: 0x000002572ac71b70
Event: 0.375 Thread 0x000002572ac2e0e0 Thread added: 0x000002572ac2e0e0
Event: 0.406 Thread 0x00000257701c5430 Thread added: 0x00000257701c5430
Event: 0.406 Thread 0x0000025770210660 Thread added: 0x0000025770210660
Event: 0.511 Thread 0x0000025770373aa0 Thread added: 0x0000025770373aa0
Event: 0.527 Thread 0x0000025770493a80 Thread added: 0x0000025770493a80
Event: 0.801 Thread 0x0000025770bf49c0 Thread added: 0x0000025770bf49c0


Dynamic libraries:
0x00007ff61ed60000 - 0x00007ff61ed70000 	C:\Program Files\Java\jdk-20\bin\java.exe
0x00007ff8c7e30000 - 0x00007ff8c8047000 	C:\WINDOWS\SYSTEM32\ntdll.dll
0x00007ff8c6b80000 - 0x00007ff8c6c44000 	C:\WINDOWS\System32\KERNEL32.DLL
0x00007ff8c5570000 - 0x00007ff8c5916000 	C:\WINDOWS\System32\KERNELBASE.dll
0x00007ff8c5170000 - 0x00007ff8c5281000 	C:\WINDOWS\System32\ucrtbase.dll
0x00007ff8c0050000 - 0x00007ff8c006b000 	C:\Program Files\Java\jdk-20\bin\VCRUNTIME140.dll
0x00007ff8bfec0000 - 0x00007ff8bfed9000 	C:\Program Files\Java\jdk-20\bin\jli.dll
0x00007ff8c6ed0000 - 0x00007ff8c6f83000 	C:\WINDOWS\System32\ADVAPI32.dll
0x00007ff8c78e0000 - 0x00007ff8c7987000 	C:\WINDOWS\System32\msvcrt.dll
0x00007ff8c7990000 - 0x00007ff8c7a38000 	C:\WINDOWS\System32\sechost.dll
0x00007ff8c5420000 - 0x00007ff8c5448000 	C:\WINDOWS\System32\bcrypt.dll
0x00007ff8c6d30000 - 0x00007ff8c6e47000 	C:\WINDOWS\System32\RPCRT4.dll
0x00007ff8c7730000 - 0x00007ff8c78de000 	C:\WINDOWS\System32\USER32.dll
0x00007ff8c5920000 - 0x00007ff8c5946000 	C:\WINDOWS\System32\win32u.dll
0x00007ff8c6ea0000 - 0x00007ff8c6ec9000 	C:\WINDOWS\System32\GDI32.dll
0x00007ff8c5450000 - 0x00007ff8c5568000 	C:\WINDOWS\System32\gdi32full.dll
0x00007ff8c5300000 - 0x00007ff8c539a000 	C:\WINDOWS\System32\msvcp_win.dll
0x00007ff8c3cf0000 - 0x00007ff8c3f83000 	C:\WINDOWS\WinSxS\amd64_microsoft.windows.common-controls_6595b64144ccf1df_6.0.22621.2506_none_270c5ae97388e100\COMCTL32.dll
0x00007ff8c4bf0000 - 0x00007ff8c4bfa000 	C:\WINDOWS\SYSTEM32\VERSION.dll
0x00007ff8c5b80000 - 0x00007ff8c5bb1000 	C:\WINDOWS\System32\IMM32.DLL
0x000000005b430000 - 0x000000005b43c000 	C:\Program Files (x86)\360\Total Security\safemon\SafeWrapper.dll
0x00007ff8bd4b0000 - 0x00007ff8bd542000 	C:\Program Files (x86)\360\Total Security\safemon\libzdtp64.dll
0x00007ff8c5f80000 - 0x00007ff8c67db000 	C:\WINDOWS\System32\SHELL32.dll
0x00007ff8c6c50000 - 0x00007ff8c6cae000 	C:\WINDOWS\System32\SHLWAPI.dll
0x00007ff8bfeb0000 - 0x00007ff8bfebc000 	C:\Program Files\Java\jdk-20\bin\vcruntime140_1.dll
0x00007ff8bd420000 - 0x00007ff8bd4ae000 	C:\Program Files\Java\jdk-20\bin\msvcp140.dll
0x00007ff885e20000 - 0x00007ff886ab8000 	C:\Program Files\Java\jdk-20\bin\server\jvm.dll
0x00007ff8c1d40000 - 0x00007ff8c1d49000 	C:\WINDOWS\SYSTEM32\WSOCK32.dll
0x00007ff8c6cb0000 - 0x00007ff8c6d21000 	C:\WINDOWS\System32\WS2_32.dll
0x00007ff8c3270000 - 0x00007ff8c32a4000 	C:\WINDOWS\SYSTEM32\WINMM.dll
0x00007ff8c4140000 - 0x00007ff8c4158000 	C:\WINDOWS\SYSTEM32\kernel.appcore.dll
0x00007ff8bfe60000 - 0x00007ff8bfe6a000 	C:\Program Files\Java\jdk-20\bin\jimage.dll
0x00007ff8c27b0000 - 0x00007ff8c29e3000 	C:\WINDOWS\SYSTEM32\DBGHELP.DLL
0x00007ff8c67f0000 - 0x00007ff8c6b79000 	C:\WINDOWS\System32\combase.dll
0x00007ff8c7a40000 - 0x00007ff8c7b17000 	C:\WINDOWS\System32\OLEAUT32.dll
0x00007ff8b0e40000 - 0x00007ff8b0e72000 	C:\WINDOWS\SYSTEM32\dbgcore.DLL
0x00007ff8c53a0000 - 0x00007ff8c541a000 	C:\WINDOWS\System32\bcryptPrimitives.dll
0x00007ff8bfe20000 - 0x00007ff8bfe2e000 	C:\Program Files\Java\jdk-20\bin\instrument.dll
0x00007ff8bfe30000 - 0x00007ff8bfe56000 	C:\Program Files\Java\jdk-20\bin\java.dll
0x00007ff8b69c0000 - 0x00007ff8b6a97000 	C:\Program Files\Java\jdk-20\bin\jsvml.dll
0x00007ff8c33f0000 - 0x00007ff8c3ce6000 	C:\WINDOWS\SYSTEM32\windows.storage.dll
0x00007ff8c32b0000 - 0x00007ff8c33ee000 	C:\WINDOWS\SYSTEM32\wintypes.dll
0x00007ff8c6f90000 - 0x00007ff8c7083000 	C:\WINDOWS\System32\SHCORE.dll
0x00007ff8c50a0000 - 0x00007ff8c50c6000 	C:\WINDOWS\SYSTEM32\profapi.dll
0x00007ff8be4f0000 - 0x00007ff8be508000 	C:\Program Files\Java\jdk-20\bin\zip.dll
0x00007ff8beb70000 - 0x00007ff8beb83000 	C:\Program Files\Java\jdk-20\bin\net.dll
0x00007ff8bd900000 - 0x00007ff8bda37000 	C:\WINDOWS\SYSTEM32\WINHTTP.dll
0x00007ff8c45c0000 - 0x00007ff8c4629000 	C:\WINDOWS\system32\mswsock.dll
0x00007ff8beb40000 - 0x00007ff8beb56000 	C:\Program Files\Java\jdk-20\bin\nio.dll
0x00007ff8be380000 - 0x00007ff8be39a000 	C:\Program Files\JetBrains\IntelliJ IDEA 2023.3.6\bin\breakgen64.dll
0x00007ff8bfe10000 - 0x00007ff8bfe17000 	C:\Program Files\Java\jdk-20\bin\extnet.dll
0x00007ff8bf990000 - 0x00007ff8bf9a0000 	C:\Program Files\Java\jdk-20\bin\verify.dll
0x00007ff8c2f10000 - 0x00007ff8c3009000 	C:\WINDOWS\SYSTEM32\DNSAPI.dll
0x00007ff8c2ea0000 - 0x00007ff8c2ecd000 	C:\WINDOWS\SYSTEM32\IPHLPAPI.DLL
0x00007ff8c5bc0000 - 0x00007ff8c5bc9000 	C:\WINDOWS\System32\NSI.dll
0x00007ff8b5180000 - 0x00007ff8b518a000 	C:\Windows\System32\rasadhlp.dll
0x00007ff8bc930000 - 0x00007ff8bc9b3000 	C:\WINDOWS\System32\fwpuclnt.dll
0x00007ff8bd400000 - 0x00007ff8bd40e000 	C:\Program Files\Java\jdk-20\bin\sunmscapi.dll
0x00007ff8c5950000 - 0x00007ff8c5ab6000 	C:\WINDOWS\System32\CRYPT32.dll
0x00007ff8c49d0000 - 0x00007ff8c49fe000 	C:\WINDOWS\SYSTEM32\ncrypt.dll
0x000000005c8d0000 - 0x000000005c8f5000 	C:\Program Files\Common Files\Crypto Pro\AppCompat\cpcrypt.dll
0x00007ff8c7de0000 - 0x00007ff8c7de8000 	C:\WINDOWS\System32\PSAPI.DLL
0x00007ff8c4990000 - 0x00007ff8c49c7000 	C:\WINDOWS\SYSTEM32\NTASN1.dll
0x00007ff8c4810000 - 0x00007ff8c482b000 	C:\WINDOWS\SYSTEM32\CRYPTSP.dll
0x000000005c8b0000 - 0x000000005c8c9000 	C:\Program Files\Common Files\Crypto Pro\AppCompat\cpadvai.dll
0x00007ff8c40a0000 - 0x00007ff8c40d5000 	C:\WINDOWS\system32\rsaenh.dll
0x00007ff8c46b0000 - 0x00007ff8c46dc000 	C:\WINDOWS\SYSTEM32\USERENV.dll
0x00007ff8c4830000 - 0x00007ff8c483c000 	C:\WINDOWS\SYSTEM32\CRYPTBASE.dll
0x00007ff8be8f0000 - 0x00007ff8be909000 	C:\WINDOWS\SYSTEM32\dhcpcsvc6.DLL
0x00007ff8bd710000 - 0x00007ff8bd72f000 	C:\WINDOWS\SYSTEM32\dhcpcsvc.DLL

dbghelp: loaded successfully - version: 4.0.5 - missing functions: none
symbol engine: initialized successfully - sym options: 0x614 - pdb path: .;C:\Program Files\Java\jdk-20\bin;C:\WINDOWS\SYSTEM32;C:\WINDOWS\WinSxS\amd64_microsoft.windows.common-controls_6595b64144ccf1df_6.0.22621.2506_none_270c5ae97388e100;C:\Program Files (x86)\360\Total Security\safemon;C:\Program Files\Java\jdk-20\bin\server;C:\Program Files\JetBrains\IntelliJ IDEA 2023.3.6\bin;C:\Program Files\Common Files\Crypto Pro\AppCompat

VM Arguments:
jvm_args: -ea -Didea.test.cyclic.buffer.size=1048576 -javaagent:C:\Program Files\JetBrains\IntelliJ IDEA 2023.3.6\lib\idea_rt.jar=53388:C:\Program Files\JetBrains\IntelliJ IDEA 2023.3.6\bin -Dfile.encoding=UTF-8 -Dsun.stdout.encoding=UTF-8 -Dsun.stderr.encoding=UTF-8 
java_command: com.intellij.rt.junit.JUnitStarter -ideVersion5 -junit4 UserServiceTest,saveUser
java_class_path (initial): C:\Program Files\JetBrains\IntelliJ IDEA 2023.3.6\lib\idea_rt.jar;C:\Program Files\JetBrains\IntelliJ IDEA 2023.3.6\plugins\junit\lib\junit5-rt.jar;C:\Program Files\JetBrains\IntelliJ IDEA 2023.3.6\plugins\junit\lib\junit-rt.jar;C:\Users\rainb\IdeaProjects\PP_1_1_3-4_JDBC_Hibernate\target\test-classes;C:\Users\rainb\IdeaProjects\PP_1_1_3-4_JDBC_Hibernate\target\classes;C:\Users\rainb\.m2\repository\junit\junit\4.13.2\junit-4.13.2.jar;C:\Users\rainb\.m2\repository\org\hamcrest\hamcrest-core\1.3\hamcrest-core-1.3.jar;C:\Users\rainb\.m2\repository\mysql\mysql-connector-java\8.0.25\mysql-connector-java-8.0.25.jar;C:\Users\rainb\.m2\repository\com\google\protobuf\protobuf-java\3.11.4\protobuf-java-3.11.4.jar;C:\Users\rainb\.m2\repository\org\hibernate\javax\persistence\hibernate-jpa-2.1-api\1.0.2.Final\hibernate-jpa-2.1-api-1.0.2.Final.jar;C:\Users\rainb\.m2\repository\org\hibernate\hibernate-core\5.6.3.Final\hibernate-core-5.6.3.Final.jar;C:\Users\rainb\.m2\repository\org\jboss\logging\jboss-logging\3.4.2.Final\jboss-logging-3.4.2.Final.jar;C:\Users\rainb\.m2\repository\javax\persistence\javax.persistence-api\2.2\javax.persistence-api-2.2.jar;C:\Users\rainb\.m2\repository\net\bytebuddy\byte-buddy\1.11.20\byte-buddy-1.11.20.jar;C:\Users\rainb\.m2\repository\antlr\antlr\2.7.7\antlr-2.7.7.jar;C:\Users\rainb\.m2\repository\org\jboss\spec\javax\transaction\jboss-transaction-api_1.2_spec\1.1.1.Final\jboss-transaction-api_1.2_spec-1.1.1.Final.jar;C:\Users\rainb\.m2\repository\org\jboss\jandex\2.2.3.Final\jandex-2.2.3.Final.jar;C:\Users\rainb\.m2\repository\com\fasterxml\classmate\1.5.1\classmate-1.5.1.jar;C:\Users\rainb\.m2\repository\javax\activation\javax.activation-api\1.2.0\javax.activation-api-1.2.0.jar;C:\Users\rainb\.m2\repository\org\hibernate\common\hibernate-commons-annotations\5.1.2.Final\hibernate-commons-annotations-5.1.2.Final.jar;C:\Users\rainb\.m2\repository\javax\xml\bind\jaxb-api\2.3.1\jaxb-api-2.3.1.jar;C:\Users\rainb\.m2\repository\org\glassfish\jaxb\jaxb-runtime\2.3.1\jaxb-runtime-2.3.1.jar;C:\Users\rainb\.m2\repository\org\glassfish\jaxb\txw2\2.3.1\txw2-2.3.1.jar;C:\Users\rainb\.m2\repository\com\sun\istack\istack-commons-runtime\3.0.7\istack-commons-runtime-3.0.7.jar;C:\Users\rainb\.m2\repository\org\jvnet\staxex\stax-ex\1.8\stax-ex-1.8.jar;C:\Users\rainb\.m2\repository\com\sun\xml\fastinfoset\FastInfoset\1.2.15\FastInfoset-1.2.15.jar
Launcher Type: SUN_STANDARD

[Global flags]
     intx CICompilerCount                          = 4                                         {product} {ergonomic}
     uint ConcGCThreads                            = 2                                         {product} {ergonomic}
     uint G1ConcRefinementThreads                  = 8                                         {product} {ergonomic}
   size_t G1HeapRegionSize                         = 2097152                                   {product} {ergonomic}
    uintx GCDrainStackTargetSize                   = 64                                        {product} {ergonomic}
   size_t InitialHeapSize                          = 199229440                                 {product} {ergonomic}
   size_t MarkStackSize                            = 4194304                                   {product} {ergonomic}
   size_t MaxHeapSize                              = 3177185280                                {product} {ergonomic}
   size_t MaxNewSize                               = 1906311168                                {product} {ergonomic}
   size_t MinHeapDeltaBytes                        = 2097152                                   {product} {ergonomic}
   size_t MinHeapSize                              = 8388608                                   {product} {ergonomic}
    uintx NonNMethodCodeHeapSize                   = 5839372                                {pd product} {ergonomic}
    uintx NonProfiledCodeHeapSize                  = 122909434                              {pd product} {ergonomic}
    uintx ProfiledCodeHeapSize                     = 122909434                              {pd product} {ergonomic}
    uintx ReservedCodeCacheSize                    = 251658240                              {pd product} {ergonomic}
     bool SegmentedCodeCache                       = true                                      {product} {ergonomic}
   size_t SoftMaxHeapSize                          = 3177185280                             {manageable} {ergonomic}
     bool UseCompressedClassPointers               = true                           {product lp64_product} {ergonomic}
     bool UseCompressedOops                        = true                           {product lp64_product} {ergonomic}
     bool UseG1GC                                  = true                                      {product} {ergonomic}
     bool UseLargePagesIndividualAllocation        = false                                  {pd product} {ergonomic}

Logging:
Log output configuration:
 #0: stdout all=warning uptime,level,tags foldmultilines=false
 #1: stderr all=off uptime,level,tags foldmultilines=false

Environment Variables:
JAVA_HOME=C:\Program Files\Java\jdk-20
PATH=C:\Program Files\Common Files\Oracle\Java\javapath;C:\Windows\system32;C:\Windows;C:\Windows\System32\Wbem;C:\Windows\System32\WindowsPowerShell\v1.0\;C:\Windows\System32\OpenSSH\;C:\Program Files (x86)\NVIDIA Corporation\PhysX\Common;C:\Program Files\NVIDIA Corporation\NVIDIA NvDLISR;C:\WINDOWS\system32;C:\WINDOWS;C:\WINDOWS\System32\Wbem;C:\WINDOWS\System32\WindowsPowerShell\v1.0\;C:\WINDOWS\System32\OpenSSH\;C:\Program Files\Go\bin;C:\Program Files\Java\jdk-20\bin;C:\Program Files\Java\jdk-20\bin;C:\Program Files\apache-maven-3.9.6\bin;C:\Program Files\Git\cmd;C:\Program Files\MySQL\MySQL Shell 8.3\bin\;C:\Users\rainb\AppData\Local\Microsoft\WindowsApps;C:\Users\rainb\go\bin;C:\Program Files\JetBrains\IntelliJ IDEA 2023.3.6\bin;;C:\Program Files\JetBrains\IntelliJ IDEA Community Edition 2023.2\bin;;C:\Users\rainb\AppData\Local\GitHubDesktop\bin
USERNAME=rainb
OS=Windows_NT
PROCESSOR_IDENTIFIER=Intel64 Family 6 Model 165 Stepping 2, GenuineIntel
TMP=C:\Users\rainb\AppData\Local\Temp
TEMP=C:\Users\rainb\AppData\Local\Temp




---------------  S Y S T E M  ---------------

OS:
 Windows 11 , 64 bit Build 22621 (10.0.22621.3085)
OS uptime: 0 days 2:39 hours

CPU: total 8 (initial active 8) (4 cores per cpu, 2 threads per core) family 6 model 165 stepping 2 microcode 0xe0, cx8, cmov, fxsr, ht, mmx, 3dnowpref, sse, sse2, sse3, ssse3, sse4.1, sse4.2, popcnt, lzcnt, tsc, tscinvbit, avx, avx2, aes, erms, clmul, bmi1, bmi2, adx, fma, vzeroupper, clflush, clflushopt, rdtscp, f16c, pku

Memory: 4k page, system-wide physical 12119M (2553M free)
TotalPageFile size 14167M (AvailPageFile size 3M)
current process WorkingSet (physical memory assigned to process): 108M, peak: 108M
current process commit charge ("private bytes"): 315M, peak: 315M

vm_info: Java HotSpot(TM) 64-Bit Server VM (20.0.2+9-78) for windows-amd64 JRE (20.0.2+9-78), built on 2023-06-14T10:08:48Z by "mach5one" with MS VC++ 17.1 (VS2022)

END.
