#
# There is insufficient memory for the Java Runtime Environment to continue.
# Native memory allocation (malloc) failed to allocate 65552 bytes for Chunk::new
# Possible reasons:
#   The system is out of physical RAM or swap space
#   The process is running with CompressedOops enabled, and the Java Heap may be blocking the growth of the native heap
# Possible solutions:
#   Reduce memory load on the system
#   Increase physical memory or swap space
#   Check if swap backing store is full
#   Decrease Java heap size (-Xmx/-Xms)
#   Decrease number of Java threads
#   Decrease Java thread stack sizes (-Xss)
#   Set larger code cache with -XX:ReservedCodeCacheSize=
#   JVM is running with Zero Based Compressed Oops mode in which the Java heap is
#     placed in the first 32GB address space. The Java Heap base address is the
#     maximum limit for the native heap growth. Please use -XX:HeapBaseMinAddress
#     to set the Java Heap base and to place the Java Heap above 32GB virtual address.
# This output file may be truncated or incomplete.
#
#  Out of Memory Error (arena.cpp:184), pid=35936, tid=32700
#
# JRE version: Java(TM) SE Runtime Environment (20.0.2+9) (build 20.0.2+9-78)
# Java VM: Java HotSpot(TM) 64-Bit Server VM (20.0.2+9-78, mixed mode, sharing, tiered, compressed oops, compressed class ptrs, g1 gc, windows-amd64)
# No core dump will be written. Minidumps are not enabled by default on client versions of Windows
#

---------------  S U M M A R Y ------------

Command Line: -javaagent:C:\Program Files\JetBrains\IntelliJ IDEA 2023.3.6\lib\idea_rt.jar=56057:C:\Program Files\JetBrains\IntelliJ IDEA 2023.3.6\bin -Dfile.encoding=UTF-8 -Dsun.stdout.encoding=UTF-8 -Dsun.stderr.encoding=UTF-8 jm.task.core.jdbc.Main

Host: Intel(R) Core(TM) i5-10300H CPU @ 2.50GHz, 8 cores, 11G,  Windows 11 , 64 bit Build 22621 (10.0.22621.3085)
Time: Sun Apr 14 02:56:37 2024 RTZ 2 (s 11 , 64 bit Build 22621 (10.0.22621.3085) elapsed time: 0.476229 seconds (0d 0h 0m 0s)

---------------  T H R E A D  ---------------

Current thread (0x0000027874273a40):  JavaThread "C2 CompilerThread2" daemon [_thread_in_native, id=32700, stack(0x000000d3dd500000,0x000000d3dd600000)]


Current CompileTask:
C2:    476 1075       4       sun.security.ec.ECOperations::setDouble (463 bytes)

Stack: [0x000000d3dd500000,0x000000d3dd600000]
Native frames: (J=compiled Java code, j=interpreted, Vv=VM code, C=native code)
V  [jvm.dll+0x6bc25a]
V  [jvm.dll+0x84971a]
V  [jvm.dll+0x84b315]
V  [jvm.dll+0x84ba13]
V  [jvm.dll+0x280e4f]
V  [jvm.dll+0xc2ab1]
V  [jvm.dll+0xc2dd5]
V  [jvm.dll+0xc2bd4]
V  [jvm.dll+0x69a16c]
V  [jvm.dll+0x5cfa9e]
V  [jvm.dll+0x5ceef3]
V  [jvm.dll+0x5ceea8]
V  [jvm.dll+0x5d2668]
V  [jvm.dll+0x5d2239]
V  [jvm.dll+0x5d1960]
V  [jvm.dll+0x5d1926]
V  [jvm.dll+0x5d1974]
V  [jvm.dll+0x5d1974]
V  [jvm.dll+0x5d1974]
V  [jvm.dll+0x5d1974]
V  [jvm.dll+0x5d1974]
V  [jvm.dll+0x5d1974]
V  [jvm.dll+0x5d1974]
V  [jvm.dll+0x5d1974]
V  [jvm.dll+0x5d1974]
V  [jvm.dll+0x5d1974]
V  [jvm.dll+0x5d1974]
V  [jvm.dll+0x5d1974]
V  [jvm.dll+0x5d1974]
V  [jvm.dll+0x5d1974]
V  [jvm.dll+0x5e4258]
V  [jvm.dll+0x254684]
V  [jvm.dll+0x24cf0a]
V  [jvm.dll+0x24a819]
V  [jvm.dll+0x1ce761]
V  [jvm.dll+0x25a0eb]
V  [jvm.dll+0x2587c0]
V  [jvm.dll+0x3f2dd5]
V  [jvm.dll+0x7f5c76]
V  [jvm.dll+0x6baecb]
C  [ucrtbase.dll+0x29363]
C  [KERNEL32.DLL+0x1257d]
C  [ntdll.dll+0x5aa58]


---------------  P R O C E S S  ---------------

Threads class SMR info:
_java_thread_list=0x0000027873e24780, length=15, elements={
0x0000027810c4b6e0, 0x000002782eb81460, 0x000002782eb82870, 0x000002782eb84610,
0x000002782eb882f0, 0x000002782eb88c30, 0x000002782eb89d50, 0x000002782ebbe140,
0x000002782ebc22b0, 0x0000027873e0fed0, 0x0000027873fccf10, 0x000002787404b600,
0x000002787404bb50, 0x00000278740f3ba0, 0x0000027874273a40
}

Java Threads: ( => current thread )
  0x0000027810c4b6e0 JavaThread "main" [_thread_in_vm, id=29120, stack(0x000000d3dc000000,0x000000d3dc100000)]
  0x000002782eb81460 JavaThread "Reference Handler" daemon [_thread_blocked, id=32860, stack(0x000000d3dc700000,0x000000d3dc800000)]
  0x000002782eb82870 JavaThread "Finalizer" daemon [_thread_blocked, id=31780, stack(0x000000d3dc800000,0x000000d3dc900000)]
  0x000002782eb84610 JavaThread "Signal Dispatcher" daemon [_thread_blocked, id=36424, stack(0x000000d3dc900000,0x000000d3dca00000)]
  0x000002782eb882f0 JavaThread "Attach Listener" daemon [_thread_blocked, id=36956, stack(0x000000d3dca00000,0x000000d3dcb00000)]
  0x000002782eb88c30 JavaThread "Service Thread" daemon [_thread_blocked, id=37476, stack(0x000000d3dcb00000,0x000000d3dcc00000)]
  0x000002782eb89d50 JavaThread "Monitor Deflation Thread" daemon [_thread_blocked, id=36740, stack(0x000000d3dcc00000,0x000000d3dcd00000)]
  0x000002782ebbe140 JavaThread "C2 CompilerThread0" daemon [_thread_in_native, id=33508, stack(0x000000d3dcd00000,0x000000d3dce00000)]
  0x000002782ebc22b0 JavaThread "C1 CompilerThread0" daemon [_thread_in_native, id=37596, stack(0x000000d3dce00000,0x000000d3dcf00000)]
  0x0000027873e0fed0 JavaThread "Common-Cleaner" daemon [_thread_blocked, id=32204, stack(0x000000d3dcf00000,0x000000d3dd000000)]
  0x0000027873fccf10 JavaThread "C2 CompilerThread1" daemon [_thread_in_native, id=33292, stack(0x000000d3dd000000,0x000000d3dd100000)]
  0x000002787404b600 JavaThread "Monitor Ctrl-Break" daemon [_thread_in_native, id=36900, stack(0x000000d3dd100000,0x000000d3dd200000)]
  0x000002787404bb50 JavaThread "Notification Thread" daemon [_thread_blocked, id=37132, stack(0x000000d3dd200000,0x000000d3dd300000)]
  0x00000278740f3ba0 JavaThread "mysql-cj-abandoned-connection-cleanup" daemon [_thread_blocked, id=37768, stack(0x000000d3dd400000,0x000000d3dd500000)]
=>0x0000027874273a40 JavaThread "C2 CompilerThread2" daemon [_thread_in_native, id=32700, stack(0x000000d3dd500000,0x000000d3dd600000)]

Other Threads:
  0x000002782eb5f6e0 VMThread "VM Thread" [stack: 0x000000d3dc600000,0x000000d3dc700000] [id=36800]
  0x00000278740521a0 WatcherThread "VM Periodic Task Thread" [stack: 0x000000d3dd300000,0x000000d3dd400000] [id=36120]
  0x0000027810ca3960 WorkerThread "GC Thread#0" [stack: 0x000000d3dc100000,0x000000d3dc200000] [id=37460]
  0x0000027810cb0670 ConcurrentGCThread "G1 Main Marker" [stack: 0x000000d3dc200000,0x000000d3dc300000] [id=37644]
  0x0000027810cb0fb0 WorkerThread "G1 Conc#0" [stack: 0x000000d3dc300000,0x000000d3dc400000] [id=36056]
  0x0000027810cdec40 ConcurrentGCThread "G1 Refine#0" [stack: 0x000000d3dc400000,0x000000d3dc500000] [id=26312]
  0x000002782ea23480 ConcurrentGCThread "G1 Service" [stack: 0x000000d3dc500000,0x000000d3dc600000] [id=36912]

Threads with active compile tasks:
C2 CompilerThread0      503 1121       4       java.math.BigInteger::implMulAdd (81 bytes)
C1 CompilerThread0      503 1136       3       java.lang.invoke.VarHandleGuards::guard_LIJ_V (135 bytes)
C2 CompilerThread1      503 1127       4       java.util.HashMap$Node::<init> (26 bytes)
C2 CompilerThread2      503 1075       4       sun.security.ec.ECOperations::setDouble (463 bytes)

VM state: not at safepoint (normal execution)

VM Mutex/Monitor currently owned by a thread: None

Heap address: 0x0000000742a00000, size: 3030 MB, Compressed Oops mode: Zero based, Oop shift amount: 3

CDS archive(s) mapped at: [0x000002782ec00000-0x000002782f860000-0x000002782f860000), size 12976128, SharedBaseAddress: 0x000002782ec00000, ArchiveRelocationMode: 1.
Compressed class space mapped at: 0x000002782fc00000-0x000002786fc00000, reserved size: 1073741824
Narrow klass base: 0x000002782ec00000, Narrow klass shift: 0, Narrow klass range: 0x100000000

GC Precious Log:
 CardTable entry size: 512
 Card Set container configuration: InlinePtr #cards 4 size 8 Array Of Cards #cards 16 size 48 Howl #buckets 8 coarsen threshold 3686 Howl Bitmap #cards 512 size 80 coarsen threshold 460 Card regions per heap region 1 cards per card region 4096
 CPUs: 8 total, 8 available
 Memory: 12119M
 Large Page Support: Disabled
 NUMA Support: Disabled
 Compressed Oops: Enabled (Zero based)
 Heap Region Size: 2M
 Heap Min Capacity: 8M
 Heap Initial Capacity: 190M
 Heap Max Capacity: 3030M
 Pre-touch: Disabled
 Parallel Workers: 8
 Concurrent Workers: 2
 Concurrent Refinement Workers: 8
 Periodic GC: Disabled

Heap:
 garbage-first heap   total 194560K, used 14336K [0x0000000742a00000, 0x0000000800000000)
  region size 2048K, 9 young (18432K), 0 survivors (0K)
 Metaspace       used 9267K, committed 9408K, reserved 1114112K
  class space    used 992K, committed 1024K, reserved 1048576K

Heap Regions: E=young(eden), S=young(survivor), O=old, HS=humongous(starts), HC=humongous(continues), CS=collection set, F=free, OA=open archive, CA=closed archive, TAMS=top-at-mark-start, PB=parsable bottom
|   0|0x0000000742a00000, 0x0000000742a00000, 0x0000000742c00000|  0%| F|  |TAMS 0x0000000742a00000| PB 0x0000000742a00000| Untracked 
|   1|0x0000000742c00000, 0x0000000742c00000, 0x0000000742e00000|  0%| F|  |TAMS 0x0000000742c00000| PB 0x0000000742c00000| Untracked 
|   2|0x0000000742e00000, 0x0000000742e00000, 0x0000000743000000|  0%| F|  |TAMS 0x0000000742e00000| PB 0x0000000742e00000| Untracked 
|   3|0x0000000743000000, 0x0000000743000000, 0x0000000743200000|  0%| F|  |TAMS 0x0000000743000000| PB 0x0000000743000000| Untracked 
|   4|0x0000000743200000, 0x0000000743200000, 0x0000000743400000|  0%| F|  |TAMS 0x0000000743200000| PB 0x0000000743200000| Untracked 
|   5|0x0000000743400000, 0x0000000743400000, 0x0000000743600000|  0%| F|  |TAMS 0x0000000743400000| PB 0x0000000743400000| Untracked 
|   6|0x0000000743600000, 0x0000000743600000, 0x0000000743800000|  0%| F|  |TAMS 0x0000000743600000| PB 0x0000000743600000| Untracked 
|   7|0x0000000743800000, 0x0000000743800000, 0x0000000743a00000|  0%| F|  |TAMS 0x0000000743800000| PB 0x0000000743800000| Untracked 
|   8|0x0000000743a00000, 0x0000000743a00000, 0x0000000743c00000|  0%| F|  |TAMS 0x0000000743a00000| PB 0x0000000743a00000| Untracked 
|   9|0x0000000743c00000, 0x0000000743c00000, 0x0000000743e00000|  0%| F|  |TAMS 0x0000000743c00000| PB 0x0000000743c00000| Untracked 
|  10|0x0000000743e00000, 0x0000000743e00000, 0x0000000744000000|  0%| F|  |TAMS 0x0000000743e00000| PB 0x0000000743e00000| Untracked 
|  11|0x0000000744000000, 0x0000000744000000, 0x0000000744200000|  0%| F|  |TAMS 0x0000000744000000| PB 0x0000000744000000| Untracked 
|  12|0x0000000744200000, 0x0000000744200000, 0x0000000744400000|  0%| F|  |TAMS 0x0000000744200000| PB 0x0000000744200000| Untracked 
|  13|0x0000000744400000, 0x0000000744400000, 0x0000000744600000|  0%| F|  |TAMS 0x0000000744400000| PB 0x0000000744400000| Untracked 
|  14|0x0000000744600000, 0x0000000744600000, 0x0000000744800000|  0%| F|  |TAMS 0x0000000744600000| PB 0x0000000744600000| Untracked 
|  15|0x0000000744800000, 0x0000000744800000, 0x0000000744a00000|  0%| F|  |TAMS 0x0000000744800000| PB 0x0000000744800000| Untracked 
|  16|0x0000000744a00000, 0x0000000744a00000, 0x0000000744c00000|  0%| F|  |TAMS 0x0000000744a00000| PB 0x0000000744a00000| Untracked 
|  17|0x0000000744c00000, 0x0000000744c00000, 0x0000000744e00000|  0%| F|  |TAMS 0x0000000744c00000| PB 0x0000000744c00000| Untracked 
|  18|0x0000000744e00000, 0x0000000744e00000, 0x0000000745000000|  0%| F|  |TAMS 0x0000000744e00000| PB 0x0000000744e00000| Untracked 
|  19|0x0000000745000000, 0x0000000745000000, 0x0000000745200000|  0%| F|  |TAMS 0x0000000745000000| PB 0x0000000745000000| Untracked 
|  20|0x0000000745200000, 0x0000000745200000, 0x0000000745400000|  0%| F|  |TAMS 0x0000000745200000| PB 0x0000000745200000| Untracked 
|  21|0x0000000745400000, 0x0000000745400000, 0x0000000745600000|  0%| F|  |TAMS 0x0000000745400000| PB 0x0000000745400000| Untracked 
|  22|0x0000000745600000, 0x0000000745600000, 0x0000000745800000|  0%| F|  |TAMS 0x0000000745600000| PB 0x0000000745600000| Untracked 
|  23|0x0000000745800000, 0x0000000745800000, 0x0000000745a00000|  0%| F|  |TAMS 0x0000000745800000| PB 0x0000000745800000| Untracked 
|  24|0x0000000745a00000, 0x0000000745a00000, 0x0000000745c00000|  0%| F|  |TAMS 0x0000000745a00000| PB 0x0000000745a00000| Untracked 
|  25|0x0000000745c00000, 0x0000000745c00000, 0x0000000745e00000|  0%| F|  |TAMS 0x0000000745c00000| PB 0x0000000745c00000| Untracked 
|  26|0x0000000745e00000, 0x0000000745e00000, 0x0000000746000000|  0%| F|  |TAMS 0x0000000745e00000| PB 0x0000000745e00000| Untracked 
|  27|0x0000000746000000, 0x0000000746000000, 0x0000000746200000|  0%| F|  |TAMS 0x0000000746000000| PB 0x0000000746000000| Untracked 
|  28|0x0000000746200000, 0x0000000746200000, 0x0000000746400000|  0%| F|  |TAMS 0x0000000746200000| PB 0x0000000746200000| Untracked 
|  29|0x0000000746400000, 0x0000000746400000, 0x0000000746600000|  0%| F|  |TAMS 0x0000000746400000| PB 0x0000000746400000| Untracked 
|  30|0x0000000746600000, 0x0000000746600000, 0x0000000746800000|  0%| F|  |TAMS 0x0000000746600000| PB 0x0000000746600000| Untracked 
|  31|0x0000000746800000, 0x0000000746800000, 0x0000000746a00000|  0%| F|  |TAMS 0x0000000746800000| PB 0x0000000746800000| Untracked 
|  32|0x0000000746a00000, 0x0000000746a00000, 0x0000000746c00000|  0%| F|  |TAMS 0x0000000746a00000| PB 0x0000000746a00000| Untracked 
|  33|0x0000000746c00000, 0x0000000746c00000, 0x0000000746e00000|  0%| F|  |TAMS 0x0000000746c00000| PB 0x0000000746c00000| Untracked 
|  34|0x0000000746e00000, 0x0000000746e00000, 0x0000000747000000|  0%| F|  |TAMS 0x0000000746e00000| PB 0x0000000746e00000| Untracked 
|  35|0x0000000747000000, 0x0000000747000000, 0x0000000747200000|  0%| F|  |TAMS 0x0000000747000000| PB 0x0000000747000000| Untracked 
|  36|0x0000000747200000, 0x0000000747200000, 0x0000000747400000|  0%| F|  |TAMS 0x0000000747200000| PB 0x0000000747200000| Untracked 
|  37|0x0000000747400000, 0x0000000747400000, 0x0000000747600000|  0%| F|  |TAMS 0x0000000747400000| PB 0x0000000747400000| Untracked 
|  38|0x0000000747600000, 0x0000000747600000, 0x0000000747800000|  0%| F|  |TAMS 0x0000000747600000| PB 0x0000000747600000| Untracked 
|  39|0x0000000747800000, 0x0000000747800000, 0x0000000747a00000|  0%| F|  |TAMS 0x0000000747800000| PB 0x0000000747800000| Untracked 
|  40|0x0000000747a00000, 0x0000000747a00000, 0x0000000747c00000|  0%| F|  |TAMS 0x0000000747a00000| PB 0x0000000747a00000| Untracked 
|  41|0x0000000747c00000, 0x0000000747c00000, 0x0000000747e00000|  0%| F|  |TAMS 0x0000000747c00000| PB 0x0000000747c00000| Untracked 
|  42|0x0000000747e00000, 0x0000000747e00000, 0x0000000748000000|  0%| F|  |TAMS 0x0000000747e00000| PB 0x0000000747e00000| Untracked 
|  43|0x0000000748000000, 0x0000000748000000, 0x0000000748200000|  0%| F|  |TAMS 0x0000000748000000| PB 0x0000000748000000| Untracked 
|  44|0x0000000748200000, 0x0000000748200000, 0x0000000748400000|  0%| F|  |TAMS 0x0000000748200000| PB 0x0000000748200000| Untracked 
|  45|0x0000000748400000, 0x0000000748400000, 0x0000000748600000|  0%| F|  |TAMS 0x0000000748400000| PB 0x0000000748400000| Untracked 
|  46|0x0000000748600000, 0x0000000748600000, 0x0000000748800000|  0%| F|  |TAMS 0x0000000748600000| PB 0x0000000748600000| Untracked 
|  47|0x0000000748800000, 0x0000000748800000, 0x0000000748a00000|  0%| F|  |TAMS 0x0000000748800000| PB 0x0000000748800000| Untracked 
|  48|0x0000000748a00000, 0x0000000748a00000, 0x0000000748c00000|  0%| F|  |TAMS 0x0000000748a00000| PB 0x0000000748a00000| Untracked 
|  49|0x0000000748c00000, 0x0000000748c00000, 0x0000000748e00000|  0%| F|  |TAMS 0x0000000748c00000| PB 0x0000000748c00000| Untracked 
|  50|0x0000000748e00000, 0x0000000748e00000, 0x0000000749000000|  0%| F|  |TAMS 0x0000000748e00000| PB 0x0000000748e00000| Untracked 
|  51|0x0000000749000000, 0x0000000749000000, 0x0000000749200000|  0%| F|  |TAMS 0x0000000749000000| PB 0x0000000749000000| Untracked 
|  52|0x0000000749200000, 0x0000000749200000, 0x0000000749400000|  0%| F|  |TAMS 0x0000000749200000| PB 0x0000000749200000| Untracked 
|  53|0x0000000749400000, 0x0000000749400000, 0x0000000749600000|  0%| F|  |TAMS 0x0000000749400000| PB 0x0000000749400000| Untracked 
|  54|0x0000000749600000, 0x0000000749600000, 0x0000000749800000|  0%| F|  |TAMS 0x0000000749600000| PB 0x0000000749600000| Untracked 
|  55|0x0000000749800000, 0x0000000749800000, 0x0000000749a00000|  0%| F|  |TAMS 0x0000000749800000| PB 0x0000000749800000| Untracked 
|  56|0x0000000749a00000, 0x0000000749a00000, 0x0000000749c00000|  0%| F|  |TAMS 0x0000000749a00000| PB 0x0000000749a00000| Untracked 
|  57|0x0000000749c00000, 0x0000000749c00000, 0x0000000749e00000|  0%| F|  |TAMS 0x0000000749c00000| PB 0x0000000749c00000| Untracked 
|  58|0x0000000749e00000, 0x0000000749e00000, 0x000000074a000000|  0%| F|  |TAMS 0x0000000749e00000| PB 0x0000000749e00000| Untracked 
|  59|0x000000074a000000, 0x000000074a000000, 0x000000074a200000|  0%| F|  |TAMS 0x000000074a000000| PB 0x000000074a000000| Untracked 
|  60|0x000000074a200000, 0x000000074a200000, 0x000000074a400000|  0%| F|  |TAMS 0x000000074a200000| PB 0x000000074a200000| Untracked 
|  61|0x000000074a400000, 0x000000074a400000, 0x000000074a600000|  0%| F|  |TAMS 0x000000074a400000| PB 0x000000074a400000| Untracked 
|  62|0x000000074a600000, 0x000000074a600000, 0x000000074a800000|  0%| F|  |TAMS 0x000000074a600000| PB 0x000000074a600000| Untracked 
|  63|0x000000074a800000, 0x000000074a800000, 0x000000074aa00000|  0%| F|  |TAMS 0x000000074a800000| PB 0x000000074a800000| Untracked 
|  64|0x000000074aa00000, 0x000000074aa00000, 0x000000074ac00000|  0%| F|  |TAMS 0x000000074aa00000| PB 0x000000074aa00000| Untracked 
|  65|0x000000074ac00000, 0x000000074ac00000, 0x000000074ae00000|  0%| F|  |TAMS 0x000000074ac00000| PB 0x000000074ac00000| Untracked 
|  66|0x000000074ae00000, 0x000000074ae00000, 0x000000074b000000|  0%| F|  |TAMS 0x000000074ae00000| PB 0x000000074ae00000| Untracked 
|  67|0x000000074b000000, 0x000000074b000000, 0x000000074b200000|  0%| F|  |TAMS 0x000000074b000000| PB 0x000000074b000000| Untracked 
|  68|0x000000074b200000, 0x000000074b200000, 0x000000074b400000|  0%| F|  |TAMS 0x000000074b200000| PB 0x000000074b200000| Untracked 
|  69|0x000000074b400000, 0x000000074b400000, 0x000000074b600000|  0%| F|  |TAMS 0x000000074b400000| PB 0x000000074b400000| Untracked 
|  70|0x000000074b600000, 0x000000074b600000, 0x000000074b800000|  0%| F|  |TAMS 0x000000074b600000| PB 0x000000074b600000| Untracked 
|  71|0x000000074b800000, 0x000000074b800000, 0x000000074ba00000|  0%| F|  |TAMS 0x000000074b800000| PB 0x000000074b800000| Untracked 
|  72|0x000000074ba00000, 0x000000074ba00000, 0x000000074bc00000|  0%| F|  |TAMS 0x000000074ba00000| PB 0x000000074ba00000| Untracked 
|  73|0x000000074bc00000, 0x000000074bc00000, 0x000000074be00000|  0%| F|  |TAMS 0x000000074bc00000| PB 0x000000074bc00000| Untracked 
|  74|0x000000074be00000, 0x000000074be00000, 0x000000074c000000|  0%| F|  |TAMS 0x000000074be00000| PB 0x000000074be00000| Untracked 
|  75|0x000000074c000000, 0x000000074c000000, 0x000000074c200000|  0%| F|  |TAMS 0x000000074c000000| PB 0x000000074c000000| Untracked 
|  76|0x000000074c200000, 0x000000074c200000, 0x000000074c400000|  0%| F|  |TAMS 0x000000074c200000| PB 0x000000074c200000| Untracked 
|  77|0x000000074c400000, 0x000000074c400000, 0x000000074c600000|  0%| F|  |TAMS 0x000000074c400000| PB 0x000000074c400000| Untracked 
|  78|0x000000074c600000, 0x000000074c600000, 0x000000074c800000|  0%| F|  |TAMS 0x000000074c600000| PB 0x000000074c600000| Untracked 
|  79|0x000000074c800000, 0x000000074c800000, 0x000000074ca00000|  0%| F|  |TAMS 0x000000074c800000| PB 0x000000074c800000| Untracked 
|  80|0x000000074ca00000, 0x000000074ca00000, 0x000000074cc00000|  0%| F|  |TAMS 0x000000074ca00000| PB 0x000000074ca00000| Untracked 
|  81|0x000000074cc00000, 0x000000074cc00000, 0x000000074ce00000|  0%| F|  |TAMS 0x000000074cc00000| PB 0x000000074cc00000| Untracked 
|  82|0x000000074ce00000, 0x000000074ce00000, 0x000000074d000000|  0%| F|  |TAMS 0x000000074ce00000| PB 0x000000074ce00000| Untracked 
|  83|0x000000074d000000, 0x000000074d000000, 0x000000074d200000|  0%| F|  |TAMS 0x000000074d000000| PB 0x000000074d000000| Untracked 
|  84|0x000000074d200000, 0x000000074d200000, 0x000000074d400000|  0%| F|  |TAMS 0x000000074d200000| PB 0x000000074d200000| Untracked 
|  85|0x000000074d400000, 0x000000074d400000, 0x000000074d600000|  0%| F|  |TAMS 0x000000074d400000| PB 0x000000074d400000| Untracked 
|  86|0x000000074d600000, 0x000000074d671258, 0x000000074d800000| 22%| E|  |TAMS 0x000000074d600000| PB 0x000000074d600000| Complete 
|  87|0x000000074d800000, 0x000000074da00000, 0x000000074da00000|100%| E|CS|TAMS 0x000000074d800000| PB 0x000000074d800000| Complete 
|  88|0x000000074da00000, 0x000000074dc00000, 0x000000074dc00000|100%| E|CS|TAMS 0x000000074da00000| PB 0x000000074da00000| Complete 
|  89|0x000000074dc00000, 0x000000074de00000, 0x000000074de00000|100%| E|CS|TAMS 0x000000074dc00000| PB 0x000000074dc00000| Complete 
|  90|0x000000074de00000, 0x000000074e000000, 0x000000074e000000|100%| E|CS|TAMS 0x000000074de00000| PB 0x000000074de00000| Complete 
|  91|0x000000074e000000, 0x000000074e200000, 0x000000074e200000|100%| E|CS|TAMS 0x000000074e000000| PB 0x000000074e000000| Complete 
|  92|0x000000074e200000, 0x000000074e400000, 0x000000074e400000|100%| E|CS|TAMS 0x000000074e200000| PB 0x000000074e200000| Complete 
|  93|0x000000074e400000, 0x000000074e600000, 0x000000074e600000|100%| E|  |TAMS 0x000000074e400000| PB 0x000000074e400000| Complete 
|  94|0x000000074e600000, 0x000000074e800000, 0x000000074e800000|100%| E|CS|TAMS 0x000000074e600000| PB 0x000000074e600000| Complete 

Card table byte_map: [0x0000027828610000,0x0000027828c00000] _byte_map_base: 0x0000027824bfb000

Marking Bits: (CMBitMap*) 0x0000027810ca3ea0
 Bits: [0x00000278291f0000, 0x000002782c148000)

Polling page: 0x000002780eb00000

Metaspace:

Usage:
  Non-class:      8.11 MB used.
      Class:    997.19 KB used.
       Both:      9.08 MB used.

Virtual space:
  Non-class space:       64.00 MB reserved,       8.19 MB ( 13%) committed,  1 nodes.
      Class space:        1.00 GB reserved,       1.06 MB ( <1%) committed,  1 nodes.
             Both:        1.06 GB reserved,       9.25 MB ( <1%) committed. 

Chunk freelists:
   Non-Class:  2.92 MB
       Class:  2.98 MB
        Both:  5.91 MB

MaxMetaspaceSize: unlimited
CompressedClassSpaceSize: 1.00 GB
Initial GC threshold: 21.00 MB
Current GC threshold: 21.00 MB
CDS: on
MetaspaceReclaimPolicy: balanced
 - commit_granule_bytes: 65536.
 - commit_granule_words: 8192.
 - virtual_space_node_default_size: 8388608.
 - enlarge_chunks_in_place: 1.
 - new_chunks_are_fully_committed: 0.
 - uncommit_free_chunks: 1.
 - use_allocation_guard: 0.


Internal statistics:

num_allocs_failed_limit: 0.
num_arena_births: 66.
num_arena_deaths: 0.
num_vsnodes_births: 2.
num_vsnodes_deaths: 0.
num_space_committed: 149.
num_space_uncommitted: 0.
num_chunks_returned_to_freelist: 0.
num_chunks_taken_from_freelist: 204.
num_chunk_merges: 0.
num_chunk_splits: 126.
num_chunks_enlarged: 91.
num_inconsistent_stats: 0.

CodeHeap 'non-profiled nmethods': size=120000Kb used=431Kb max_used=431Kb free=119568Kb
 bounds [0x00000278207c0000, 0x0000027820a30000, 0x0000027827cf0000]
CodeHeap 'profiled nmethods': size=120000Kb used=1757Kb max_used=1757Kb free=118242Kb
 bounds [0x0000027818cf0000, 0x0000027818f60000, 0x0000027820220000]
CodeHeap 'non-nmethods': size=5760Kb used=1507Kb max_used=1529Kb free=4252Kb
 bounds [0x0000027820220000, 0x0000027820490000, 0x00000278207c0000]
 total_blobs=1661 nmethods=1131 adapters=441
 compilation: enabled
              stopped_count=0, restarted_count=0
 full_count=0

Compilation events (20 events):
Event: 0.463 Thread 0x000002782ebbe140 nmethod 1076 0x0000027820827b10 code [0x0000027820827c80, 0x0000027820827e50]
Event: 0.465 Thread 0x0000027873fccf10 nmethod 1071 0x0000027820827f10 code [0x00000278208280c0, 0x0000027820828b38]
Event: 0.468 Thread 0x000002782ebc22b0 1077       3       sun.security.ec.ECOperations$PointMultiplier$Secp256R1GeneratorMultiplier::bit (13 bytes)
Event: 0.468 Thread 0x000002782ebc22b0 nmethod 1077 0x0000027818e95390 code [0x0000027818e95520, 0x0000027818e95648]
Event: 0.469 Thread 0x000002782ebc22b0 1078       3       java.io.ByteArrayOutputStream::ensureCapacity (32 bytes)
Event: 0.469 Thread 0x000002782ebc22b0 nmethod 1078 0x0000027818e95710 code [0x0000027818e958c0, 0x0000027818e95c80]
Event: 0.472 Thread 0x000002782ebc22b0 1080       3       sun.security.provider.SHA5::lf_S (6 bytes)
Event: 0.472 Thread 0x000002782ebc22b0 nmethod 1080 0x0000027818e95e10 code [0x0000027818e95fa0, 0x0000027818e960b0]
Event: 0.472 Thread 0x000002782ebc22b0 1081       3       java.lang.Long::rotateRight (9 bytes)
Event: 0.472 Thread 0x000002782ebc22b0 nmethod 1081 0x0000027818e96190 code [0x0000027818e96320, 0x0000027818e96420]
Event: 0.472 Thread 0x000002782ebc22b0 1082       3       sun.security.provider.SHA5::lf_R (4 bytes)
Event: 0.472 Thread 0x000002782ebc22b0 nmethod 1082 0x0000027818e96490 code [0x0000027818e96620, 0x0000027818e96718]
Event: 0.473 Thread 0x000002782ebc22b0 1083       3       sun.security.provider.SHA5::lf_delta1 (21 bytes)
Event: 0.473 Thread 0x000002782ebbe140 1086       4       java.lang.Long::rotateRight (9 bytes)
Event: 0.473 Thread 0x000002782ebc22b0 nmethod 1083 0x0000027818e96790 code [0x0000027818e96940, 0x0000027818e96bc0]
Event: 0.473 Thread 0x000002782ebc22b0 1085       3       sun.security.provider.SHA5::lf_sigma1 (21 bytes)
Event: 0.473 Thread 0x000002782ebbe140 nmethod 1086 0x0000027820829490 code [0x0000027820829600, 0x0000027820829670]
Event: 0.473 Thread 0x000002782ebc22b0 nmethod 1085 0x0000027818e96d10 code [0x0000027818e96ec0, 0x0000027818e97168]
Event: 0.473 Thread 0x000002782ebc22b0 1084       3       sun.security.provider.SHA5::lf_delta0 (20 bytes)
Event: 0.473 Thread 0x000002782ebc22b0 nmethod 1084 0x0000027818e97310 code [0x0000027818e974c0, 0x0000027818e97740]

GC Heap History (0 events):
No events

Dll operation events (11 events):
Event: 0.008 Loaded shared library C:\Program Files\Java\jdk-20\bin\java.dll
Event: 0.020 Loaded shared library C:\Program Files\Java\jdk-20\bin\jsvml.dll
Event: 0.069 Loaded shared library C:\Program Files\Java\jdk-20\bin\zip.dll
Event: 0.071 Loaded shared library C:\Program Files\Java\jdk-20\bin\instrument.dll
Event: 0.075 Loaded shared library C:\Program Files\Java\jdk-20\bin\net.dll
Event: 0.077 Loaded shared library C:\Program Files\Java\jdk-20\bin\nio.dll
Event: 0.081 Loaded shared library C:\Program Files\Java\jdk-20\bin\zip.dll
Event: 0.105 Loaded shared library C:\Program Files\JetBrains\IntelliJ IDEA 2023.3.6\bin\breakgen64.dll
Event: 0.107 Loaded shared library C:\Program Files\Java\jdk-20\bin\jimage.dll
Event: 0.111 Loaded shared library C:\Program Files\Java\jdk-20\bin\extnet.dll
Event: 0.294 Loaded shared library C:\Program Files\Java\jdk-20\bin\sunmscapi.dll

Deoptimization events (20 events):
Event: 0.249 Thread 0x0000027810c4b6e0 DEOPT PACKING pc=0x0000027818d74b53 sp=0x000000d3dc0fdf40
Event: 0.249 Thread 0x0000027810c4b6e0 DEOPT UNPACKING pc=0x000002782028a4c2 sp=0x000000d3dc0fd428 mode 0
Event: 0.249 Thread 0x0000027810c4b6e0 Uncommon trap: trap_request=0xffffff45 fr.pc=0x00000278207fbd6c relative=0x000000000000102c
Event: 0.249 Thread 0x0000027810c4b6e0 Uncommon trap: reason=unstable_if action=reinterpret pc=0x00000278207fbd6c method=java.util.Properties$LineReader.readLine()I @ 249 c2
Event: 0.249 Thread 0x0000027810c4b6e0 DEOPT PACKING pc=0x00000278207fbd6c sp=0x000000d3dc0fdfa0
Event: 0.249 Thread 0x0000027810c4b6e0 DEOPT UNPACKING pc=0x0000027820289d22 sp=0x000000d3dc0fdf38 mode 2
Event: 0.267 Thread 0x0000027810c4b6e0 Uncommon trap: trap_request=0xffffff45 fr.pc=0x00000278207ed8ec relative=0x00000000000009ec
Event: 0.267 Thread 0x0000027810c4b6e0 Uncommon trap: reason=unstable_if action=reinterpret pc=0x00000278207ed8ec method=java.util.HashMap.putVal(ILjava/lang/Object;Ljava/lang/Object;ZZ)Ljava/lang/Object; @ 181 c2
Event: 0.267 Thread 0x0000027810c4b6e0 DEOPT PACKING pc=0x00000278207ed8ec sp=0x000000d3dc0fdee0
Event: 0.267 Thread 0x0000027810c4b6e0 DEOPT UNPACKING pc=0x0000027820289d22 sp=0x000000d3dc0fde90 mode 2
Event: 0.275 Thread 0x0000027810c4b6e0 Uncommon trap: trap_request=0xffffff45 fr.pc=0x00000278207f7ee8 relative=0x0000000000000268
Event: 0.275 Thread 0x0000027810c4b6e0 Uncommon trap: reason=unstable_if action=reinterpret pc=0x00000278207f7ee8 method=java.lang.String.startsWith(Ljava/lang/String;I)Z @ 1 c2
Event: 0.275 Thread 0x0000027810c4b6e0 DEOPT PACKING pc=0x00000278207f7ee8 sp=0x000000d3dc0fd940
Event: 0.275 Thread 0x0000027810c4b6e0 DEOPT UNPACKING pc=0x0000027820289d22 sp=0x000000d3dc0fd8a8 mode 2
Event: 0.327 Thread 0x0000027810c4b6e0 DEOPT PACKING pc=0x0000027818d275c7 sp=0x000000d3dc0fa720
Event: 0.327 Thread 0x0000027810c4b6e0 DEOPT UNPACKING pc=0x000002782028a4c2 sp=0x000000d3dc0f9bb8 mode 0
Event: 0.391 Thread 0x0000027810c4b6e0 Uncommon trap: trap_request=0xffffff45 fr.pc=0x0000027820813e9c relative=0x000000000000027c
Event: 0.391 Thread 0x0000027810c4b6e0 Uncommon trap: reason=unstable_if action=reinterpret pc=0x0000027820813e9c method=java.util.HashMap.putVal(ILjava/lang/Object;Ljava/lang/Object;ZZ)Ljava/lang/Object; @ 162 c2
Event: 0.391 Thread 0x0000027810c4b6e0 DEOPT PACKING pc=0x0000027820813e9c sp=0x000000d3dc0fc320
Event: 0.391 Thread 0x0000027810c4b6e0 DEOPT UNPACKING pc=0x0000027820289d22 sp=0x000000d3dc0fc268 mode 2

Classes loaded (20 events):
Event: 0.472 Loading class java/security/spec/X509EncodedKeySpec
Event: 0.472 Loading class java/security/spec/EncodedKeySpec
Event: 0.472 Loading class java/security/spec/EncodedKeySpec done
Event: 0.472 Loading class java/security/spec/X509EncodedKeySpec done
Event: 0.472 Loading class sun/security/util/Length
Event: 0.472 Loading class sun/security/util/Length done
Event: 0.472 Loading class javax/crypto/SecretKey
Event: 0.472 Loading class javax/crypto/SecretKey done
Event: 0.472 Loading class java/security/interfaces/RSAKey
Event: 0.472 Loading class java/security/interfaces/RSAKey done
Event: 0.473 Loading class sun/security/ssl/KAKeyDerivation
Event: 0.473 Loading class sun/security/ssl/KAKeyDerivation done
Event: 0.473 Loading class javax/crypto/KeyAgreementSpi
Event: 0.473 Loading class javax/crypto/KeyAgreementSpi done
Event: 0.473 Loading class javax/crypto/ShortBufferException
Event: 0.473 Loading class javax/crypto/ShortBufferException done
Event: 0.474 Loading class javax/crypto/spec/SecretKeySpec
Event: 0.474 Loading class javax/crypto/spec/SecretKeySpec done
Event: 0.474 Loading class jdk/internal/access/JavaxCryptoSpecAccess
Event: 0.474 Loading class jdk/internal/access/JavaxCryptoSpecAccess done

Classes unloaded (0 events):
No events

Classes redefined (0 events):
No events

Internal exceptions (11 events):
Event: 0.099 Thread 0x0000027810c4b6e0 Exception <a 'java/lang/NoSuchMethodError'{0x000000074e295f98}: 'void java.lang.invoke.DirectMethodHandle$Holder.invokeStatic(java.lang.Object, java.lang.Object, java.lang.Object)'> (0x000000074e295f98) 
thrown [s\open\src\hotspot\share\interpreter\linkResolver.cpp, line 773]
Event: 0.102 Thread 0x0000027810c4b6e0 Exception <a 'java/lang/NoSuchMethodError'{0x000000074e2ad4a0}: 'java.lang.Object java.lang.invoke.Invokers$Holder.invokeExact_MT(java.lang.Object, java.lang.Object, java.lang.Object, java.lang.Object, java.lang.Object)'> (0x000000074e2ad4a0) 
thrown [s\open\src\hotspot\share\interpreter\linkResolver.cpp, line 773]
Event: 0.112 Thread 0x000002787404b600 Exception <a 'java/lang/NoSuchMethodError'{0x000000074e2c6ef8}: 'void java.lang.invoke.DirectMethodHandle$Holder.invokeStatic(java.lang.Object, java.lang.Object)'> (0x000000074e2c6ef8) 
thrown [s\open\src\hotspot\share\interpreter\linkResolver.cpp, line 773]
Event: 0.150 Thread 0x0000027810c4b6e0 Exception <a 'java/lang/NoSuchMethodError'{0x000000074e0979f8}: 'java.lang.Object java.lang.invoke.DirectMethodHandle$Holder.invokeInterface(java.lang.Object, java.lang.Object)'> (0x000000074e0979f8) 
thrown [s\open\src\hotspot\share\interpreter\linkResolver.cpp, line 773]
Event: 0.164 Thread 0x0000027810c4b6e0 Exception <a 'java/lang/NoSuchMethodError'{0x000000074e10fa10}: 'void java.lang.invoke.DirectMethodHandle$Holder.invokeSpecial(java.lang.Object, java.lang.Object, java.lang.Object)'> (0x000000074e10fa10) 
thrown [s\open\src\hotspot\share\interpreter\linkResolver.cpp, line 773]
Event: 0.166 Thread 0x0000027810c4b6e0 Exception <a 'java/lang/NoSuchMethodError'{0x000000074e11c680}: 'java.lang.Object java.lang.invoke.DirectMethodHandle$Holder.invokeVirtual(java.lang.Object, java.lang.Object, java.lang.Object)'> (0x000000074e11c680) 
thrown [s\open\src\hotspot\share\interpreter\linkResolver.cpp, line 773]
Event: 0.250 Thread 0x0000027810c4b6e0 Exception <a 'java/lang/NoSuchMethodError'{0x000000074dd47e90}: 'void java.lang.invoke.DirectMethodHandle$Holder.invokeStaticInit(java.lang.Object, java.lang.Object)'> (0x000000074dd47e90) 
thrown [s\open\src\hotspot\share\interpreter\linkResolver.cpp, line 773]
Event: 0.323 Thread 0x0000027810c4b6e0 Exception <a 'sun/nio/fs/WindowsException'{0x000000074db48be0}> (0x000000074db48be0) 
thrown [s\open\src\hotspot\share\prims\jni.cpp, line 519]
Event: 0.348 Thread 0x0000027810c4b6e0 Exception <a 'java/lang/NoSuchMethodError'{0x000000074dbfd7f8}: 'java.lang.Object java.lang.invoke.DirectMethodHandle$Holder.invokeStaticInit(java.lang.Object, int, int, int, int)'> (0x000000074dbfd7f8) 
thrown [s\open\src\hotspot\share\interpreter\linkResolver.cpp, line 773]
Event: 0.378 Thread 0x0000027810c4b6e0 Exception <a 'java/lang/NoSuchMethodError'{0x000000074d8331d8}: 'java.lang.Object java.lang.invoke.DirectMethodHandle$Holder.invokeStaticInit(java.lang.Object, java.lang.Object, int, int, int, int)'> (0x000000074d8331d8) 
thrown [s\open\src\hotspot\share\interpreter\linkResolver.cpp, line 773]
Event: 0.474 Thread 0x0000027810c4b6e0 Exception <a 'java/lang/NoSuchMethodError'{0x000000074d9a0c88}: 'void java.lang.invoke.DirectMethodHandle$Holder.invokeVirtual(java.lang.Object, java.lang.Object)'> (0x000000074d9a0c88) 
thrown [s\open\src\hotspot\share\interpreter\linkResolver.cpp, line 773]

VM Operations (16 events):
Event: 0.058 Executing VM operation: HandshakeAllThreads
Event: 0.058 Executing VM operation: HandshakeAllThreads done
Event: 0.107 Executing VM operation: HandshakeAllThreads
Event: 0.107 Executing VM operation: HandshakeAllThreads done
Event: 0.128 Executing VM operation: HandshakeAllThreads
Event: 0.128 Executing VM operation: HandshakeAllThreads done
Event: 0.134 Executing VM operation: HandshakeAllThreads
Event: 0.134 Executing VM operation: HandshakeAllThreads done
Event: 0.161 Executing VM operation: HandshakeAllThreads
Event: 0.161 Executing VM operation: HandshakeAllThreads done
Event: 0.298 Executing VM operation: HandshakeAllThreads
Event: 0.298 Executing VM operation: HandshakeAllThreads done
Event: 0.329 Executing VM operation: HandshakeAllThreads
Event: 0.329 Executing VM operation: HandshakeAllThreads done
Event: 0.406 Executing VM operation: ICBufferFull
Event: 0.406 Executing VM operation: ICBufferFull done

Events (15 events):
Event: 0.020 Thread 0x0000027810c4b6e0 Thread added: 0x0000027810c4b6e0
Event: 0.030 Thread 0x000002782eb81460 Thread added: 0x000002782eb81460
Event: 0.030 Thread 0x000002782eb82870 Thread added: 0x000002782eb82870
Event: 0.030 Thread 0x000002782eb84610 Thread added: 0x000002782eb84610
Event: 0.030 Thread 0x000002782eb882f0 Thread added: 0x000002782eb882f0
Event: 0.030 Thread 0x000002782eb88c30 Thread added: 0x000002782eb88c30
Event: 0.030 Thread 0x000002782eb89d50 Thread added: 0x000002782eb89d50
Event: 0.031 Thread 0x000002782ebbe140 Thread added: 0x000002782ebbe140
Event: 0.031 Thread 0x000002782ebc22b0 Thread added: 0x000002782ebc22b0
Event: 0.052 Thread 0x0000027873e0fed0 Thread added: 0x0000027873e0fed0
Event: 0.091 Thread 0x0000027873fccf10 Thread added: 0x0000027873fccf10
Event: 0.105 Thread 0x000002787404b600 Thread added: 0x000002787404b600
Event: 0.105 Thread 0x000002787404bb50 Thread added: 0x000002787404bb50
Event: 0.130 Thread 0x00000278740f3ba0 Thread added: 0x00000278740f3ba0
Event: 0.430 Thread 0x0000027874273a40 Thread added: 0x0000027874273a40


Dynamic libraries:
0x00007ff61ed60000 - 0x00007ff61ed70000 	C:\Program Files\Java\jdk-20\bin\java.exe
0x00007ff8c7e30000 - 0x00007ff8c8047000 	C:\WINDOWS\SYSTEM32\ntdll.dll
0x00007ff8c6b80000 - 0x00007ff8c6c44000 	C:\WINDOWS\System32\KERNEL32.DLL
0x00007ff8c5570000 - 0x00007ff8c5916000 	C:\WINDOWS\System32\KERNELBASE.dll
0x00007ff8c5170000 - 0x00007ff8c5281000 	C:\WINDOWS\System32\ucrtbase.dll
0x00007ff8beb50000 - 0x00007ff8beb69000 	C:\Program Files\Java\jdk-20\bin\jli.dll
0x00007ff8beb70000 - 0x00007ff8beb8b000 	C:\Program Files\Java\jdk-20\bin\VCRUNTIME140.dll
0x00007ff8c6ed0000 - 0x00007ff8c6f83000 	C:\WINDOWS\System32\ADVAPI32.dll
0x00007ff8c78e0000 - 0x00007ff8c7987000 	C:\WINDOWS\System32\msvcrt.dll
0x00007ff8c7990000 - 0x00007ff8c7a38000 	C:\WINDOWS\System32\sechost.dll
0x00007ff8c5420000 - 0x00007ff8c5448000 	C:\WINDOWS\System32\bcrypt.dll
0x00007ff8c6d30000 - 0x00007ff8c6e47000 	C:\WINDOWS\System32\RPCRT4.dll
0x00007ff8c7730000 - 0x00007ff8c78de000 	C:\WINDOWS\System32\USER32.dll
0x00007ff8c5920000 - 0x00007ff8c5946000 	C:\WINDOWS\System32\win32u.dll
0x00007ff8c6ea0000 - 0x00007ff8c6ec9000 	C:\WINDOWS\System32\GDI32.dll
0x00007ff8c3cf0000 - 0x00007ff8c3f83000 	C:\WINDOWS\WinSxS\amd64_microsoft.windows.common-controls_6595b64144ccf1df_6.0.22621.2506_none_270c5ae97388e100\COMCTL32.dll
0x00007ff8c5450000 - 0x00007ff8c5568000 	C:\WINDOWS\System32\gdi32full.dll
0x00007ff8c5300000 - 0x00007ff8c539a000 	C:\WINDOWS\System32\msvcp_win.dll
0x00007ff8c4bf0000 - 0x00007ff8c4bfa000 	C:\WINDOWS\SYSTEM32\VERSION.dll
0x00007ff8c5b80000 - 0x00007ff8c5bb1000 	C:\WINDOWS\System32\IMM32.DLL
0x000000005b430000 - 0x000000005b43c000 	C:\Program Files (x86)\360\Total Security\safemon\SafeWrapper.dll
0x00007ff8b6970000 - 0x00007ff8b6a02000 	C:\Program Files (x86)\360\Total Security\safemon\libzdtp64.dll
0x00007ff8c5f80000 - 0x00007ff8c67db000 	C:\WINDOWS\System32\SHELL32.dll
0x00007ff8c6c50000 - 0x00007ff8c6cae000 	C:\WINDOWS\System32\SHLWAPI.dll
0x00007ff8bfe10000 - 0x00007ff8bfe1c000 	C:\Program Files\Java\jdk-20\bin\vcruntime140_1.dll
0x00007ff8bd4c0000 - 0x00007ff8bd54e000 	C:\Program Files\Java\jdk-20\bin\msvcp140.dll
0x00007ff885e20000 - 0x00007ff886ab8000 	C:\Program Files\Java\jdk-20\bin\server\jvm.dll
0x00007ff8c1d40000 - 0x00007ff8c1d49000 	C:\WINDOWS\SYSTEM32\WSOCK32.dll
0x00007ff8c3270000 - 0x00007ff8c32a4000 	C:\WINDOWS\SYSTEM32\WINMM.dll
0x00007ff8c6cb0000 - 0x00007ff8c6d21000 	C:\WINDOWS\System32\WS2_32.dll
0x00007ff8c4140000 - 0x00007ff8c4158000 	C:\WINDOWS\SYSTEM32\kernel.appcore.dll
0x00007ff8bf990000 - 0x00007ff8bf99a000 	C:\Program Files\Java\jdk-20\bin\jimage.dll
0x00007ff8c27b0000 - 0x00007ff8c29e3000 	C:\WINDOWS\SYSTEM32\DBGHELP.DLL
0x00007ff8c67f0000 - 0x00007ff8c6b79000 	C:\WINDOWS\System32\combase.dll
0x00007ff8c7a40000 - 0x00007ff8c7b17000 	C:\WINDOWS\System32\OLEAUT32.dll
0x00007ff8b0e40000 - 0x00007ff8b0e72000 	C:\WINDOWS\SYSTEM32\dbgcore.DLL
0x00007ff8c53a0000 - 0x00007ff8c541a000 	C:\WINDOWS\System32\bcryptPrimitives.dll
0x00007ff8beb30000 - 0x00007ff8beb3e000 	C:\Program Files\Java\jdk-20\bin\instrument.dll
0x00007ff8be370000 - 0x00007ff8be396000 	C:\Program Files\Java\jdk-20\bin\java.dll
0x00007ff8a4540000 - 0x00007ff8a4617000 	C:\Program Files\Java\jdk-20\bin\jsvml.dll
0x00007ff8c33f0000 - 0x00007ff8c3ce6000 	C:\WINDOWS\SYSTEM32\windows.storage.dll
0x00007ff8c32b0000 - 0x00007ff8c33ee000 	C:\WINDOWS\SYSTEM32\wintypes.dll
0x00007ff8c6f90000 - 0x00007ff8c7083000 	C:\WINDOWS\System32\SHCORE.dll
0x00007ff8c50a0000 - 0x00007ff8c50c6000 	C:\WINDOWS\SYSTEM32\profapi.dll
0x00007ff8b68f0000 - 0x00007ff8b6908000 	C:\Program Files\Java\jdk-20\bin\zip.dll
0x00007ff8be4f0000 - 0x00007ff8be503000 	C:\Program Files\Java\jdk-20\bin\net.dll
0x00007ff8bd900000 - 0x00007ff8bda37000 	C:\WINDOWS\SYSTEM32\WINHTTP.dll
0x00007ff8c45c0000 - 0x00007ff8c4629000 	C:\WINDOWS\system32\mswsock.dll
0x00007ff8b6910000 - 0x00007ff8b6926000 	C:\Program Files\Java\jdk-20\bin\nio.dll
0x00007ff8b3130000 - 0x00007ff8b314a000 	C:\Program Files\JetBrains\IntelliJ IDEA 2023.3.6\bin\breakgen64.dll
0x00007ff8bd4b0000 - 0x00007ff8bd4b7000 	C:\Program Files\Java\jdk-20\bin\extnet.dll
0x00007ff8c2f10000 - 0x00007ff8c3009000 	C:\WINDOWS\SYSTEM32\DNSAPI.dll
0x00007ff8c2ea0000 - 0x00007ff8c2ecd000 	C:\WINDOWS\SYSTEM32\IPHLPAPI.DLL
0x00007ff8c5bc0000 - 0x00007ff8c5bc9000 	C:\WINDOWS\System32\NSI.dll
0x00007ff8b5180000 - 0x00007ff8b518a000 	C:\Windows\System32\rasadhlp.dll
0x00007ff8bc930000 - 0x00007ff8bc9b3000 	C:\WINDOWS\System32\fwpuclnt.dll
0x00007ff8b68e0000 - 0x00007ff8b68ee000 	C:\Program Files\Java\jdk-20\bin\sunmscapi.dll
0x00007ff8c5950000 - 0x00007ff8c5ab6000 	C:\WINDOWS\System32\CRYPT32.dll
0x00007ff8c49d0000 - 0x00007ff8c49fe000 	C:\WINDOWS\SYSTEM32\ncrypt.dll
0x000000005c8d0000 - 0x000000005c8f5000 	C:\Program Files\Common Files\Crypto Pro\AppCompat\cpcrypt.dll
0x00007ff8c7de0000 - 0x00007ff8c7de8000 	C:\WINDOWS\System32\PSAPI.DLL
0x00007ff8c4990000 - 0x00007ff8c49c7000 	C:\WINDOWS\SYSTEM32\NTASN1.dll
0x00007ff8c4810000 - 0x00007ff8c482b000 	C:\WINDOWS\SYSTEM32\CRYPTSP.dll
0x000000005c8b0000 - 0x000000005c8c9000 	C:\Program Files\Common Files\Crypto Pro\AppCompat\cpadvai.dll
0x00007ff8c40a0000 - 0x00007ff8c40d5000 	C:\WINDOWS\system32\rsaenh.dll
0x00007ff8c46b0000 - 0x00007ff8c46dc000 	C:\WINDOWS\SYSTEM32\USERENV.dll
0x00007ff8c4830000 - 0x00007ff8c483c000 	C:\WINDOWS\SYSTEM32\CRYPTBASE.dll
0x00007ff8be8f0000 - 0x00007ff8be909000 	C:\WINDOWS\SYSTEM32\dhcpcsvc6.DLL
0x00007ff8bd710000 - 0x00007ff8bd72f000 	C:\WINDOWS\SYSTEM32\dhcpcsvc.DLL

dbghelp: loaded successfully - version: 4.0.5 - missing functions: none
symbol engine: initialized successfully - sym options: 0x614 - pdb path: .;C:\Program Files\Java\jdk-20\bin;C:\WINDOWS\SYSTEM32;C:\WINDOWS\WinSxS\amd64_microsoft.windows.common-controls_6595b64144ccf1df_6.0.22621.2506_none_270c5ae97388e100;C:\Program Files (x86)\360\Total Security\safemon;C:\Program Files\Java\jdk-20\bin\server;C:\Program Files\JetBrains\IntelliJ IDEA 2023.3.6\bin;C:\Program Files\Common Files\Crypto Pro\AppCompat

VM Arguments:
jvm_args: -javaagent:C:\Program Files\JetBrains\IntelliJ IDEA 2023.3.6\lib\idea_rt.jar=56057:C:\Program Files\JetBrains\IntelliJ IDEA 2023.3.6\bin -Dfile.encoding=UTF-8 -Dsun.stdout.encoding=UTF-8 -Dsun.stderr.encoding=UTF-8 
java_command: jm.task.core.jdbc.Main
java_class_path (initial): C:\Users\rainb\IdeaProjects\PP_1_1_3-4_JDBC_Hibernate\target\classes;C:\Users\rainb\.m2\repository\mysql\mysql-connector-java\8.0.25\mysql-connector-java-8.0.25.jar;C:\Users\rainb\.m2\repository\com\google\protobuf\protobuf-java\3.11.4\protobuf-java-3.11.4.jar;C:\Users\rainb\.m2\repository\org\hibernate\javax\persistence\hibernate-jpa-2.1-api\1.0.2.Final\hibernate-jpa-2.1-api-1.0.2.Final.jar;C:\Users\rainb\.m2\repository\org\hibernate\hibernate-core\5.6.3.Final\hibernate-core-5.6.3.Final.jar;C:\Users\rainb\.m2\repository\org\jboss\logging\jboss-logging\3.4.2.Final\jboss-logging-3.4.2.Final.jar;C:\Users\rainb\.m2\repository\javax\persistence\javax.persistence-api\2.2\javax.persistence-api-2.2.jar;C:\Users\rainb\.m2\repository\net\bytebuddy\byte-buddy\1.11.20\byte-buddy-1.11.20.jar;C:\Users\rainb\.m2\repository\antlr\antlr\2.7.7\antlr-2.7.7.jar;C:\Users\rainb\.m2\repository\org\jboss\spec\javax\transaction\jboss-transaction-api_1.2_spec\1.1.1.Final\jboss-transaction-api_1.2_spec-1.1.1.Final.jar;C:\Users\rainb\.m2\repository\org\jboss\jandex\2.2.3.Final\jandex-2.2.3.Final.jar;C:\Users\rainb\.m2\repository\com\fasterxml\classmate\1.5.1\classmate-1.5.1.jar;C:\Users\rainb\.m2\repository\javax\activation\javax.activation-api\1.2.0\javax.activation-api-1.2.0.jar;C:\Users\rainb\.m2\repository\org\hibernate\common\hibernate-commons-annotations\5.1.2.Final\hibernate-commons-annotations-5.1.2.Final.jar;C:\Users\rainb\.m2\repository\javax\xml\bind\jaxb-api\2.3.1\jaxb-api-2.3.1.jar;C:\Users\rainb\.m2\repository\org\glassfish\jaxb\jaxb-runtime\2.3.1\jaxb-runtime-2.3.1.jar;C:\Users\rainb\.m2\repository\org\glassfish\jaxb\txw2\2.3.1\txw2-2.3.1.jar;C:\Users\rainb\.m2\repository\com\sun\istack\istack-commons-runtime\3.0.7\istack-commons-runtime-3.0.7.jar;C:\Users\rainb\.m2\repository\org\jvnet\staxex\stax-ex\1.8\stax-ex-1.8.jar;C:\Users\rainb\.m2\repository\com\sun\xml\fastinfoset\FastInfoset\1.2.15\FastInfoset-1.2.15.jar
Launcher Type: SUN_STANDARD

[Global flags]
     intx CICompilerCount                          = 4                                         {product} {ergonomic}
     uint ConcGCThreads                            = 2                                         {product} {ergonomic}
     uint G1ConcRefinementThreads                  = 8                                         {product} {ergonomic}
   size_t G1HeapRegionSize                         = 2097152                                   {product} {ergonomic}
    uintx GCDrainStackTargetSize                   = 64                                        {product} {ergonomic}
   size_t InitialHeapSize                          = 199229440                                 {product} {ergonomic}
   size_t MarkStackSize                            = 4194304                                   {product} {ergonomic}
   size_t MaxHeapSize                              = 3177185280                                {product} {ergonomic}
   size_t MaxNewSize                               = 1906311168                                {product} {ergonomic}
   size_t MinHeapDeltaBytes                        = 2097152                                   {product} {ergonomic}
   size_t MinHeapSize                              = 8388608                                   {product} {ergonomic}
    uintx NonNMethodCodeHeapSize                   = 5839372                                {pd product} {ergonomic}
    uintx NonProfiledCodeHeapSize                  = 122909434                              {pd product} {ergonomic}
    uintx ProfiledCodeHeapSize                     = 122909434                              {pd product} {ergonomic}
    uintx ReservedCodeCacheSize                    = 251658240                              {pd product} {ergonomic}
     bool SegmentedCodeCache                       = true                                      {product} {ergonomic}
   size_t SoftMaxHeapSize                          = 3177185280                             {manageable} {ergonomic}
     bool UseCompressedClassPointers               = true                           {product lp64_product} {ergonomic}
     bool UseCompressedOops                        = true                           {product lp64_product} {ergonomic}
     bool UseG1GC                                  = true                                      {product} {ergonomic}
     bool UseLargePagesIndividualAllocation        = false                                  {pd product} {ergonomic}

Logging:
Log output configuration:
 #0: stdout all=warning uptime,level,tags foldmultilines=false
 #1: stderr all=off uptime,level,tags foldmultilines=false

Environment Variables:
JAVA_HOME=C:\Program Files\Java\jdk-20
PATH=C:\Program Files\Common Files\Oracle\Java\javapath;C:\Windows\system32;C:\Windows;C:\Windows\System32\Wbem;C:\Windows\System32\WindowsPowerShell\v1.0\;C:\Windows\System32\OpenSSH\;C:\Program Files (x86)\NVIDIA Corporation\PhysX\Common;C:\Program Files\NVIDIA Corporation\NVIDIA NvDLISR;C:\WINDOWS\system32;C:\WINDOWS;C:\WINDOWS\System32\Wbem;C:\WINDOWS\System32\WindowsPowerShell\v1.0\;C:\WINDOWS\System32\OpenSSH\;C:\Program Files\Go\bin;C:\Program Files\Java\jdk-20\bin;C:\Program Files\Java\jdk-20\bin;C:\Program Files\apache-maven-3.9.6\bin;C:\Program Files\Git\cmd;C:\Program Files\MySQL\MySQL Shell 8.3\bin\;C:\Users\rainb\AppData\Local\Microsoft\WindowsApps;C:\Users\rainb\go\bin;C:\Program Files\JetBrains\IntelliJ IDEA 2023.3.6\bin;;C:\Program Files\JetBrains\IntelliJ IDEA Community Edition 2023.2\bin;;C:\Users\rainb\AppData\Local\GitHubDesktop\bin
USERNAME=rainb
OS=Windows_NT
PROCESSOR_IDENTIFIER=Intel64 Family 6 Model 165 Stepping 2, GenuineIntel
TMP=C:\Users\rainb\AppData\Local\Temp
TEMP=C:\Users\rainb\AppData\Local\Temp




---------------  S Y S T E M  ---------------

OS:
 Windows 11 , 64 bit Build 22621 (10.0.22621.3085)
OS uptime: 0 days 3:50 hours

CPU: total 8 (initial active 8) (4 cores per cpu, 2 threads per core) family 6 model 165 stepping 2 microcode 0xe0, cx8, cmov, fxsr, ht, mmx, 3dnowpref, sse, sse2, sse3, ssse3, sse4.1, sse4.2, popcnt, lzcnt, tsc, tscinvbit, avx, avx2, aes, erms, clmul, bmi1, bmi2, adx, fma, vzeroupper, clflush, clflushopt, rdtscp, f16c, pku

Memory: 4k page, system-wide physical 12119M (2460M free)
TotalPageFile size 14167M (AvailPageFile size 4M)
current process WorkingSet (physical memory assigned to process): 77M, peak: 77M
current process commit charge ("private bytes"): 294M, peak: 294M

vm_info: Java HotSpot(TM) 64-Bit Server VM (20.0.2+9-78) for windows-amd64 JRE (20.0.2+9-78), built on 2023-06-14T10:08:48Z by "mach5one" with MS VC++ 17.1 (VS2022)

END.
