#
# There is insufficient memory for the Java Runtime Environment to continue.
# Native memory allocation (malloc) failed to allocate 771936 bytes for Chunk::new
# Possible reasons:
#   The system is out of physical RAM or swap space
#   The process is running with CompressedOops enabled, and the Java Heap may be blocking the growth of the native heap
# Possible solutions:
#   Reduce memory load on the system
#   Increase physical memory or swap space
#   Check if swap backing store is full
#   Decrease Java heap size (-Xmx/-Xms)
#   Decrease number of Java threads
#   Decrease Java thread stack sizes (-Xss)
#   Set larger code cache with -XX:ReservedCodeCacheSize=
#   JVM is running with Unscaled Compressed Oops mode in which the Java heap is
#     placed in the first 4GB address space. The Java Heap base address is the
#     maximum limit for the native heap growth. Please use -XX:HeapBaseMinAddress
#     to set the Java Heap base and to place the Java Heap above 4GB virtual address.
# This output file may be truncated or incomplete.
#
#  Out of Memory Error (arena.cpp:191), pid=28500, tid=29444
#
# JRE version: OpenJDK Runtime Environment JBR-17.0.10+8-1207.12-jcef (17.0.10+8) (build 17.0.10+8-b1207.12)
# Java VM: OpenJDK 64-Bit Server VM JBR-17.0.10+8-1207.12-jcef (17.0.10+8-b1207.12, mixed mode, tiered, compressed oops, compressed class ptrs, g1 gc, windows-amd64)
# No core dump will be written. Minidumps are not enabled by default on client versions of Windows
#

---------------  S U M M A R Y ------------

Command Line: -Djava.rmi.server.hostname=127.0.0.1 -Duser.timezone=UTC -Xmx2048m -Xms128m -Djdbc.classpath=C:\Program Files\JetBrains\IntelliJ IDEA 2023.3.6\plugins\DatabaseTools\lib\jdbc-console.jar;C:\Users\rainb\AppData\Roaming\JetBrains\IntelliJIdea2024.1\jdbc-drivers\MySQL ConnectorJ\8.2.0\com\mysql\mysql-connector-j\8.2.0\mysql-connector-j-8.2.0.jar;C:\Users\rainb\AppData\Roaming\JetBrains\IntelliJIdea2024.1\jdbc-drivers\MySQL ConnectorJ\8.2.0\com\google\protobuf\protobuf-java\3.21.9\protobuf-java-3.21.9.jar --add-exports=java.desktop/sun.awt=ALL-UNNAMED --add-exports=java.desktop/java.awt.peer=ALL-UNNAMED --add-opens=java.desktop/java.awt=ALL-UNNAMED --add-opens=jdk.unsupported/sun.misc=ALL-UNNAMED --add-opens=java.base/java.nio=ALL-UNNAMED --add-opens=java.base/java.util=ALL-UNNAMED -Dfile.encoding=UTF-8 com.intellij.database.remote.RemoteJdbcServer com.mysql.cj.jdbc.Driver

Host: Intel(R) Core(TM) i5-10300H CPU @ 2.50GHz, 8 cores, 11G,  Windows 11 , 64 bit Build 22621 (10.0.22621.3085)
Time: Sun Apr 14 01:51:37 2024 RTZ 2 (s 11 , 64 bit Build 22621 (10.0.22621.3085) elapsed time: 675.815175 seconds (0d 0h 11m 15s)

---------------  T H R E A D  ---------------

Current thread (0x000002101e48fc90):  JavaThread "C2 CompilerThread0" daemon [_thread_in_native, id=29444, stack(0x000000769a300000,0x000000769a400000)]


Current CompileTask:
C2: 675815 2871   !   4       java.io.ObjectOutputStream::writeObject0 (620 bytes)

Stack: [0x000000769a300000,0x000000769a400000]
Native frames: (J=compiled Java code, j=interpreted, Vv=VM code, C=native code)
V  [jvm.dll+0x687989]
V  [jvm.dll+0x84116a]
V  [jvm.dll+0x842dae]
V  [jvm.dll+0x843413]
V  [jvm.dll+0x249ccf]
V  [jvm.dll+0xac524]
V  [jvm.dll+0xacb6c]
V  [jvm.dll+0x2b12cf]
V  [jvm.dll+0x58ed87]
V  [jvm.dll+0x224232]
V  [jvm.dll+0x22461f]
V  [jvm.dll+0x21d746]
V  [jvm.dll+0x21ab91]
V  [jvm.dll+0x1a602d]
V  [jvm.dll+0x22ac2e]
V  [jvm.dll+0x228db5]
V  [jvm.dll+0x7f5417]
V  [jvm.dll+0x7ef81a]
V  [jvm.dll+0x686805]
C  [ucrtbase.dll+0x29363]
C  [KERNEL32.DLL+0x1257d]
C  [ntdll.dll+0x5aa58]


---------------  P R O C E S S  ---------------

Threads class SMR info:
_java_thread_list=0x00000210237feb80, length=21, elements={
0x00000210041ffbf0, 0x000002101e2f97a0, 0x000002101e2fa530, 0x000002101e471470,
0x000002101e471f40, 0x000002101e495020, 0x000002101e488c60, 0x000002101e48fc90,
0x000002101e4bba20, 0x000002101e48efd0, 0x000002101e665020, 0x000002101e665500,
0x000002101e767bb0, 0x000002102318a3e0, 0x000002102318ace0, 0x000002102318b1c0,
0x000002101e75e010, 0x0000021023194c30, 0x00000210231e5560, 0x00000210231e7de0,
0x00000210231e82f0
}

Java Threads: ( => current thread )
  0x00000210041ffbf0 JavaThread "main" [_thread_blocked, id=22796, stack(0x0000007699600000,0x0000007699700000)]
  0x000002101e2f97a0 JavaThread "Reference Handler" daemon [_thread_blocked, id=25872, stack(0x0000007699d00000,0x0000007699e00000)]
  0x000002101e2fa530 JavaThread "Finalizer" daemon [_thread_blocked, id=4816, stack(0x0000007699e00000,0x0000007699f00000)]
  0x000002101e471470 JavaThread "Signal Dispatcher" daemon [_thread_blocked, id=29260, stack(0x0000007699f00000,0x000000769a000000)]
  0x000002101e471f40 JavaThread "Attach Listener" daemon [_thread_blocked, id=26584, stack(0x000000769a000000,0x000000769a100000)]
  0x000002101e495020 JavaThread "Service Thread" daemon [_thread_blocked, id=8788, stack(0x000000769a100000,0x000000769a200000)]
  0x000002101e488c60 JavaThread "Monitor Deflation Thread" daemon [_thread_blocked, id=29688, stack(0x000000769a200000,0x000000769a300000)]
=>0x000002101e48fc90 JavaThread "C2 CompilerThread0" daemon [_thread_in_native, id=29444, stack(0x000000769a300000,0x000000769a400000)]
  0x000002101e4bba20 JavaThread "C1 CompilerThread0" daemon [_thread_blocked, id=3416, stack(0x000000769a400000,0x000000769a500000)]
  0x000002101e48efd0 JavaThread "Sweeper thread" daemon [_thread_blocked, id=29392, stack(0x000000769a500000,0x000000769a600000)]
  0x000002101e665020 JavaThread "Common-Cleaner" daemon [_thread_blocked, id=26212, stack(0x000000769a600000,0x000000769a700000)]
  0x000002101e665500 JavaThread "Notification Thread" daemon [_thread_blocked, id=27240, stack(0x000000769a700000,0x000000769a800000)]
  0x000002101e767bb0 JavaThread "mysql-cj-abandoned-connection-cleanup" daemon [_thread_blocked, id=27316, stack(0x000000769aa00000,0x000000769ab00000)]
  0x000002102318a3e0 JavaThread "RMI TCP Accept-21417" daemon [_thread_in_native, id=4056, stack(0x000000769ab00000,0x000000769ac00000)]
  0x000002102318ace0 JavaThread "RMI TCP Accept-0" daemon [_thread_in_native, id=17412, stack(0x000000769ac00000,0x000000769ad00000)]
  0x000002102318b1c0 JavaThread "RMI Reaper" [_thread_blocked, id=28824, stack(0x000000769ad00000,0x000000769ae00000)]
  0x000002101e75e010 JavaThread "RMI GC Daemon" daemon [_thread_blocked, id=29240, stack(0x000000769ae00000,0x000000769af00000)]
  0x0000021023194c30 JavaThread "RMI TCP Connection(2)-127.0.0.1" daemon [_thread_in_native, id=11684, stack(0x000000769b000000,0x000000769b100000)]
  0x00000210231e5560 JavaThread "RMI Scheduler(0)" daemon [_thread_blocked, id=29528, stack(0x000000769b100000,0x000000769b200000)]
  0x00000210231e7de0 JavaThread "RMI TCP Connection(3)-127.0.0.1" daemon [_thread_in_native, id=28444, stack(0x000000769b200000,0x000000769b300000)]
  0x00000210231e82f0 JavaThread "RMI RenewClean-[127.0.0.1:52356]" daemon [_thread_blocked, id=29580, stack(0x000000769b400000,0x000000769b500000)]

Other Threads:
  0x000002101e2ea750 VMThread "VM Thread" [stack: 0x0000007699c00000,0x0000007699d00000] [id=8448]
  0x000002101e6659e0 WatcherThread [stack: 0x000000769a800000,0x000000769a900000] [id=29268]
  0x000002100425a670 GCTaskThread "GC Thread#0" [stack: 0x0000007699700000,0x0000007699800000] [id=2160]
  0x00000210233c5a50 GCTaskThread "GC Thread#1" [stack: 0x000000769b500000,0x000000769b600000] [id=29376]
  0x00000210233c4f50 GCTaskThread "GC Thread#2" [stack: 0x000000769b600000,0x000000769b700000] [id=25296]
  0x00000210233c5790 GCTaskThread "GC Thread#3" [stack: 0x000000769b700000,0x000000769b800000] [id=7456]
  0x00000210233c5210 GCTaskThread "GC Thread#4" [stack: 0x000000769b800000,0x000000769b900000] [id=12504]
  0x00000210233c4710 GCTaskThread "GC Thread#5" [stack: 0x000000769b900000,0x000000769ba00000] [id=26912]
  0x00000210233c49d0 GCTaskThread "GC Thread#6" [stack: 0x000000769ba00000,0x000000769bb00000] [id=28804]
  0x00000210233c54d0 GCTaskThread "GC Thread#7" [stack: 0x000000769bb00000,0x000000769bc00000] [id=27656]
  0x000002100426b4d0 ConcurrentGCThread "G1 Main Marker" [stack: 0x0000007699800000,0x0000007699900000] [id=28360]
  0x000002100426ca10 ConcurrentGCThread "G1 Conc#0" [stack: 0x0000007699900000,0x0000007699a00000] [id=29508]
  0x00000210233c5d10 ConcurrentGCThread "G1 Conc#1" [stack: 0x000000769bf00000,0x000000769c000000] [id=5456]
  0x000002101e16aa90 ConcurrentGCThread "G1 Refine#0" [stack: 0x0000007699a00000,0x0000007699b00000] [id=25724]
  0x00000210237f2fe0 ConcurrentGCThread "G1 Refine#1" [stack: 0x000000769bc00000,0x000000769bd00000] [id=28200]
  0x00000210237f32d0 ConcurrentGCThread "G1 Refine#2" [stack: 0x000000769bd00000,0x000000769be00000] [id=27352]
  0x000002101e763640 ConcurrentGCThread "G1 Refine#3" [stack: 0x000000769be00000,0x000000769bf00000] [id=25628]
  0x000002101e16b3d0 ConcurrentGCThread "G1 Service" [stack: 0x0000007699b00000,0x0000007699c00000] [id=29272]

Threads with active compile tasks:
C2 CompilerThread0   675836 2871   !   4       java.io.ObjectOutputStream::writeObject0 (620 bytes)

VM state: not at safepoint (normal execution)

VM Mutex/Monitor currently owned by a thread: None

Heap address: 0x0000000080000000, size: 2048 MB, Compressed Oops mode: 32-bit

CDS archive(s) not mapped
Compressed class space mapped at: 0x0000000100000000-0x0000000140000000, reserved size: 1073741824
Narrow klass base: 0x0000000000000000, Narrow klass shift: 3, Narrow klass range: 0x140000000

GC Precious Log:
 CPUs: 8 total, 8 available
 Memory: 12119M
 Large Page Support: Disabled
 NUMA Support: Disabled
 Compressed Oops: Enabled (32-bit)
 Heap Region Size: 1M
 Heap Min Capacity: 128M
 Heap Initial Capacity: 128M
 Heap Max Capacity: 2G
 Pre-touch: Disabled
 Parallel Workers: 8
 Concurrent Workers: 2
 Concurrent Refinement Workers: 8
 Periodic GC: Disabled

Heap:
 garbage-first heap   total 131072K, used 45966K [0x0000000080000000, 0x0000000100000000)
  region size 1024K, 38 young (38912K), 1 survivors (1024K)
 Metaspace       used 25261K, committed 25600K, reserved 1114112K
  class space    used 2655K, committed 2880K, reserved 1048576K

Heap Regions: E=young(eden), S=young(survivor), O=old, HS=humongous(starts), HC=humongous(continues), CS=collection set, F=free, OA=open archive, CA=closed archive, TAMS=top-at-mark-start (previous, next)
|   0|0x0000000080000000, 0x0000000080100000, 0x0000000080100000|100%|HS|  |TAMS 0x0000000080100000, 0x0000000080000000| Complete 
|   1|0x0000000080100000, 0x0000000080200000, 0x0000000080200000|100%|HC|  |TAMS 0x0000000080200000, 0x0000000080100000| Complete 
|   2|0x0000000080200000, 0x0000000080300000, 0x0000000080300000|100%|HC|  |TAMS 0x0000000080300000, 0x0000000080200000| Complete 
|   3|0x0000000080300000, 0x0000000080400000, 0x0000000080400000|100%| O|  |TAMS 0x0000000080400000, 0x0000000080300000| Untracked 
|   4|0x0000000080400000, 0x0000000080500000, 0x0000000080500000|100%| O|  |TAMS 0x0000000080500000, 0x0000000080400000| Untracked 
|   5|0x0000000080500000, 0x0000000080600000, 0x0000000080600000|100%| O|  |TAMS 0x0000000080568000, 0x0000000080500000| Untracked 
|   6|0x0000000080600000, 0x0000000080700000, 0x0000000080700000|100%| O|  |TAMS 0x0000000080600000, 0x0000000080600000| Untracked 
|   7|0x0000000080700000, 0x0000000080800000, 0x0000000080800000|100%| O|  |TAMS 0x0000000080700000, 0x0000000080700000| Untracked 
|   8|0x0000000080800000, 0x000000008088c400, 0x0000000080900000| 54%| O|  |TAMS 0x0000000080800000, 0x0000000080800000| Untracked 
|   9|0x0000000080900000, 0x0000000080900000, 0x0000000080a00000|  0%| F|  |TAMS 0x0000000080900000, 0x0000000080900000| Untracked 
|  10|0x0000000080a00000, 0x0000000080a00000, 0x0000000080b00000|  0%| F|  |TAMS 0x0000000080a00000, 0x0000000080a00000| Untracked 
|  11|0x0000000080b00000, 0x0000000080b00000, 0x0000000080c00000|  0%| F|  |TAMS 0x0000000080b00000, 0x0000000080b00000| Untracked 
|  12|0x0000000080c00000, 0x0000000080c00000, 0x0000000080d00000|  0%| F|  |TAMS 0x0000000080c00000, 0x0000000080c00000| Untracked 
|  13|0x0000000080d00000, 0x0000000080d00000, 0x0000000080e00000|  0%| F|  |TAMS 0x0000000080d00000, 0x0000000080d00000| Untracked 
|  14|0x0000000080e00000, 0x0000000080e00000, 0x0000000080f00000|  0%| F|  |TAMS 0x0000000080e00000, 0x0000000080e00000| Untracked 
|  15|0x0000000080f00000, 0x0000000080f00000, 0x0000000081000000|  0%| F|  |TAMS 0x0000000080f00000, 0x0000000080f00000| Untracked 
|  16|0x0000000081000000, 0x0000000081000000, 0x0000000081100000|  0%| F|  |TAMS 0x0000000081000000, 0x0000000081000000| Untracked 
|  17|0x0000000081100000, 0x0000000081100000, 0x0000000081200000|  0%| F|  |TAMS 0x0000000081100000, 0x0000000081100000| Untracked 
|  18|0x0000000081200000, 0x0000000081200000, 0x0000000081300000|  0%| F|  |TAMS 0x0000000081200000, 0x0000000081200000| Untracked 
|  19|0x0000000081300000, 0x0000000081300000, 0x0000000081400000|  0%| F|  |TAMS 0x0000000081300000, 0x0000000081300000| Untracked 
|  20|0x0000000081400000, 0x0000000081400000, 0x0000000081500000|  0%| F|  |TAMS 0x0000000081400000, 0x0000000081400000| Untracked 
|  21|0x0000000081500000, 0x0000000081500000, 0x0000000081600000|  0%| F|  |TAMS 0x0000000081500000, 0x0000000081500000| Untracked 
|  22|0x0000000081600000, 0x0000000081600000, 0x0000000081700000|  0%| F|  |TAMS 0x0000000081600000, 0x0000000081600000| Untracked 
|  23|0x0000000081700000, 0x0000000081700000, 0x0000000081800000|  0%| F|  |TAMS 0x0000000081700000, 0x0000000081700000| Untracked 
|  24|0x0000000081800000, 0x0000000081800000, 0x0000000081900000|  0%| F|  |TAMS 0x0000000081800000, 0x0000000081800000| Untracked 
|  25|0x0000000081900000, 0x0000000081900000, 0x0000000081a00000|  0%| F|  |TAMS 0x0000000081900000, 0x0000000081900000| Untracked 
|  26|0x0000000081a00000, 0x0000000081a00000, 0x0000000081b00000|  0%| F|  |TAMS 0x0000000081a00000, 0x0000000081a00000| Untracked 
|  27|0x0000000081b00000, 0x0000000081b00000, 0x0000000081c00000|  0%| F|  |TAMS 0x0000000081b00000, 0x0000000081b00000| Untracked 
|  28|0x0000000081c00000, 0x0000000081c00000, 0x0000000081d00000|  0%| F|  |TAMS 0x0000000081c00000, 0x0000000081c00000| Untracked 
|  29|0x0000000081d00000, 0x0000000081d00000, 0x0000000081e00000|  0%| F|  |TAMS 0x0000000081d00000, 0x0000000081d00000| Untracked 
|  30|0x0000000081e00000, 0x0000000081e00000, 0x0000000081f00000|  0%| F|  |TAMS 0x0000000081e00000, 0x0000000081e00000| Untracked 
|  31|0x0000000081f00000, 0x0000000081f00000, 0x0000000082000000|  0%| F|  |TAMS 0x0000000081f00000, 0x0000000081f00000| Untracked 
|  32|0x0000000082000000, 0x0000000082000000, 0x0000000082100000|  0%| F|  |TAMS 0x0000000082000000, 0x0000000082000000| Untracked 
|  33|0x0000000082100000, 0x0000000082100000, 0x0000000082200000|  0%| F|  |TAMS 0x0000000082100000, 0x0000000082100000| Untracked 
|  34|0x0000000082200000, 0x0000000082200000, 0x0000000082300000|  0%| F|  |TAMS 0x0000000082200000, 0x0000000082200000| Untracked 
|  35|0x0000000082300000, 0x0000000082300000, 0x0000000082400000|  0%| F|  |TAMS 0x0000000082300000, 0x0000000082300000| Untracked 
|  36|0x0000000082400000, 0x0000000082400000, 0x0000000082500000|  0%| F|  |TAMS 0x0000000082400000, 0x0000000082400000| Untracked 
|  37|0x0000000082500000, 0x0000000082500000, 0x0000000082600000|  0%| F|  |TAMS 0x0000000082500000, 0x0000000082500000| Untracked 
|  38|0x0000000082600000, 0x0000000082600000, 0x0000000082700000|  0%| F|  |TAMS 0x0000000082600000, 0x0000000082600000| Untracked 
|  39|0x0000000082700000, 0x0000000082700000, 0x0000000082800000|  0%| F|  |TAMS 0x0000000082700000, 0x0000000082700000| Untracked 
|  40|0x0000000082800000, 0x0000000082800000, 0x0000000082900000|  0%| F|  |TAMS 0x0000000082800000, 0x0000000082800000| Untracked 
|  41|0x0000000082900000, 0x0000000082900000, 0x0000000082a00000|  0%| F|  |TAMS 0x0000000082900000, 0x0000000082900000| Untracked 
|  42|0x0000000082a00000, 0x0000000082a00000, 0x0000000082b00000|  0%| F|  |TAMS 0x0000000082a00000, 0x0000000082a00000| Untracked 
|  43|0x0000000082b00000, 0x0000000082b00000, 0x0000000082c00000|  0%| F|  |TAMS 0x0000000082b00000, 0x0000000082b00000| Untracked 
|  44|0x0000000082c00000, 0x0000000082c00000, 0x0000000082d00000|  0%| F|  |TAMS 0x0000000082c00000, 0x0000000082c00000| Untracked 
|  45|0x0000000082d00000, 0x0000000082d00000, 0x0000000082e00000|  0%| F|  |TAMS 0x0000000082d00000, 0x0000000082d00000| Untracked 
|  46|0x0000000082e00000, 0x0000000082e00000, 0x0000000082f00000|  0%| F|  |TAMS 0x0000000082e00000, 0x0000000082e00000| Untracked 
|  47|0x0000000082f00000, 0x0000000082f00000, 0x0000000083000000|  0%| F|  |TAMS 0x0000000082f00000, 0x0000000082f00000| Untracked 
|  48|0x0000000083000000, 0x0000000083000000, 0x0000000083100000|  0%| F|  |TAMS 0x0000000083000000, 0x0000000083000000| Untracked 
|  49|0x0000000083100000, 0x0000000083100000, 0x0000000083200000|  0%| F|  |TAMS 0x0000000083100000, 0x0000000083100000| Untracked 
|  50|0x0000000083200000, 0x0000000083200000, 0x0000000083300000|  0%| F|  |TAMS 0x0000000083200000, 0x0000000083200000| Untracked 
|  51|0x0000000083300000, 0x0000000083300000, 0x0000000083400000|  0%| F|  |TAMS 0x0000000083300000, 0x0000000083300000| Untracked 
|  52|0x0000000083400000, 0x0000000083400000, 0x0000000083500000|  0%| F|  |TAMS 0x0000000083400000, 0x0000000083400000| Untracked 
|  53|0x0000000083500000, 0x0000000083500000, 0x0000000083600000|  0%| F|  |TAMS 0x0000000083500000, 0x0000000083500000| Untracked 
|  54|0x0000000083600000, 0x0000000083600000, 0x0000000083700000|  0%| F|  |TAMS 0x0000000083600000, 0x0000000083600000| Untracked 
|  55|0x0000000083700000, 0x0000000083700000, 0x0000000083800000|  0%| F|  |TAMS 0x0000000083700000, 0x0000000083700000| Untracked 
|  56|0x0000000083800000, 0x0000000083800000, 0x0000000083900000|  0%| F|  |TAMS 0x0000000083800000, 0x0000000083800000| Untracked 
|  57|0x0000000083900000, 0x0000000083900000, 0x0000000083a00000|  0%| F|  |TAMS 0x0000000083900000, 0x0000000083900000| Untracked 
|  58|0x0000000083a00000, 0x0000000083a00000, 0x0000000083b00000|  0%| F|  |TAMS 0x0000000083a00000, 0x0000000083a00000| Untracked 
|  59|0x0000000083b00000, 0x0000000083b00000, 0x0000000083c00000|  0%| F|  |TAMS 0x0000000083b00000, 0x0000000083b00000| Untracked 
|  60|0x0000000083c00000, 0x0000000083c00000, 0x0000000083d00000|  0%| F|  |TAMS 0x0000000083c00000, 0x0000000083c00000| Untracked 
|  61|0x0000000083d00000, 0x0000000083d00000, 0x0000000083e00000|  0%| F|  |TAMS 0x0000000083d00000, 0x0000000083d00000| Untracked 
|  62|0x0000000083e00000, 0x0000000083e00000, 0x0000000083f00000|  0%| F|  |TAMS 0x0000000083e00000, 0x0000000083e00000| Untracked 
|  63|0x0000000083f00000, 0x0000000083f00000, 0x0000000084000000|  0%| F|  |TAMS 0x0000000083f00000, 0x0000000083f00000| Untracked 
|  64|0x0000000084000000, 0x0000000084000000, 0x0000000084100000|  0%| F|  |TAMS 0x0000000084000000, 0x0000000084000000| Untracked 
|  65|0x0000000084100000, 0x0000000084100000, 0x0000000084200000|  0%| F|  |TAMS 0x0000000084100000, 0x0000000084100000| Untracked 
|  66|0x0000000084200000, 0x0000000084200000, 0x0000000084300000|  0%| F|  |TAMS 0x0000000084200000, 0x0000000084200000| Untracked 
|  67|0x0000000084300000, 0x0000000084300000, 0x0000000084400000|  0%| F|  |TAMS 0x0000000084300000, 0x0000000084300000| Untracked 
|  68|0x0000000084400000, 0x0000000084400000, 0x0000000084500000|  0%| F|  |TAMS 0x0000000084400000, 0x0000000084400000| Untracked 
|  69|0x0000000084500000, 0x0000000084500000, 0x0000000084600000|  0%| F|  |TAMS 0x0000000084500000, 0x0000000084500000| Untracked 
|  70|0x0000000084600000, 0x0000000084600000, 0x0000000084700000|  0%| F|  |TAMS 0x0000000084600000, 0x0000000084600000| Untracked 
|  71|0x0000000084700000, 0x0000000084700000, 0x0000000084800000|  0%| F|  |TAMS 0x0000000084700000, 0x0000000084700000| Untracked 
|  72|0x0000000084800000, 0x0000000084800000, 0x0000000084900000|  0%| F|  |TAMS 0x0000000084800000, 0x0000000084800000| Untracked 
|  73|0x0000000084900000, 0x0000000084900000, 0x0000000084a00000|  0%| F|  |TAMS 0x0000000084900000, 0x0000000084900000| Untracked 
|  74|0x0000000084a00000, 0x0000000084a00000, 0x0000000084b00000|  0%| F|  |TAMS 0x0000000084a00000, 0x0000000084a00000| Untracked 
|  75|0x0000000084b00000, 0x0000000084b00000, 0x0000000084c00000|  0%| F|  |TAMS 0x0000000084b00000, 0x0000000084b00000| Untracked 
|  76|0x0000000084c00000, 0x0000000084c00000, 0x0000000084d00000|  0%| F|  |TAMS 0x0000000084c00000, 0x0000000084c00000| Untracked 
|  77|0x0000000084d00000, 0x0000000084d00000, 0x0000000084e00000|  0%| F|  |TAMS 0x0000000084d00000, 0x0000000084d00000| Untracked 
|  78|0x0000000084e00000, 0x0000000084e00000, 0x0000000084f00000|  0%| F|  |TAMS 0x0000000084e00000, 0x0000000084e00000| Untracked 
|  79|0x0000000084f00000, 0x0000000084f00000, 0x0000000085000000|  0%| F|  |TAMS 0x0000000084f00000, 0x0000000084f00000| Untracked 
|  80|0x0000000085000000, 0x0000000085000000, 0x0000000085100000|  0%| F|  |TAMS 0x0000000085000000, 0x0000000085000000| Untracked 
|  81|0x0000000085100000, 0x0000000085100000, 0x0000000085200000|  0%| F|  |TAMS 0x0000000085100000, 0x0000000085100000| Untracked 
|  82|0x0000000085200000, 0x0000000085200000, 0x0000000085300000|  0%| F|  |TAMS 0x0000000085200000, 0x0000000085200000| Untracked 
|  83|0x0000000085300000, 0x0000000085300000, 0x0000000085400000|  0%| F|  |TAMS 0x0000000085300000, 0x0000000085300000| Untracked 
|  84|0x0000000085400000, 0x0000000085400000, 0x0000000085500000|  0%| F|  |TAMS 0x0000000085400000, 0x0000000085400000| Untracked 
|  85|0x0000000085500000, 0x0000000085500000, 0x0000000085600000|  0%| F|  |TAMS 0x0000000085500000, 0x0000000085500000| Untracked 
|  86|0x0000000085600000, 0x0000000085600000, 0x0000000085700000|  0%| F|  |TAMS 0x0000000085600000, 0x0000000085600000| Untracked 
|  87|0x0000000085700000, 0x0000000085700000, 0x0000000085800000|  0%| F|  |TAMS 0x0000000085700000, 0x0000000085700000| Untracked 
|  88|0x0000000085800000, 0x0000000085800000, 0x0000000085900000|  0%| F|  |TAMS 0x0000000085800000, 0x0000000085800000| Untracked 
|  89|0x0000000085900000, 0x0000000085900000, 0x0000000085a00000|  0%| F|  |TAMS 0x0000000085900000, 0x0000000085900000| Untracked 
|  90|0x0000000085a00000, 0x0000000085b00000, 0x0000000085b00000|100%| E|  |TAMS 0x0000000085a00000, 0x0000000085a00000| Complete 
|  91|0x0000000085b00000, 0x0000000085c00000, 0x0000000085c00000|100%| E|CS|TAMS 0x0000000085b00000, 0x0000000085b00000| Complete 
|  92|0x0000000085c00000, 0x0000000085d00000, 0x0000000085d00000|100%| E|CS|TAMS 0x0000000085c00000, 0x0000000085c00000| Complete 
|  93|0x0000000085d00000, 0x0000000085e00000, 0x0000000085e00000|100%| E|CS|TAMS 0x0000000085d00000, 0x0000000085d00000| Complete 
|  94|0x0000000085e00000, 0x0000000085f00000, 0x0000000085f00000|100%| E|CS|TAMS 0x0000000085e00000, 0x0000000085e00000| Complete 
|  95|0x0000000085f00000, 0x0000000086000000, 0x0000000086000000|100%| E|CS|TAMS 0x0000000085f00000, 0x0000000085f00000| Complete 
|  96|0x0000000086000000, 0x0000000086100000, 0x0000000086100000|100%| E|CS|TAMS 0x0000000086000000, 0x0000000086000000| Complete 
|  97|0x0000000086100000, 0x0000000086200000, 0x0000000086200000|100%| E|CS|TAMS 0x0000000086100000, 0x0000000086100000| Complete 
|  98|0x0000000086200000, 0x0000000086300000, 0x0000000086300000|100%| E|CS|TAMS 0x0000000086200000, 0x0000000086200000| Complete 
|  99|0x0000000086300000, 0x0000000086400000, 0x0000000086400000|100%| E|CS|TAMS 0x0000000086300000, 0x0000000086300000| Complete 
| 100|0x0000000086400000, 0x0000000086500000, 0x0000000086500000|100%| E|CS|TAMS 0x0000000086400000, 0x0000000086400000| Complete 
| 101|0x0000000086500000, 0x0000000086600000, 0x0000000086600000|100%| E|CS|TAMS 0x0000000086500000, 0x0000000086500000| Complete 
| 102|0x0000000086600000, 0x0000000086700000, 0x0000000086700000|100%| E|CS|TAMS 0x0000000086600000, 0x0000000086600000| Complete 
| 103|0x0000000086700000, 0x0000000086800000, 0x0000000086800000|100%| E|CS|TAMS 0x0000000086700000, 0x0000000086700000| Complete 
| 104|0x0000000086800000, 0x0000000086900000, 0x0000000086900000|100%| E|CS|TAMS 0x0000000086800000, 0x0000000086800000| Complete 
| 105|0x0000000086900000, 0x0000000086a00000, 0x0000000086a00000|100%| E|CS|TAMS 0x0000000086900000, 0x0000000086900000| Complete 
| 106|0x0000000086a00000, 0x0000000086b00000, 0x0000000086b00000|100%| E|CS|TAMS 0x0000000086a00000, 0x0000000086a00000| Complete 
| 107|0x0000000086b00000, 0x0000000086c00000, 0x0000000086c00000|100%| E|CS|TAMS 0x0000000086b00000, 0x0000000086b00000| Complete 
| 108|0x0000000086c00000, 0x0000000086d00000, 0x0000000086d00000|100%| E|CS|TAMS 0x0000000086c00000, 0x0000000086c00000| Complete 
| 109|0x0000000086d00000, 0x0000000086e00000, 0x0000000086e00000|100%| E|CS|TAMS 0x0000000086d00000, 0x0000000086d00000| Complete 
| 110|0x0000000086e00000, 0x0000000086f00000, 0x0000000086f00000|100%| E|CS|TAMS 0x0000000086e00000, 0x0000000086e00000| Complete 
| 111|0x0000000086f00000, 0x0000000087000000, 0x0000000087000000|100%| E|CS|TAMS 0x0000000086f00000, 0x0000000086f00000| Complete 
| 112|0x0000000087000000, 0x0000000087100000, 0x0000000087100000|100%| E|CS|TAMS 0x0000000087000000, 0x0000000087000000| Complete 
| 113|0x0000000087100000, 0x0000000087200000, 0x0000000087200000|100%| E|CS|TAMS 0x0000000087100000, 0x0000000087100000| Complete 
| 114|0x0000000087200000, 0x0000000087300000, 0x0000000087300000|100%| E|CS|TAMS 0x0000000087200000, 0x0000000087200000| Complete 
| 115|0x0000000087300000, 0x0000000087400000, 0x0000000087400000|100%| E|CS|TAMS 0x0000000087300000, 0x0000000087300000| Complete 
| 116|0x0000000087400000, 0x0000000087500000, 0x0000000087500000|100%| E|CS|TAMS 0x0000000087400000, 0x0000000087400000| Complete 
| 117|0x0000000087500000, 0x0000000087600000, 0x0000000087600000|100%| E|CS|TAMS 0x0000000087500000, 0x0000000087500000| Complete 
| 118|0x0000000087600000, 0x0000000087700000, 0x0000000087700000|100%| E|CS|TAMS 0x0000000087600000, 0x0000000087600000| Complete 
| 119|0x0000000087700000, 0x0000000087800000, 0x0000000087800000|100%| E|CS|TAMS 0x0000000087700000, 0x0000000087700000| Complete 
| 120|0x0000000087800000, 0x0000000087900000, 0x0000000087900000|100%| E|CS|TAMS 0x0000000087800000, 0x0000000087800000| Complete 
| 121|0x0000000087900000, 0x0000000087a00000, 0x0000000087a00000|100%| E|CS|TAMS 0x0000000087900000, 0x0000000087900000| Complete 
| 122|0x0000000087a00000, 0x0000000087b00000, 0x0000000087b00000|100%| E|CS|TAMS 0x0000000087a00000, 0x0000000087a00000| Complete 
| 123|0x0000000087b00000, 0x0000000087c00000, 0x0000000087c00000|100%| E|CS|TAMS 0x0000000087b00000, 0x0000000087b00000| Complete 
| 124|0x0000000087c00000, 0x0000000087d00000, 0x0000000087d00000|100%| E|CS|TAMS 0x0000000087c00000, 0x0000000087c00000| Complete 
| 125|0x0000000087d00000, 0x0000000087d57738, 0x0000000087e00000| 34%| S|CS|TAMS 0x0000000087d00000, 0x0000000087d00000| Complete 
| 126|0x0000000087e00000, 0x0000000087f00000, 0x0000000087f00000|100%| E|CS|TAMS 0x0000000087e00000, 0x0000000087e00000| Complete 
| 127|0x0000000087f00000, 0x0000000088000000, 0x0000000088000000|100%| E|CS|TAMS 0x0000000087f00000, 0x0000000087f00000| Complete 

Card table byte_map: [0x0000021017080000,0x0000021017480000] _byte_map_base: 0x0000021016c80000

Marking Bits (Prev, Next): (CMBitMap*) 0x000002100425abe0, (CMBitMap*) 0x000002100425aba0
 Prev Bits: [0x0000021019880000, 0x000002101b880000)
 Next Bits: [0x0000021017880000, 0x0000021019880000)

Polling page: 0x0000021002150000

Metaspace:

Usage:
  Non-class:     22.08 MB used.
      Class:      2.59 MB used.
       Both:     24.67 MB used.

Virtual space:
  Non-class space:       64.00 MB reserved,      22.19 MB ( 35%) committed,  1 nodes.
      Class space:        1.00 GB reserved,       2.81 MB ( <1%) committed,  1 nodes.
             Both:        1.06 GB reserved,      25.00 MB (  2%) committed. 

Chunk freelists:
   Non-Class:  9.63 MB
       Class:  13.06 MB
        Both:  22.69 MB

MaxMetaspaceSize: unlimited
CompressedClassSpaceSize: 1.00 GB
Initial GC threshold: 21.00 MB
Current GC threshold: 35.31 MB
CDS: off
MetaspaceReclaimPolicy: balanced
 - commit_granule_bytes: 65536.
 - commit_granule_words: 8192.
 - virtual_space_node_default_size: 8388608.
 - enlarge_chunks_in_place: 1.
 - new_chunks_are_fully_committed: 0.
 - uncommit_free_chunks: 1.
 - use_allocation_guard: 0.
 - handle_deallocations: 1.


Internal statistics:

num_allocs_failed_limit: 3.
num_arena_births: 406.
num_arena_deaths: 0.
num_vsnodes_births: 2.
num_vsnodes_deaths: 0.
num_space_committed: 400.
num_space_uncommitted: 0.
num_chunks_returned_to_freelist: 3.
num_chunks_taken_from_freelist: 871.
num_chunk_merges: 0.
num_chunk_splits: 495.
num_chunks_enlarged: 226.
num_inconsistent_stats: 0.

CodeHeap 'non-profiled nmethods': size=120000Kb used=1055Kb max_used=1055Kb free=118944Kb
 bounds [0x000002100f420000, 0x000002100f690000, 0x0000021016950000]
CodeHeap 'profiled nmethods': size=120000Kb used=5890Kb max_used=5890Kb free=114109Kb
 bounds [0x0000021007950000, 0x0000021007f20000, 0x000002100ee80000]
CodeHeap 'non-nmethods': size=5760Kb used=1245Kb max_used=1298Kb free=4514Kb
 bounds [0x000002100ee80000, 0x000002100f0f0000, 0x000002100f420000]
 total_blobs=3450 nmethods=2898 adapters=464
 compilation: enabled
              stopped_count=0, restarted_count=0
 full_count=0

Compilation events (20 events):
Event: 675.767 Thread 0x000002101e4bba20 2896       1       com.intellij.database.remote.jdba.jdbc.JdbcIntermediateCursor::isOpened (5 bytes)
Event: 675.767 Thread 0x000002101e4bba20 nmethod 2896 0x000002100f527b10 code [0x000002100f527ca0, 0x000002100f527d78]
Event: 675.773 Thread 0x000002101e4bba20 2897       3       java.util.concurrent.ConcurrentHashMap$BaseIterator::<init> (21 bytes)
Event: 675.773 Thread 0x000002101e4bba20 nmethod 2897 0x0000021007f0d890 code [0x0000021007f0da40, 0x0000021007f0dc18]
Event: 675.773 Thread 0x000002101e4bba20 2898       3       java.util.concurrent.ConcurrentHashMap$Traverser::<init> (36 bytes)
Event: 675.773 Thread 0x000002101e4bba20 nmethod 2898 0x0000021007f0dd10 code [0x0000021007f0dea0, 0x0000021007f0e098]
Event: 675.773 Thread 0x000002101e4bba20 2899       3       java.util.Vector$1::hasMoreElements (20 bytes)
Event: 675.774 Thread 0x000002101e4bba20 nmethod 2899 0x0000021007f0e190 code [0x0000021007f0e320, 0x0000021007f0e498]
Event: 675.774 Thread 0x000002101e4bba20 2900  s    3       java.util.Vector::isEmpty (13 bytes)
Event: 675.774 Thread 0x000002101e4bba20 nmethod 2900 0x0000021007f0e590 code [0x0000021007f0e720, 0x0000021007f0e938]
Event: 675.774 Thread 0x000002101e4bba20 2901  s    3       sun.rmi.transport.Target::unpinImpl (25 bytes)
Event: 675.775 Thread 0x000002101e4bba20 nmethod 2901 0x0000021007f0ea10 code [0x0000021007f0ebe0, 0x0000021007f0f008]
Event: 675.775 Thread 0x000002101e4bba20 2902       3       java.util.concurrent.ConcurrentHashMap$CollectionView::<init> (10 bytes)
Event: 675.775 Thread 0x000002101e4bba20 nmethod 2902 0x0000021007f0f190 code [0x0000021007f0f320, 0x0000021007f0f4d8]
Event: 675.775 Thread 0x000002101e4bba20 2903       3       java.util.concurrent.ConcurrentHashMap::keySet (26 bytes)
Event: 675.775 Thread 0x000002101e4bba20 nmethod 2903 0x0000021007f0f590 code [0x0000021007f0f740, 0x0000021007f0fad8]
Event: 675.776 Thread 0x000002101e4bba20 2904       3       java.rmi.server.UnicastRemoteObject::unexportObject (6 bytes)
Event: 675.776 Thread 0x000002101e4bba20 nmethod 2904 0x0000021007f0fc10 code [0x0000021007f0fda0, 0x0000021007f0fea8]
Event: 675.776 Thread 0x000002101e4bba20 2905   !   3       sun.rmi.transport.ObjectTable::unexportObject (52 bytes)
Event: 675.776 Thread 0x000002101e4bba20 nmethod 2905 0x0000021007f0ff90 code [0x0000021007f10180, 0x0000021007f105b8]

GC Heap History (4 events):
Event: 1.185 GC heap before
{Heap before GC invocations=0 (full 0):
 garbage-first heap   total 131072K, used 25600K [0x0000000080000000, 0x0000000100000000)
  region size 1024K, 23 young (23552K), 0 survivors (0K)
 Metaspace       used 19457K, committed 19712K, reserved 1114112K
  class space    used 2069K, committed 2240K, reserved 1048576K
}
Event: 1.189 GC heap after
{Heap after GC invocations=1 (full 0):
 garbage-first heap   total 131072K, used 8608K [0x0000000080000000, 0x0000000100000000)
  region size 1024K, 3 young (3072K), 3 survivors (3072K)
 Metaspace       used 19457K, committed 19712K, reserved 1114112K
  class space    used 2069K, committed 2240K, reserved 1048576K
}
Event: 1.284 GC heap before
{Heap before GC invocations=1 (full 0):
 garbage-first heap   total 131072K, used 9632K [0x0000000080000000, 0x0000000100000000)
  region size 1024K, 5 young (5120K), 3 survivors (3072K)
 Metaspace       used 21250K, committed 21504K, reserved 1114112K
  class space    used 2299K, committed 2432K, reserved 1048576K
}
Event: 1.286 GC heap after
{Heap after GC invocations=2 (full 0):
 garbage-first heap   total 131072K, used 9102K [0x0000000080000000, 0x0000000100000000)
  region size 1024K, 1 young (1024K), 1 survivors (1024K)
 Metaspace       used 21250K, committed 21504K, reserved 1114112K
  class space    used 2299K, committed 2432K, reserved 1048576K
}

Dll operation events (1 events):
Event: 0.006 Loaded shared library C:\Program Files\JetBrains\IntelliJ IDEA 2023.3.6\jbr\bin\java.dll

Deoptimization events (20 events):
Event: 610.247 Thread 0x00000210231e7de0 DEOPT PACKING pc=0x0000021007e1e8d6 sp=0x000000769b2fdac0
Event: 610.247 Thread 0x00000210231e7de0 DEOPT UNPACKING pc=0x000002100eed7143 sp=0x000000769b2fcf48 mode 0
Event: 675.581 Thread 0x00000210231e7de0 DEOPT PACKING pc=0x0000021007e1e8d6 sp=0x000000769b2fe360
Event: 675.581 Thread 0x00000210231e7de0 DEOPT UNPACKING pc=0x000002100eed7143 sp=0x000000769b2fd7e8 mode 0
Event: 675.647 Thread 0x00000210231e7de0 DEOPT PACKING pc=0x0000021007cdc8ba sp=0x000000769b2fd730
Event: 675.647 Thread 0x00000210231e7de0 DEOPT UNPACKING pc=0x000002100eed7143 sp=0x000000769b2fcbf0 mode 0
Event: 675.717 Thread 0x00000210231e7de0 Uncommon trap: trap_request=0xffffff45 fr.pc=0x000002100f519964 relative=0x00000000000001c4
Event: 675.717 Thread 0x00000210231e7de0 Uncommon trap: reason=unstable_if action=reinterpret pc=0x000002100f519964 method=com.sun.crypto.provider.CounterMode.increment([B)V @ 18 c2
Event: 675.717 Thread 0x00000210231e7de0 DEOPT PACKING pc=0x000002100f519964 sp=0x000000769b2fd740
Event: 675.717 Thread 0x00000210231e7de0 DEOPT UNPACKING pc=0x000002100eed69a3 sp=0x000000769b2fd690 mode 2
Event: 675.717 Thread 0x00000210231e7de0 Uncommon trap: trap_request=0xffffff45 fr.pc=0x000002100f510c80 relative=0x0000000000000260
Event: 675.717 Thread 0x00000210231e7de0 Uncommon trap: reason=unstable_if action=reinterpret pc=0x000002100f510c80 method=com.sun.crypto.provider.CounterMode.increment([B)V @ 18 c2
Event: 675.717 Thread 0x00000210231e7de0 DEOPT PACKING pc=0x000002100f510c80 sp=0x000000769b2fd740
Event: 675.717 Thread 0x00000210231e7de0 DEOPT UNPACKING pc=0x000002100eed69a3 sp=0x000000769b2fd690 mode 2
Event: 675.721 Thread 0x00000210231e7de0 DEOPT PACKING pc=0x0000021007e1e8d6 sp=0x000000769b2fe1a0
Event: 675.721 Thread 0x00000210231e7de0 DEOPT UNPACKING pc=0x000002100eed7143 sp=0x000000769b2fd628 mode 0
Event: 675.726 Thread 0x00000210231e7de0 Uncommon trap: trap_request=0xffffff45 fr.pc=0x000002100f4f0310 relative=0x00000000000003d0
Event: 675.726 Thread 0x00000210231e7de0 Uncommon trap: reason=unstable_if action=reinterpret pc=0x000002100f4f0310 method=java.io.BufferedOutputStream.write([BII)V @ 35 c2
Event: 675.726 Thread 0x00000210231e7de0 DEOPT PACKING pc=0x000002100f4f0310 sp=0x000000769b2fe520
Event: 675.726 Thread 0x00000210231e7de0 DEOPT UNPACKING pc=0x000002100eed69a3 sp=0x000000769b2fe468 mode 2

Classes unloaded (0 events):
No events

Classes redefined (0 events):
No events

Internal exceptions (20 events):
Event: 0.838 Thread 0x00000210231e82f0 Exception <a 'java/lang/NoSuchMethodError'{0x00000000876f6830}: 'java.lang.Object java.lang.invoke.DirectMethodHandle$Holder.newInvokeSpecial(java.lang.Object, java.lang.Object, int, java.lang.Object, long)'> (0x00000000876f6830) 
thrown [s\src\hotspot\share\interpreter\linkResolver.cpp, line 771]
Event: 0.904 Thread 0x00000210231e7de0 Exception <a 'java/lang/NoSuchMethodError'{0x00000000873c58b0}: 'java.lang.Object java.lang.invoke.DirectMethodHandle$Holder.invokeInterface(java.lang.Object, java.lang.Object)'> (0x00000000873c58b0) 
thrown [s\src\hotspot\share\interpreter\linkResolver.cpp, line 771]
Event: 0.944 Thread 0x00000210231e7de0 Exception <a 'java/lang/NoSuchMethodError'{0x0000000087100098}: 'java.lang.Object java.lang.invoke.DirectMethodHandle$Holder.invokeVirtual(java.lang.Object, java.lang.Object, java.lang.Object)'> (0x0000000087100098) 
thrown [s\src\hotspot\share\interpreter\linkResolver.cpp, line 771]
Event: 1.110 Thread 0x00000210231e7de0 Exception <a 'sun/nio/fs/WindowsException'{0x0000000086a8cab0}> (0x0000000086a8cab0) 
thrown [s\src\hotspot\share\prims\jni.cpp, line 531]
Event: 1.127 Thread 0x00000210231e7de0 Exception <a 'java/lang/NoSuchMethodError'{0x0000000086ab0ce8}: 'int java.lang.invoke.DirectMethodHandle$Holder.invokeStaticInit(java.lang.Object, java.lang.Object, java.lang.Object, java.lang.Object)'> (0x0000000086ab0ce8) 
thrown [s\src\hotspot\share\interpreter\linkResolver.cpp, line 771]
Event: 1.128 Thread 0x00000210231e7de0 Exception <a 'java/lang/IncompatibleClassChangeError'{0x0000000086aba138}: Found class java.lang.Object, but interface was expected> (0x0000000086aba138) 
thrown [s\src\hotspot\share\interpreter\linkResolver.cpp, line 838]
Event: 1.128 Thread 0x00000210231e7de0 Exception <a 'java/lang/NoSuchMethodError'{0x0000000086ac0620}: 'int java.lang.invoke.DirectMethodHandle$Holder.invokeStaticInit(java.lang.Object, java.lang.Object)'> (0x0000000086ac0620) 
thrown [s\src\hotspot\share\interpreter\linkResolver.cpp, line 771]
Event: 1.374 Thread 0x00000210231e7de0 Exception <a 'java/lang/NoSuchMethodError'{0x0000000087b0a228}: 'java.lang.Object java.lang.invoke.DirectMethodHandle$Holder.newInvokeSpecial(java.lang.Object, java.lang.Object, int)'> (0x0000000087b0a228) 
thrown [s\src\hotspot\share\interpreter\linkResolver.cpp, line 771]
Event: 1.877 Thread 0x00000210231e7de0 Exception <a 'java/lang/NoSuchMethodError'{0x00000000875ee668}: static Lcom/intellij/database/remote/jdba/core/ConnectionInfo;.<clinit>()V> (0x00000000875ee668) 
thrown [s\src\hotspot\share\prims\jni.cpp, line 1122]
Event: 1.878 Thread 0x00000210231e7de0 Exception <a 'java/lang/NoSuchMethodError'{0x00000000875f8a50}: static Ljava/lang/Object;.<clinit>()V> (0x00000000875f8a50) 
thrown [s\src\hotspot\share\prims\jni.cpp, line 1122]
Event: 1.878 Thread 0x00000210231e7de0 Exception <a 'java/lang/NoSuchMethodError'{0x00000000875fc5a0}: static [I.<clinit>()V> (0x00000000875fc5a0) 
thrown [s\src\hotspot\share\prims\jni.cpp, line 1122]
Event: 1.947 Thread 0x00000210231e7de0 Exception <a 'java/lang/NoSuchMethodError'{0x0000000087318950}: static Lcom/intellij/database/remote/jdba/core/ResultLayout;.<clinit>()V> (0x0000000087318950) 
thrown [s\src\hotspot\share\prims\jni.cpp, line 1122]
Event: 1.948 Thread 0x00000210231e7de0 Exception <a 'java/lang/NoSuchMethodError'{0x0000000087325298}: static Lcom/intellij/database/remote/jdba/core/RowLayout;.<clinit>()V> (0x0000000087325298) 
thrown [s\src\hotspot\share\prims\jni.cpp, line 1122]
Event: 1.949 Thread 0x00000210231e7de0 Exception <a 'java/lang/NoSuchMethodError'{0x0000000087330098}: static Lcom/intellij/database/remote/jdba/util/NameAndClass;.<clinit>()V> (0x0000000087330098) 
thrown [s\src\hotspot\share\prims\jni.cpp, line 1122]
Event: 1.998 Thread 0x00000210231e7de0 Exception <a 'java/lang/NoSuchMethodError'{0x0000000087265220}: static [Ljava/lang/String;.<clinit>()V> (0x0000000087265220) 
thrown [s\src\hotspot\share\prims\jni.cpp, line 1122]
Event: 2.059 Thread 0x00000210231e7de0 Exception <a 'java/lang/NoSuchMethodError'{0x0000000087111478}: static [Ljava/lang/Object;.<clinit>()V> (0x0000000087111478) 
thrown [s\src\hotspot\share\prims\jni.cpp, line 1122]
Event: 2.235 Thread 0x00000210231e7de0 Exception <a 'java/io/IOException'{0x0000000086ed9ce8}> (0x0000000086ed9ce8) 
thrown [s\src\hotspot\share\prims\jni.cpp, line 531]
Event: 2.236 Thread 0x00000210231e7de0 Exception <a 'java/lang/NoSuchMethodError'{0x0000000086edcba0}: 'void java.lang.invoke.DirectMethodHandle$Holder.invokeInterface(java.lang.Object, java.lang.Object)'> (0x0000000086edcba0) 
thrown [s\src\hotspot\share\interpreter\linkResolver.cpp, line 771]
Event: 300.835 Thread 0x00000210231e82f0 Implicit null exception at 0x000002100f4f3060 to 0x000002100f4f3118
Event: 610.297 Thread 0x00000210231e7de0 Exception <a 'java/lang/NoSuchMethodError'{0x0000000086824ba8}: static Lcom/intellij/database/remote/jdbc/RemoteResultSet$DataRetrievingOptions;.<clinit>()V> (0x0000000086824ba8) 
thrown [s\src\hotspot\share\prims\jni.cpp, line 1122]

VM Operations (20 events):
Event: 300.901 Executing VM operation: Cleanup
Event: 300.901 Executing VM operation: Cleanup done
Event: 569.060 Executing VM operation: Cleanup
Event: 569.060 Executing VM operation: Cleanup done
Event: 610.361 Executing VM operation: Cleanup
Event: 610.361 Executing VM operation: Cleanup done
Event: 613.362 Executing VM operation: Cleanup
Event: 613.362 Executing VM operation: Cleanup done
Event: 616.362 Executing VM operation: Cleanup
Event: 616.362 Executing VM operation: Cleanup done
Event: 619.363 Executing VM operation: Cleanup
Event: 619.363 Executing VM operation: Cleanup done
Event: 621.364 Executing VM operation: Cleanup
Event: 621.364 Executing VM operation: Cleanup done
Event: 622.364 Executing VM operation: Cleanup
Event: 622.364 Executing VM operation: Cleanup done
Event: 655.376 Executing VM operation: Cleanup
Event: 655.376 Executing VM operation: Cleanup done
Event: 660.973 Executing VM operation: HandshakeAllThreads
Event: 660.974 Executing VM operation: HandshakeAllThreads done

Events (20 events):
Event: 654.777 Thread 0x0000021023322db0 Thread added: 0x0000021023322db0
Event: 654.777 Thread 0x0000021023324700 Thread added: 0x0000021023324700
Event: 654.777 Thread 0x0000021023321970 Thread added: 0x0000021023321970
Event: 654.778 Thread 0x0000021023322390 Thread added: 0x0000021023322390
Event: 654.778 Thread 0x0000021023326560 Thread added: 0x0000021023326560
Event: 654.778 Thread 0x0000021023324700 Thread exited: 0x0000021023324700
Event: 654.778 Thread 0x00000210231e69a0 Thread exited: 0x00000210231e69a0
Event: 654.778 Thread 0x00000210231e5050 Thread exited: 0x00000210231e5050
Event: 654.778 Thread 0x0000021023321970 Thread exited: 0x0000021023321970
Event: 654.778 Thread 0x00000210231e78d0 Thread exited: 0x00000210231e78d0
Event: 654.778 Thread 0x0000021023322390 Thread exited: 0x0000021023322390
Event: 654.778 Thread 0x0000021023320f50 Thread added: 0x0000021023320f50
Event: 654.778 Thread 0x0000021023326560 Thread exited: 0x0000021023326560
Event: 654.778 Thread 0x00000210231e5f80 Thread exited: 0x00000210231e5f80
Event: 654.778 Thread 0x0000021023322db0 Thread exited: 0x0000021023322db0
Event: 654.778 Thread 0x0000021023324c10 Thread exited: 0x0000021023324c10
Event: 654.778 Thread 0x0000021023321e80 Thread exited: 0x0000021023321e80
Event: 654.778 Thread 0x0000021023323ce0 Thread exited: 0x0000021023323ce0
Event: 654.778 Thread 0x0000021023326050 Thread exited: 0x0000021023326050
Event: 654.778 Thread 0x0000021023320f50 Thread exited: 0x0000021023320f50


Dynamic libraries:
0x00007ff6464d0000 - 0x00007ff6464da000 	C:\Program Files\JetBrains\IntelliJ IDEA 2023.3.6\jbr\bin\java.exe
0x00007ff8c7e30000 - 0x00007ff8c8047000 	C:\WINDOWS\SYSTEM32\ntdll.dll
0x00007ff8c6b80000 - 0x00007ff8c6c44000 	C:\WINDOWS\System32\KERNEL32.DLL
0x00007ff8c5570000 - 0x00007ff8c5916000 	C:\WINDOWS\System32\KERNELBASE.dll
0x00007ff8c5170000 - 0x00007ff8c5281000 	C:\WINDOWS\System32\ucrtbase.dll
0x00007ff8bd210000 - 0x00007ff8bd227000 	C:\Program Files\JetBrains\IntelliJ IDEA 2023.3.6\jbr\bin\jli.dll
0x00007ff84aba0000 - 0x00007ff84abbb000 	C:\Program Files\JetBrains\IntelliJ IDEA 2023.3.6\jbr\bin\VCRUNTIME140.dll
0x00007ff8c7730000 - 0x00007ff8c78de000 	C:\WINDOWS\System32\USER32.dll
0x00007ff8c5920000 - 0x00007ff8c5946000 	C:\WINDOWS\System32\win32u.dll
0x00007ff8c6ea0000 - 0x00007ff8c6ec9000 	C:\WINDOWS\System32\GDI32.dll
0x00007ff8c3cf0000 - 0x00007ff8c3f83000 	C:\WINDOWS\WinSxS\amd64_microsoft.windows.common-controls_6595b64144ccf1df_6.0.22621.2506_none_270c5ae97388e100\COMCTL32.dll
0x00007ff8c5450000 - 0x00007ff8c5568000 	C:\WINDOWS\System32\gdi32full.dll
0x00007ff8c78e0000 - 0x00007ff8c7987000 	C:\WINDOWS\System32\msvcrt.dll
0x00007ff8c5300000 - 0x00007ff8c539a000 	C:\WINDOWS\System32\msvcp_win.dll
0x00007ff8c5b80000 - 0x00007ff8c5bb1000 	C:\WINDOWS\System32\IMM32.DLL
0x000000005b430000 - 0x000000005b43c000 	C:\Program Files (x86)\360\Total Security\safemon\SafeWrapper.dll
0x00007ff8c6ed0000 - 0x00007ff8c6f83000 	C:\WINDOWS\System32\ADVAPI32.dll
0x00007ff8c7990000 - 0x00007ff8c7a38000 	C:\WINDOWS\System32\sechost.dll
0x00007ff8c5420000 - 0x00007ff8c5448000 	C:\WINDOWS\System32\bcrypt.dll
0x00007ff8c6d30000 - 0x00007ff8c6e47000 	C:\WINDOWS\System32\RPCRT4.dll
0x00007ff8bd4b0000 - 0x00007ff8bd542000 	C:\Program Files (x86)\360\Total Security\safemon\libzdtp64.dll
0x00007ff8c5f80000 - 0x00007ff8c67db000 	C:\WINDOWS\System32\SHELL32.dll
0x00007ff8c6c50000 - 0x00007ff8c6cae000 	C:\WINDOWS\System32\SHLWAPI.dll
0x00007ff8c4bf0000 - 0x00007ff8c4bfa000 	C:\WINDOWS\SYSTEM32\VERSION.dll
0x00007ff8b6960000 - 0x00007ff8b696c000 	C:\Program Files\JetBrains\IntelliJ IDEA 2023.3.6\jbr\bin\vcruntime140_1.dll
0x00007ff843470000 - 0x00007ff8434fd000 	C:\Program Files\JetBrains\IntelliJ IDEA 2023.3.6\jbr\bin\msvcp140.dll
0x00007ff887ba0000 - 0x00007ff888822000 	C:\Program Files\JetBrains\IntelliJ IDEA 2023.3.6\jbr\bin\server\jvm.dll
0x00007ff8c4aa0000 - 0x00007ff8c4aed000 	C:\WINDOWS\SYSTEM32\POWRPROF.dll
0x00007ff8c3270000 - 0x00007ff8c32a4000 	C:\WINDOWS\SYSTEM32\WINMM.dll
0x00007ff8c1d40000 - 0x00007ff8c1d49000 	C:\WINDOWS\SYSTEM32\WSOCK32.dll
0x00007ff8c6cb0000 - 0x00007ff8c6d21000 	C:\WINDOWS\System32\WS2_32.dll
0x00007ff8c4a80000 - 0x00007ff8c4a93000 	C:\WINDOWS\SYSTEM32\UMPDC.dll
0x00007ff8c4140000 - 0x00007ff8c4158000 	C:\WINDOWS\SYSTEM32\kernel.appcore.dll
0x00007ff8bfee0000 - 0x00007ff8bfeea000 	C:\Program Files\JetBrains\IntelliJ IDEA 2023.3.6\jbr\bin\jimage.dll
0x00007ff8c27b0000 - 0x00007ff8c29e3000 	C:\WINDOWS\SYSTEM32\DBGHELP.DLL
0x00007ff8c67f0000 - 0x00007ff8c6b79000 	C:\WINDOWS\System32\combase.dll
0x00007ff8c7a40000 - 0x00007ff8c7b17000 	C:\WINDOWS\System32\OLEAUT32.dll
0x00007ff8b0e40000 - 0x00007ff8b0e72000 	C:\WINDOWS\SYSTEM32\dbgcore.DLL
0x00007ff8c53a0000 - 0x00007ff8c541a000 	C:\WINDOWS\System32\bcryptPrimitives.dll
0x00007ff8bd170000 - 0x00007ff8bd195000 	C:\Program Files\JetBrains\IntelliJ IDEA 2023.3.6\jbr\bin\java.dll
0x00007ff8b3220000 - 0x00007ff8b3238000 	C:\Program Files\JetBrains\IntelliJ IDEA 2023.3.6\jbr\bin\zip.dll
0x00007ff8c33f0000 - 0x00007ff8c3ce6000 	C:\WINDOWS\SYSTEM32\windows.storage.dll
0x00007ff8c32b0000 - 0x00007ff8c33ee000 	C:\WINDOWS\SYSTEM32\wintypes.dll
0x00007ff8c6f90000 - 0x00007ff8c7083000 	C:\WINDOWS\System32\SHCORE.dll
0x00007ff8c50a0000 - 0x00007ff8c50c6000 	C:\WINDOWS\SYSTEM32\profapi.dll
0x00007ff8b3200000 - 0x00007ff8b3219000 	C:\Program Files\JetBrains\IntelliJ IDEA 2023.3.6\jbr\bin\net.dll
0x00007ff8bd900000 - 0x00007ff8bda37000 	C:\WINDOWS\SYSTEM32\WINHTTP.dll
0x00007ff8c45c0000 - 0x00007ff8c4629000 	C:\WINDOWS\system32\mswsock.dll
0x00007ff8b31e0000 - 0x00007ff8b31f6000 	C:\Program Files\JetBrains\IntelliJ IDEA 2023.3.6\jbr\bin\nio.dll
0x00007ff8c2ea0000 - 0x00007ff8c2ecd000 	C:\WINDOWS\SYSTEM32\IPHLPAPI.DLL
0x00007ff8c5bc0000 - 0x00007ff8c5bc9000 	C:\WINDOWS\System32\NSI.dll
0x00007ff8be8f0000 - 0x00007ff8be909000 	C:\WINDOWS\SYSTEM32\dhcpcsvc6.DLL
0x00007ff8bd710000 - 0x00007ff8bd72f000 	C:\WINDOWS\SYSTEM32\dhcpcsvc.DLL
0x00007ff8c2f10000 - 0x00007ff8c3009000 	C:\WINDOWS\SYSTEM32\DNSAPI.dll
0x00007ff8c4810000 - 0x00007ff8c482b000 	C:\WINDOWS\SYSTEM32\CRYPTSP.dll
0x000000005c8b0000 - 0x000000005c8c9000 	C:\Program Files\Common Files\Crypto Pro\AppCompat\cpadvai.dll
0x00007ff8c40a0000 - 0x00007ff8c40d5000 	C:\WINDOWS\system32\rsaenh.dll
0x00007ff8c46b0000 - 0x00007ff8c46dc000 	C:\WINDOWS\SYSTEM32\USERENV.dll
0x00007ff8c4830000 - 0x00007ff8c483c000 	C:\WINDOWS\SYSTEM32\CRYPTBASE.dll
0x00007ff8b2440000 - 0x00007ff8b2449000 	C:\Program Files\JetBrains\IntelliJ IDEA 2023.3.6\jbr\bin\extnet.dll
0x00007ff8b6920000 - 0x00007ff8b6927000 	C:\Program Files\JetBrains\IntelliJ IDEA 2023.3.6\jbr\bin\rmi.dll
0x00007ff8b5180000 - 0x00007ff8b518a000 	C:\Windows\System32\rasadhlp.dll
0x00007ff8bc930000 - 0x00007ff8bc9b3000 	C:\WINDOWS\System32\fwpuclnt.dll
0x00007ff8b31d0000 - 0x00007ff8b31de000 	C:\Program Files\JetBrains\IntelliJ IDEA 2023.3.6\jbr\bin\sunmscapi.dll
0x00007ff8c5950000 - 0x00007ff8c5ab6000 	C:\WINDOWS\System32\CRYPT32.dll
0x00007ff8c49d0000 - 0x00007ff8c49fe000 	C:\WINDOWS\SYSTEM32\ncrypt.dll
0x000000005c8d0000 - 0x000000005c8f5000 	C:\Program Files\Common Files\Crypto Pro\AppCompat\cpcrypt.dll
0x00007ff8c7de0000 - 0x00007ff8c7de8000 	C:\WINDOWS\System32\PSAPI.DLL
0x00007ff8c4990000 - 0x00007ff8c49c7000 	C:\WINDOWS\SYSTEM32\NTASN1.dll

dbghelp: loaded successfully - version: 4.0.5 - missing functions: none
symbol engine: initialized successfully - sym options: 0x614 - pdb path: .;C:\Program Files\JetBrains\IntelliJ IDEA 2023.3.6\jbr\bin;C:\WINDOWS\SYSTEM32;C:\WINDOWS\WinSxS\amd64_microsoft.windows.common-controls_6595b64144ccf1df_6.0.22621.2506_none_270c5ae97388e100;C:\Program Files (x86)\360\Total Security\safemon;C:\Program Files\JetBrains\IntelliJ IDEA 2023.3.6\jbr\bin\server;C:\Program Files\Common Files\Crypto Pro\AppCompat

VM Arguments:
jvm_args: -Djava.rmi.server.hostname=127.0.0.1 -Duser.timezone=UTC -Xmx2048m -Xms128m -Djdbc.classpath=C:\Program Files\JetBrains\IntelliJ IDEA 2023.3.6\plugins\DatabaseTools\lib\jdbc-console.jar;C:\Users\rainb\AppData\Roaming\JetBrains\IntelliJIdea2024.1\jdbc-drivers\MySQL ConnectorJ\8.2.0\com\mysql\mysql-connector-j\8.2.0\mysql-connector-j-8.2.0.jar;C:\Users\rainb\AppData\Roaming\JetBrains\IntelliJIdea2024.1\jdbc-drivers\MySQL ConnectorJ\8.2.0\com\google\protobuf\protobuf-java\3.21.9\protobuf-java-3.21.9.jar --add-exports=java.desktop/sun.awt=ALL-UNNAMED --add-exports=java.desktop/java.awt.peer=ALL-UNNAMED --add-opens=java.desktop/java.awt=ALL-UNNAMED --add-opens=jdk.unsupported/sun.misc=ALL-UNNAMED --add-opens=java.base/java.nio=ALL-UNNAMED --add-opens=java.base/java.util=ALL-UNNAMED -Dfile.encoding=UTF-8 
java_command: com.intellij.database.remote.RemoteJdbcServer com.mysql.cj.jdbc.Driver
java_class_path (initial): C:\Program Files\JetBrains\IntelliJ IDEA 2023.3.6\lib\util_rt.jar;C:\Program Files\JetBrains\IntelliJ IDEA 2023.3.6\lib\util-8.jar;C:\Program Files\JetBrains\IntelliJ IDEA 2023.3.6\lib\groovy.jar;C:\Program Files\JetBrains\IntelliJ IDEA 2023.3.6\plugins\DatabaseTools\lib\jdbc-console.jar;C:\Program Files\JetBrains\IntelliJ IDEA 2023.3.6\plugins\grid-core-impl\lib\jdbc-console-types.jar;C:\Program Files\JetBrains\IntelliJ IDEA 2023.3.6\lib\util.jar
Launcher Type: SUN_STANDARD

[Global flags]
     intx CICompilerCount                          = 4                                         {product} {ergonomic}
     uint ConcGCThreads                            = 2                                         {product} {ergonomic}
     uint G1ConcRefinementThreads                  = 8                                         {product} {ergonomic}
   size_t G1HeapRegionSize                         = 1048576                                   {product} {ergonomic}
    uintx GCDrainStackTargetSize                   = 64                                        {product} {ergonomic}
   size_t InitialHeapSize                          = 134217728                                 {product} {command line}
   size_t MarkStackSize                            = 4194304                                   {product} {ergonomic}
   size_t MaxHeapSize                              = 2147483648                                {product} {command line}
   size_t MaxNewSize                               = 1287651328                                {product} {ergonomic}
   size_t MinHeapDeltaBytes                        = 1048576                                   {product} {ergonomic}
   size_t MinHeapSize                              = 134217728                                 {product} {command line}
    uintx NonNMethodCodeHeapSize                   = 5839372                                {pd product} {ergonomic}
    uintx NonProfiledCodeHeapSize                  = 122909434                              {pd product} {ergonomic}
    uintx ProfiledCodeHeapSize                     = 122909434                              {pd product} {ergonomic}
    uintx ReservedCodeCacheSize                    = 251658240                              {pd product} {ergonomic}
     bool SegmentedCodeCache                       = true                                      {product} {ergonomic}
   size_t SoftMaxHeapSize                          = 2147483648                             {manageable} {ergonomic}
     bool UseCompressedClassPointers               = true                           {product lp64_product} {ergonomic}
     bool UseCompressedOops                        = true                           {product lp64_product} {ergonomic}
     bool UseG1GC                                  = true                                      {product} {ergonomic}
     bool UseLargePagesIndividualAllocation        = false                                  {pd product} {ergonomic}

Logging:
Log output configuration:
 #0: stdout all=warning uptime,level,tags
 #1: stderr all=off uptime,level,tags

Environment Variables:
JAVA_HOME=C:\Program Files\Java\jdk-20
PATH=C:\Program Files\Common Files\Oracle\Java\javapath;C:\Windows\system32;C:\Windows;C:\Windows\System32\Wbem;C:\Windows\System32\WindowsPowerShell\v1.0\;C:\Windows\System32\OpenSSH\;C:\Program Files (x86)\NVIDIA Corporation\PhysX\Common;C:\Program Files\NVIDIA Corporation\NVIDIA NvDLISR;C:\WINDOWS\system32;C:\WINDOWS;C:\WINDOWS\System32\Wbem;C:\WINDOWS\System32\WindowsPowerShell\v1.0\;C:\WINDOWS\System32\OpenSSH\;C:\Program Files\Go\bin;C:\Program Files\Java\jdk-20\bin;C:\Program Files\Java\jdk-20\bin;C:\Program Files\apache-maven-3.9.6\bin;C:\Program Files\Git\cmd;C:\Program Files\MySQL\MySQL Shell 8.3\bin\;C:\Users\rainb\AppData\Local\Microsoft\WindowsApps;C:\Users\rainb\go\bin;C:\Program Files\JetBrains\IntelliJ IDEA 2023.3.6\bin;;C:\Program Files\JetBrains\IntelliJ IDEA Community Edition 2023.2\bin;;C:\Users\rainb\AppData\Local\GitHubDesktop\bin
USERNAME=rainb
OS=Windows_NT
PROCESSOR_IDENTIFIER=Intel64 Family 6 Model 165 Stepping 2, GenuineIntel
TMP=C:\Users\rainb\AppData\Local\Temp
TEMP=C:\Users\rainb\AppData\Local\Temp



Periodic native trim disabled

JNI global refs:
JNI global refs: 18, weak refs: 0

JNI global refs memory usage: 843, weak refs: 841

OOME stack traces (most recent first):
Classloader memory used:
Loader bootstrap                                                                       : 2415K
Loader com.intellij.database.remote.jdbc.impl.JdbcClassLoader$JdbcClassLoaderImpl      : 343K
Loader jdk.internal.loader.ClassLoaders$AppClassLoader                                 : 272K
Loader jdk.internal.loader.ClassLoaders$PlatformClassLoader                            : 92868B
Loader jdk.internal.reflect.DelegatingClassLoader                                      : 37078B


---------------  S Y S T E M  ---------------

OS:
 Windows 11 , 64 bit Build 22621 (10.0.22621.3085)
OS uptime: 0 days 2:45 hours

CPU: total 8 (initial active 8) (4 cores per cpu, 2 threads per core) family 6 model 165 stepping 2 microcode 0xe0, cx8, cmov, fxsr, ht, mmx, 3dnowpref, sse, sse2, sse3, ssse3, sse4.1, sse4.2, popcnt, lzcnt, tsc, tscinvbit, avx, avx2, aes, erms, clmul, bmi1, bmi2, adx, fma, vzeroupper, clflush, clflushopt
Processor Information for all 8 processors :
  Max Mhz: 2496, Current Mhz: 2496, Mhz Limit: 2496

Memory: 4k page, system-wide physical 12119M (2434M free)
TotalPageFile size 14167M (AvailPageFile size 7M)
current process WorkingSet (physical memory assigned to process): 132M, peak: 132M
current process commit charge ("private bytes"): 250M, peak: 260M

vm_info: OpenJDK 64-Bit Server VM (17.0.10+8-b1207.12) for windows-amd64 JRE (17.0.10+8-b1207.12), built on 2024-03-15 by "builduser" with MS VC++ 16.10 / 16.11 (VS2019)

END.
